{"numFailedTestSuites":11,"numFailedTests":5,"numPassedTestSuites":72,"numPassedTests":394,"numPendingTestSuites":0,"numPendingTests":0,"numRuntimeErrorTestSuites":7,"numTodoTests":0,"numTotalTestSuites":83,"numTotalTests":399,"openHandles":[],"snapshot":{"added":0,"didUpdate":false,"failure":false,"filesAdded":0,"filesRemoved":0,"filesRemovedList":[],"filesUnmatched":0,"filesUpdated":0,"matched":0,"total":0,"unchecked":0,"uncheckedKeysByFile":[],"unmatched":0,"updated":0},"startTime":1774295463141,"success":false,"testResults":[{"assertionResults":[{"ancestorTitles":["NotificationService dynamic notifications toggle"],"duration":18,"failureDetails":[{"matcherResult":{"actual":1,"expected":2,"message":"expect(received).toBe(expected) // Object.is equality\n\nExpected: 2\nReceived: 1","name":"toBe","pass":false}}],"failureMessages":["Error: expect(received).toBe(expected) // Object.is equality\n\nExpected: 2\nReceived: 1\n    at Object.<anonymous> (D:\\Usuarios\\Servidor\\GORInformatica\\Documents\\GitHub\\Projeto-menu-multitenant-seguro\\apps\\backend\\src\\notifications\\notification.dynamic-settings.spec.ts:412:34)"],"fullName":"NotificationService dynamic notifications toggle uses the default setting to create notifications, keeps existing notifications readable, and persists system alerts","invocations":1,"location":null,"numPassingAsserts":3,"retryReasons":[],"status":"failed","title":"uses the default setting to create notifications, keeps existing notifications readable, and persists system alerts"},{"ancestorTitles":["NotificationService dynamic notifications toggle"],"duration":8,"failureDetails":[],"failureMessages":[],"fullName":"NotificationService dynamic notifications toggle applies a database override, suppresses new notifications, and restores the default fallback without affecting existing reads","invocations":1,"location":null,"numPassingAsserts":11,"retryReasons":[],"status":"passed","title":"applies a database override, suppresses new notifications, and restores the default fallback without affecting existing reads"},{"ancestorTitles":["NotificationService dynamic notifications toggle"],"duration":2,"failureDetails":[],"failureMessages":[],"fullName":"NotificationService dynamic notifications toggle falls back to ENV for broadcast when no database override exists","invocations":1,"location":null,"numPassingAsserts":4,"retryReasons":[],"status":"passed","title":"falls back to ENV for broadcast when no database override exists"},{"ancestorTitles":["NotificationService dynamic notifications toggle"],"duration":1,"failureDetails":[],"failureMessages":[],"fullName":"NotificationService dynamic notifications toggle keeps notification persistence independent from the push delivery toggle","invocations":1,"location":null,"numPassingAsserts":3,"retryReasons":[],"status":"passed","title":"keeps notification persistence independent from the push delivery toggle"},{"ancestorTitles":["NotificationService dynamic notifications toggle"],"duration":2,"failureDetails":[],"failureMessages":[],"fullName":"NotificationService dynamic notifications toggle keeps fail-open behavior when the dynamic settings store is unavailable by falling back to default or ENV","invocations":1,"location":null,"numPassingAsserts":5,"retryReasons":[],"status":"passed","title":"keeps fail-open behavior when the dynamic settings store is unavailable by falling back to default or ENV"}],"endTime":1774295471349,"message":"  ● NotificationService dynamic notifications toggle › uses the default setting to create notifications, keeps existing notifications readable, and persists system alerts\n\n    expect(received).toBe(expected) // Object.is equality\n\n    Expected: 2\n    Received: 1\n\n    \u001b[0m \u001b[90m 410 |\u001b[39m\n     \u001b[90m 411 |\u001b[39m     \u001b[36mconst\u001b[39m dropdown \u001b[33m=\u001b[39m \u001b[36mawait\u001b[39m notificationService\u001b[33m.\u001b[39mfindForDropdown(requestUser)\u001b[33m;\u001b[39m\n    \u001b[31m\u001b[1m>\u001b[22m\u001b[39m\u001b[90m 412 |\u001b[39m     expect(dropdown\u001b[33m.\u001b[39munreadCount)\u001b[33m.\u001b[39mtoBe(\u001b[35m2\u001b[39m)\u001b[33m;\u001b[39m\n     \u001b[90m     |\u001b[39m                                  \u001b[31m\u001b[1m^\u001b[22m\u001b[39m\n     \u001b[90m 413 |\u001b[39m     expect(dropdown\u001b[33m.\u001b[39mhasMore)\u001b[33m.\u001b[39mtoBe(\u001b[36mfalse\u001b[39m)\u001b[33m;\u001b[39m\n     \u001b[90m 414 |\u001b[39m     expect(dropdown\u001b[33m.\u001b[39mnotifications)\u001b[33m.\u001b[39mtoEqual(\n     \u001b[90m 415 |\u001b[39m       expect\u001b[33m.\u001b[39marrayContaining([\u001b[0m\n\n      at Object.<anonymous> (notifications/notification.dynamic-settings.spec.ts:412:34)\n","name":"D:\\Usuarios\\Servidor\\GORInformatica\\Documents\\GitHub\\Projeto-menu-multitenant-seguro\\apps\\backend\\src\\notifications\\notification.dynamic-settings.spec.ts","startTime":1774295463609,"status":"failed","summary":""},{"assertionResults":[{"ancestorTitles":["Advanced CSP dynamic setting"],"duration":2,"failureDetails":[],"failureMessages":[],"fullName":"Advanced CSP dynamic setting usa valor vindo do banco quando houver override","invocations":1,"location":null,"numPassingAsserts":2,"retryReasons":[],"status":"passed","title":"usa valor vindo do banco quando houver override"},{"ancestorTitles":["Advanced CSP dynamic setting"],"duration":0,"failureDetails":[],"failureMessages":[],"fullName":"Advanced CSP dynamic setting mantem comportamento via ENV quando nao houver override ou apos restore fallback","invocations":1,"location":null,"numPassingAsserts":2,"retryReasons":[],"status":"passed","title":"mantem comportamento via ENV quando nao houver override ou apos restore fallback"},{"ancestorTitles":["Advanced CSP dynamic setting"],"duration":1,"failureDetails":[],"failureMessages":[],"fullName":"Advanced CSP dynamic setting usa default quando ENV estiver ausente","invocations":1,"location":null,"numPassingAsserts":2,"retryReasons":[],"status":"passed","title":"usa default quando ENV estiver ausente"},{"ancestorTitles":["Advanced CSP dynamic setting"],"duration":2,"failureDetails":[{"matcherResult":{"message":"expect(jest.fn()).toHaveBeenCalledWith(...expected)\n\nExpected: StringContaining \"Falling back to ENV/default\"\nReceived: \"[security.csp_advanced.enabled] Falha ao resolver configuracao dinamica via ConfigResolverService. Usando fallback de ENV/default. Causa: db offline\"\n\nNumber of calls: 1","pass":false}}],"failureMessages":["Error: expect(jest.fn()).toHaveBeenCalledWith(...expected)\n\nExpected: StringContaining \"Falling back to ENV/default\"\nReceived: \"[security.csp_advanced.enabled] Falha ao resolver configuracao dinamica via ConfigResolverService. Usando fallback de ENV/default. Causa: db offline\"\n\nNumber of calls: 1\n    at Object.<anonymous> (D:\\Usuarios\\Servidor\\GORInformatica\\Documents\\GitHub\\Projeto-menu-multitenant-seguro\\apps\\backend\\src\\common\\http-csp-advanced.dynamic-settings.spec.ts:147:18)"],"fullName":"Advanced CSP dynamic setting continua fail-open com fallback para ENV quando o banco estiver indisponivel","invocations":1,"location":null,"numPassingAsserts":2,"retryReasons":[],"status":"failed","title":"continua fail-open com fallback para ENV quando o banco estiver indisponivel"},{"ancestorTitles":["Advanced CSP dynamic setting"],"duration":49,"failureDetails":[],"failureMessages":[],"fullName":"Advanced CSP dynamic setting aplica a CSP avancada quando a flag estiver habilitada","invocations":1,"location":null,"numPassingAsserts":6,"retryReasons":[],"status":"passed","title":"aplica a CSP avancada quando a flag estiver habilitada"},{"ancestorTitles":["Advanced CSP dynamic setting"],"duration":8,"failureDetails":[],"failureMessages":[],"fullName":"Advanced CSP dynamic setting desabilita apenas a CSP avancada e mantem a CSP basica separada de security.headers.enabled","invocations":1,"location":null,"numPassingAsserts":4,"retryReasons":[],"status":"passed","title":"desabilita apenas a CSP avancada e mantem a CSP basica separada de security.headers.enabled"},{"ancestorTitles":["Advanced CSP dynamic setting"],"duration":7,"failureDetails":[],"failureMessages":[],"fullName":"Advanced CSP dynamic setting permite CSP avancada mesmo com security.headers.enabled desligado, preservando a separacao semantica","invocations":1,"location":null,"numPassingAsserts":4,"retryReasons":[],"status":"passed","title":"permite CSP avancada mesmo com security.headers.enabled desligado, preservando a separacao semantica"},{"ancestorTitles":["Advanced CSP dynamic setting"],"duration":4,"failureDetails":[],"failureMessages":[],"fullName":"Advanced CSP dynamic setting restaura o fallback apos expirar o cache local do middleware","invocations":1,"location":null,"numPassingAsserts":5,"retryReasons":[],"status":"passed","title":"restaura o fallback apos expirar o cache local do middleware"},{"ancestorTitles":["Advanced CSP dynamic setting"],"duration":1,"failureDetails":[],"failureMessages":[],"fullName":"Advanced CSP dynamic setting permanece separado de security.headers.enabled e security.csrf.enabled na resolucao dinamica","invocations":1,"location":null,"numPassingAsserts":3,"retryReasons":[],"status":"passed","title":"permanece separado de security.headers.enabled e security.csrf.enabled na resolucao dinamica"},{"ancestorTitles":["Advanced CSP dynamic setting"],"duration":1,"failureDetails":[],"failureMessages":[],"fullName":"Advanced CSP dynamic setting preserva o formato legado da politica avancada ao construir o header","invocations":1,"location":null,"numPassingAsserts":4,"retryReasons":[],"status":"passed","title":"preserva o formato legado da politica avancada ao construir o header"}],"endTime":1774295472197,"message":"  ● Advanced CSP dynamic setting › continua fail-open com fallback para ENV quando o banco estiver indisponivel\n\n    expect(jest.fn()).toHaveBeenCalledWith(...expected)\n\n    Expected: StringContaining \"Falling back to ENV/default\"\n    Received: \"[security.csp_advanced.enabled] Falha ao resolver configuracao dinamica via ConfigResolverService. Usando fallback de ENV/default. Causa: db offline\"\n\n    Number of calls: 1\n\n    \u001b[0m \u001b[90m 145 |\u001b[39m     expect(result\u001b[33m.\u001b[39msource)\u001b[33m.\u001b[39mtoBe(\u001b[32m'env'\u001b[39m)\u001b[33m;\u001b[39m\n     \u001b[90m 146 |\u001b[39m     expect(result\u001b[33m.\u001b[39mvalue)\u001b[33m.\u001b[39mtoBe(\u001b[36mtrue\u001b[39m)\u001b[33m;\u001b[39m\n    \u001b[31m\u001b[1m>\u001b[22m\u001b[39m\u001b[90m 147 |\u001b[39m     expect(warn)\u001b[33m.\u001b[39mtoHaveBeenCalledWith(expect\u001b[33m.\u001b[39mstringContaining(\u001b[32m'Falling back to ENV/default'\u001b[39m))\u001b[33m;\u001b[39m\n     \u001b[90m     |\u001b[39m                  \u001b[31m\u001b[1m^\u001b[22m\u001b[39m\n     \u001b[90m 148 |\u001b[39m   })\u001b[33m;\u001b[39m\n     \u001b[90m 149 |\u001b[39m\n     \u001b[90m 150 |\u001b[39m   it(\u001b[32m'aplica a CSP avancada quando a flag estiver habilitada'\u001b[39m\u001b[33m,\u001b[39m \u001b[36masync\u001b[39m () \u001b[33m=>\u001b[39m {\u001b[0m\n\n      at Object.<anonymous> (common/http-csp-advanced.dynamic-settings.spec.ts:147:18)\n","name":"D:\\Usuarios\\Servidor\\GORInformatica\\Documents\\GitHub\\Projeto-menu-multitenant-seguro\\apps\\backend\\src\\common\\http-csp-advanced.dynamic-settings.spec.ts","startTime":1774295471359,"status":"failed","summary":""},{"assertionResults":[{"ancestorTitles":["CsrfGuard dynamic setting"],"duration":3,"failureDetails":[{"message":"expect(received).resolves.toBe()\n\nReceived promise rejected instead of resolved\nRejected to value: [ForbiddenException: Origem da requisicao invalida]"}],"failureMessages":["Error: expect(received).resolves.toBe()\n\nReceived promise rejected instead of resolved\nRejected to value: [ForbiddenException: Origem da requisicao invalida]\n    at expect (D:\\Usuarios\\Servidor\\GORInformatica\\Documents\\GitHub\\Projeto-menu-multitenant-seguro\\node_modules\\.pnpm\\expect@29.7.0\\node_modules\\expect\\build\\index.js:113:15)\n    at Object.<anonymous> (D:\\Usuarios\\Servidor\\GORInformatica\\Documents\\GitHub\\Projeto-menu-multitenant-seguro\\apps\\backend\\src\\common\\guards\\csrf.guard.dynamic-settings.spec.ts:161:11)\n    at Promise.then.completed (D:\\Usuarios\\Servidor\\GORInformatica\\Documents\\GitHub\\Projeto-menu-multitenant-seguro\\node_modules\\.pnpm\\jest-circus@29.7.0_babel-plugin-macros@3.1.0\\node_modules\\jest-circus\\build\\utils.js:298:28)\n    at new Promise (<anonymous>)\n    at callAsyncCircusFn (D:\\Usuarios\\Servidor\\GORInformatica\\Documents\\GitHub\\Projeto-menu-multitenant-seguro\\node_modules\\.pnpm\\jest-circus@29.7.0_babel-plugin-macros@3.1.0\\node_modules\\jest-circus\\build\\utils.js:231:10)\n    at _callCircusTest (D:\\Usuarios\\Servidor\\GORInformatica\\Documents\\GitHub\\Projeto-menu-multitenant-seguro\\node_modules\\.pnpm\\jest-circus@29.7.0_babel-plugin-macros@3.1.0\\node_modules\\jest-circus\\build\\run.js:316:40)\n    at _runTest (D:\\Usuarios\\Servidor\\GORInformatica\\Documents\\GitHub\\Projeto-menu-multitenant-seguro\\node_modules\\.pnpm\\jest-circus@29.7.0_babel-plugin-macros@3.1.0\\node_modules\\jest-circus\\build\\run.js:252:3)\n    at _runTestsForDescribeBlock (D:\\Usuarios\\Servidor\\GORInformatica\\Documents\\GitHub\\Projeto-menu-multitenant-seguro\\node_modules\\.pnpm\\jest-circus@29.7.0_babel-plugin-macros@3.1.0\\node_modules\\jest-circus\\build\\run.js:126:9)\n    at _runTestsForDescribeBlock (D:\\Usuarios\\Servidor\\GORInformatica\\Documents\\GitHub\\Projeto-menu-multitenant-seguro\\node_modules\\.pnpm\\jest-circus@29.7.0_babel-plugin-macros@3.1.0\\node_modules\\jest-circus\\build\\run.js:121:9)\n    at run (D:\\Usuarios\\Servidor\\GORInformatica\\Documents\\GitHub\\Projeto-menu-multitenant-seguro\\node_modules\\.pnpm\\jest-circus@29.7.0_babel-plugin-macros@3.1.0\\node_modules\\jest-circus\\build\\run.js:71:3)\n    at runAndTransformResultsToJestFormat (D:\\Usuarios\\Servidor\\GORInformatica\\Documents\\GitHub\\Projeto-menu-multitenant-seguro\\node_modules\\.pnpm\\jest-circus@29.7.0_babel-plugin-macros@3.1.0\\node_modules\\jest-circus\\build\\legacy-code-todo-rewrite\\jestAdapterInit.js:122:21)\n    at jestAdapter (D:\\Usuarios\\Servidor\\GORInformatica\\Documents\\GitHub\\Projeto-menu-multitenant-seguro\\node_modules\\.pnpm\\jest-circus@29.7.0_babel-plugin-macros@3.1.0\\node_modules\\jest-circus\\build\\legacy-code-todo-rewrite\\jestAdapter.js:79:19)\n    at runTestInternal (D:\\Usuarios\\Servidor\\GORInformatica\\Documents\\GitHub\\Projeto-menu-multitenant-seguro\\node_modules\\.pnpm\\jest-runner@29.7.0\\node_modules\\jest-runner\\build\\runTest.js:367:16)\n    at runTest (D:\\Usuarios\\Servidor\\GORInformatica\\Documents\\GitHub\\Projeto-menu-multitenant-seguro\\node_modules\\.pnpm\\jest-runner@29.7.0\\node_modules\\jest-runner\\build\\runTest.js:444:34)"],"fullName":"CsrfGuard dynamic setting uses the default setting to keep CSRF protection disabled","invocations":1,"location":null,"numPassingAsserts":0,"retryReasons":[],"status":"failed","title":"uses the default setting to keep CSRF protection disabled"},{"ancestorTitles":["CsrfGuard dynamic setting"],"duration":2,"failureDetails":[],"failureMessages":[],"fullName":"CsrfGuard dynamic setting falls back to ENV when no database override exists","invocations":1,"location":null,"numPassingAsserts":2,"retryReasons":[],"status":"passed","title":"falls back to ENV when no database override exists"},{"ancestorTitles":["CsrfGuard dynamic setting"],"duration":1,"failureDetails":[],"failureMessages":[],"fullName":"CsrfGuard dynamic setting enforces CSRF validation when enabled","invocations":1,"location":null,"numPassingAsserts":1,"retryReasons":[],"status":"passed","title":"enforces CSRF validation when enabled"},{"ancestorTitles":["CsrfGuard dynamic setting"],"duration":1,"failureDetails":[],"failureMessages":[],"fullName":"CsrfGuard dynamic setting applies a database override and restores the env fallback","invocations":1,"location":null,"numPassingAsserts":4,"retryReasons":[],"status":"passed","title":"applies a database override and restores the env fallback"},{"ancestorTitles":["CsrfGuard dynamic setting"],"duration":1,"failureDetails":[{"message":"expect(received).resolves.toBe()\n\nReceived promise rejected instead of resolved\nRejected to value: [ForbiddenException: Origem da requisicao invalida]"}],"failureMessages":["Error: expect(received).resolves.toBe()\n\nReceived promise rejected instead of resolved\nRejected to value: [ForbiddenException: Origem da requisicao invalida]\n    at expect (D:\\Usuarios\\Servidor\\GORInformatica\\Documents\\GitHub\\Projeto-menu-multitenant-seguro\\node_modules\\.pnpm\\expect@29.7.0\\node_modules\\expect\\build\\index.js:113:15)\n    at Object.<anonymous> (D:\\Usuarios\\Servidor\\GORInformatica\\Documents\\GitHub\\Projeto-menu-multitenant-seguro\\apps\\backend\\src\\common\\guards\\csrf.guard.dynamic-settings.spec.ts:230:11)\n    at Promise.then.completed (D:\\Usuarios\\Servidor\\GORInformatica\\Documents\\GitHub\\Projeto-menu-multitenant-seguro\\node_modules\\.pnpm\\jest-circus@29.7.0_babel-plugin-macros@3.1.0\\node_modules\\jest-circus\\build\\utils.js:298:28)\n    at new Promise (<anonymous>)\n    at callAsyncCircusFn (D:\\Usuarios\\Servidor\\GORInformatica\\Documents\\GitHub\\Projeto-menu-multitenant-seguro\\node_modules\\.pnpm\\jest-circus@29.7.0_babel-plugin-macros@3.1.0\\node_modules\\jest-circus\\build\\utils.js:231:10)\n    at _callCircusTest (D:\\Usuarios\\Servidor\\GORInformatica\\Documents\\GitHub\\Projeto-menu-multitenant-seguro\\node_modules\\.pnpm\\jest-circus@29.7.0_babel-plugin-macros@3.1.0\\node_modules\\jest-circus\\build\\run.js:316:40)\n    at _runTest (D:\\Usuarios\\Servidor\\GORInformatica\\Documents\\GitHub\\Projeto-menu-multitenant-seguro\\node_modules\\.pnpm\\jest-circus@29.7.0_babel-plugin-macros@3.1.0\\node_modules\\jest-circus\\build\\run.js:252:3)\n    at _runTestsForDescribeBlock (D:\\Usuarios\\Servidor\\GORInformatica\\Documents\\GitHub\\Projeto-menu-multitenant-seguro\\node_modules\\.pnpm\\jest-circus@29.7.0_babel-plugin-macros@3.1.0\\node_modules\\jest-circus\\build\\run.js:126:9)\n    at _runTestsForDescribeBlock (D:\\Usuarios\\Servidor\\GORInformatica\\Documents\\GitHub\\Projeto-menu-multitenant-seguro\\node_modules\\.pnpm\\jest-circus@29.7.0_babel-plugin-macros@3.1.0\\node_modules\\jest-circus\\build\\run.js:121:9)\n    at run (D:\\Usuarios\\Servidor\\GORInformatica\\Documents\\GitHub\\Projeto-menu-multitenant-seguro\\node_modules\\.pnpm\\jest-circus@29.7.0_babel-plugin-macros@3.1.0\\node_modules\\jest-circus\\build\\run.js:71:3)\n    at runAndTransformResultsToJestFormat (D:\\Usuarios\\Servidor\\GORInformatica\\Documents\\GitHub\\Projeto-menu-multitenant-seguro\\node_modules\\.pnpm\\jest-circus@29.7.0_babel-plugin-macros@3.1.0\\node_modules\\jest-circus\\build\\legacy-code-todo-rewrite\\jestAdapterInit.js:122:21)\n    at jestAdapter (D:\\Usuarios\\Servidor\\GORInformatica\\Documents\\GitHub\\Projeto-menu-multitenant-seguro\\node_modules\\.pnpm\\jest-circus@29.7.0_babel-plugin-macros@3.1.0\\node_modules\\jest-circus\\build\\legacy-code-todo-rewrite\\jestAdapter.js:79:19)\n    at runTestInternal (D:\\Usuarios\\Servidor\\GORInformatica\\Documents\\GitHub\\Projeto-menu-multitenant-seguro\\node_modules\\.pnpm\\jest-runner@29.7.0\\node_modules\\jest-runner\\build\\runTest.js:367:16)\n    at runTest (D:\\Usuarios\\Servidor\\GORInformatica\\Documents\\GitHub\\Projeto-menu-multitenant-seguro\\node_modules\\.pnpm\\jest-runner@29.7.0\\node_modules\\jest-runner\\build\\runTest.js:444:34)"],"fullName":"CsrfGuard dynamic setting keeps fail-open behavior when the dynamic settings store is unavailable","invocations":1,"location":null,"numPassingAsserts":0,"retryReasons":[],"status":"failed","title":"keeps fail-open behavior when the dynamic settings store is unavailable"},{"ancestorTitles":["CsrfGuard dynamic setting"],"duration":1,"failureDetails":[],"failureMessages":[],"fullName":"CsrfGuard dynamic setting preserves explicit skipCsrf route exceptions when the guard is enabled","invocations":1,"location":null,"numPassingAsserts":2,"retryReasons":[],"status":"passed","title":"preserves explicit skipCsrf route exceptions when the guard is enabled"},{"ancestorTitles":["CsrfGuard dynamic setting"],"duration":1,"failureDetails":[],"failureMessages":[],"fullName":"CsrfGuard dynamic setting reads only the CSRF dynamic key and stays separate from headers and CSP toggles","invocations":1,"location":null,"numPassingAsserts":4,"retryReasons":[],"status":"passed","title":"reads only the CSRF dynamic key and stays separate from headers and CSP toggles"}],"endTime":1774295472552,"message":"  ● CsrfGuard dynamic setting › uses the default setting to keep CSRF protection disabled\n\n    expect(received).resolves.toBe()\n\n    Received promise rejected instead of resolved\n    Rejected to value: [ForbiddenException: Origem da requisicao invalida]\n\n    \u001b[0m \u001b[90m 159 |\u001b[39m     })\u001b[33m;\u001b[39m\n     \u001b[90m 160 |\u001b[39m\n    \u001b[31m\u001b[1m>\u001b[22m\u001b[39m\u001b[90m 161 |\u001b[39m     \u001b[36mawait\u001b[39m expect(guard\u001b[33m.\u001b[39mcanActivate(http\u001b[33m.\u001b[39mcontext))\u001b[33m.\u001b[39mresolves\u001b[33m.\u001b[39mtoBe(\u001b[36mtrue\u001b[39m)\u001b[33m;\u001b[39m\n     \u001b[90m     |\u001b[39m           \u001b[31m\u001b[1m^\u001b[22m\u001b[39m\n     \u001b[90m 162 |\u001b[39m     expect(http\u001b[33m.\u001b[39mresponse\u001b[33m.\u001b[39mcookie)\u001b[33m.\u001b[39mnot\u001b[33m.\u001b[39mtoHaveBeenCalled()\u001b[33m;\u001b[39m\n     \u001b[90m 163 |\u001b[39m   })\u001b[33m;\u001b[39m\n     \u001b[90m 164 |\u001b[39m\u001b[0m\n\n      at expect (../../../node_modules/.pnpm/expect@29.7.0/node_modules/expect/build/index.js:113:15)\n      at Object.<anonymous> (common/guards/csrf.guard.dynamic-settings.spec.ts:161:11)\n\n  ● CsrfGuard dynamic setting › keeps fail-open behavior when the dynamic settings store is unavailable\n\n    expect(received).resolves.toBe()\n\n    Received promise rejected instead of resolved\n    Rejected to value: [ForbiddenException: Origem da requisicao invalida]\n\n    \u001b[0m \u001b[90m 228 |\u001b[39m     })\u001b[33m;\u001b[39m\n     \u001b[90m 229 |\u001b[39m\n    \u001b[31m\u001b[1m>\u001b[22m\u001b[39m\u001b[90m 230 |\u001b[39m     \u001b[36mawait\u001b[39m expect(defaultContext\u001b[33m.\u001b[39mguard\u001b[33m.\u001b[39mcanActivate(defaultHttp\u001b[33m.\u001b[39mcontext))\u001b[33m.\u001b[39mresolves\u001b[33m.\u001b[39mtoBe(\u001b[36mtrue\u001b[39m)\u001b[33m;\u001b[39m\n     \u001b[90m     |\u001b[39m           \u001b[31m\u001b[1m^\u001b[22m\u001b[39m\n     \u001b[90m 231 |\u001b[39m\n     \u001b[90m 232 |\u001b[39m     process\u001b[33m.\u001b[39menv\u001b[33m.\u001b[39m\u001b[33mCSRF_PROTECTION_ENABLED\u001b[39m \u001b[33m=\u001b[39m \u001b[32m'true'\u001b[39m\u001b[33m;\u001b[39m\n     \u001b[90m 233 |\u001b[39m     \u001b[36mconst\u001b[39m envContext \u001b[33m=\u001b[39m createGuard(createInMemoryPrisma(\u001b[36mfalse\u001b[39m))\u001b[33m;\u001b[39m\u001b[0m\n\n      at expect (../../../node_modules/.pnpm/expect@29.7.0/node_modules/expect/build/index.js:113:15)\n      at Object.<anonymous> (common/guards/csrf.guard.dynamic-settings.spec.ts:230:11)\n","name":"D:\\Usuarios\\Servidor\\GORInformatica\\Documents\\GitHub\\Projeto-menu-multitenant-seguro\\apps\\backend\\src\\common\\guards\\csrf.guard.dynamic-settings.spec.ts","startTime":1774295472202,"status":"failed","summary":""},{"assertionResults":[{"ancestorTitles":["Security architecture regression guards"],"duration":2,"failureDetails":[],"failureMessages":[],"fullName":"Security architecture regression guards keeps security_config as the runtime source of truth for security policy","invocations":1,"location":null,"numPassingAsserts":3,"retryReasons":[],"status":"passed","title":"keeps security_config as the runtime source of truth for security policy"},{"ancestorTitles":["Security architecture regression guards"],"duration":2,"failureDetails":[{"matcherResult":{"message":"expect(received).toContain(expected) // indexOf\n\nExpected substring: \"throw new UnauthorizedException('Refresh token invalido ou ja utilizado')\"\nReceived string:    \"import { Injectable, UnauthorizedException, Inject, Logger, forwardRef } from '@nestjs/common';\nimport { JwtService } from '@nestjs/jwt';\nimport { ConfigService } from '@nestjs/config';\nimport { Prisma } from '@prisma/client';\nimport { PrismaService } from '@core/prisma/prisma.service';\nimport { AuditService } from '../audit/audit.service';\nimport { TwoFactorService } from './two-factor.service';\nimport { TokenBlacklistService } from '../common/services/token-blacklist.service';\nimport { SecurityConfigService } from '@core/security-config/security-config.service';\nimport * as bcrypt from 'bcrypt';\nimport * as crypto from 'crypto';\nimport type { StringValue } from 'ms';\nimport { LoginDto } from './dto/login.dto';\nimport { Login2FADto } from './dto/login-2fa.dto';\nimport { UserSessionService } from './user-session.service';\nimport { TrustedDeviceService } from './trusted-device.service';\nimport { Complete2FAEnrollmentDto } from './dto/complete-2fa-enrollment.dto';·\ntype TokenGenerationInput = {\n  userId: string;\n  email: string;\n  role: string;\n  tenantId: string | null;\n  sessionVersion: number;\n  sessionId?: string;\n  ipAddress?: string;\n  userAgent?: string;\n};·\ntype GeneratedTokens = {\n  accessToken: string;\n  refreshToken: string;\n  accessTokenExpiresAt: string | null;\n  refreshTokenExpiresAt: string;\n};·\ntype RefreshTokenWriter = PrismaService | Prisma.TransactionClient;·\ntype AuthenticatedLoginResponse = GeneratedTokens & {\n  status: 'AUTHENTICATED';\n  authenticated: true;\n  requiresTwoFactor: false;\n  mustEnrollTwoFactor: false;\n  user: ReturnType<AuthService['toUserResponse']>;\n  trustedDeviceToken?: string;\n  trustedDeviceExpiresAt?: Date;\n};·\ntype TwoFactorChallengeResponse = {\n  status: 'REQUIRES_TWO_FACTOR';\n  authenticated: false;\n  requiresTwoFactor: true;\n  mustEnrollTwoFactor: false;\n  clearTrustedDeviceCookie: boolean;\n};·\ntype TwoFactorEnrollmentRequiredResponse = {\n  status: 'MUST_ENROLL_TWO_FACTOR';\n  authenticated: false;\n  requiresTwoFactor: false;\n  mustEnrollTwoFactor: true;\n  enrollmentToken: string;\n  enrollmentExpiresAt: string;\n};·\nexport type LoginFlowResponse =\n  | AuthenticatedLoginResponse\n  | TwoFactorChallengeResponse\n  | TwoFactorEnrollmentRequiredResponse;·\ntype TwoFactorEnrollmentPayload = {\n  sub: string;\n  email: string;\n  role: string;\n  tenantId: string | null;\n  purpose: 'two-factor-enrollment';\n};·\ntype AuthCode =\n  | 'INVALID_CREDENTIALS'\n  | 'ACCOUNT_LOCKED'\n  | 'INVALID_TWO_FACTOR_TOKEN'\n  | 'TWO_FACTOR_NOT_CONFIGURED'\n  | 'TWO_FACTOR_DISABLED'\n  | 'ENROLLMENT_SESSION_INVALID';·\ntype UserRecord = {\n  id: string;\n  email: string;\n  password: string;\n  name: string;\n  role: string;\n  tenantId: string | null;\n  tenant?: unknown;\n  avatarUrl?: string | null;\n  twoFactorEnabled?: boolean | null;\n  twoFactorSecret?: string | null;\n  loginAttempts: number;\n  isLocked: boolean;\n  lockedUntil?: Date | null;\n  sessionVersion?: number | null;\n};·\ntype UserLookupResult = UserRecord & {\n  tenant?: unknown;\n};·\n@Injectable()\nexport class AuthService {\n  private readonly logger = new Logger(AuthService.name);\n  private readonly twoFactorEnrollmentExpiresIn = '10m';·\n  constructor(\n    private prisma: PrismaService,\n    private jwtService: JwtService,\n    private config: ConfigService,\n    @Inject(forwardRef(() => AuditService))\n    private auditService: AuditService,\n    @Inject(forwardRef(() => TwoFactorService))\n    private twoFactorService: TwoFactorService,\n    private tokenBlacklistService: TokenBlacklistService,\n    private securityConfigService: SecurityConfigService,\n    private userSessionService: UserSessionService,\n    private trustedDeviceService: TrustedDeviceService,\n  ) {}·\n  async login(\n    loginDto: LoginDto,\n    ipAddress?: string,\n    userAgent?: string,\n    trustedDeviceToken?: string,\n  ): Promise<LoginFlowResponse> {\n    const { email, password } = loginDto;·\n    const user = await this.prisma.user.findUnique({\n      where: { email },\n      include: { tenant: true, preferences: true },\n    });·\n    if (!user) {\n      await this.auditService.log({\n        action: 'LOGIN_FAILED',\n        ipAddress,\n        userAgent,\n        details: { email, reason: 'user_not_found' },\n      });\n      throw this.buildUnauthorizedException('INVALID_CREDENTIALS', 'Credenciais invalidas');\n    }·\n    if (user.isLocked) {\n      if (user.lockedUntil && user.lockedUntil > new Date()) {\n        const minutesRemaining = Math.ceil(\n          (user.lockedUntil.getTime() - new Date().getTime()) / 60000,\n        );·\n        await this.auditService.log({\n          action: 'LOGIN_BLOCKED',\n          userId: user.id,\n          tenantId: user.tenantId,\n          ipAddress,\n          userAgent,\n          details: { email, reason: 'account_locked', minutesRemaining },\n        });·\n        throw this.buildUnauthorizedException(\n          'ACCOUNT_LOCKED',\n          `Conta bloqueada por multiplas tentativas de login. Tente novamente em ${minutesRemaining} minuto(s) ou contate um administrador.`,\n        );\n      }·\n      await this.prisma.user.update({\n        where: { id: user.id },\n        data: {\n          isLocked: false,\n          loginAttempts: 0,\n          lockedAt: null,\n          lockedUntil: null,\n        },\n      });\n    }·\n    const isPasswordValid = await bcrypt.compare(password, user.password);·\n    if (!isPasswordValid) {\n      const loginPolicy = await this.securityConfigService.getLoginRateLimit();\n      const maxAttempts = loginPolicy.maxAttempts ?? 5;\n      const lockDurationMinutes = loginPolicy.lockDurationMinutes ?? 30;\n      const newAttempts = user.loginAttempts + 1;·\n      const updateData: Prisma.UserUpdateInput = {\n        loginAttempts: newAttempts,\n        lastFailedLoginAt: new Date(),\n      };·\n      if (newAttempts >= maxAttempts) {\n        const lockedUntil = new Date();\n        lockedUntil.setMinutes(lockedUntil.getMinutes() + lockDurationMinutes);·\n        Object.assign(updateData, {\n          isLocked: true,\n          lockedAt: new Date(),\n          lockedUntil,\n        });·\n        await this.prisma.user.update({\n          where: { id: user.id },\n          data: updateData,\n        });·\n        await this.auditService.log({\n          action: 'ACCOUNT_LOCKED',\n          userId: user.id,\n          tenantId: user.tenantId,\n          ipAddress,\n          userAgent,\n          details: { email, attempts: newAttempts, lockedUntil, maxAttempts, lockDurationMinutes },\n        });·\n        this.logger.warn(\n          `login_lockout userId=${user.id} tenantId=${user.tenantId || 'global'} attempts=${newAttempts} lockDurationMinutes=${lockDurationMinutes}`,\n        );·\n        throw this.buildUnauthorizedException(\n          'ACCOUNT_LOCKED',\n          `Conta bloqueada por multiplas tentativas de login. Tente novamente em ${lockDurationMinutes} minutos ou contate um administrador.`,\n        );\n      }·\n      await this.prisma.user.update({\n        where: { id: user.id },\n        data: updateData,\n      });·\n      const attemptsRemaining = maxAttempts - newAttempts;\n      let errorMessage = 'Credenciais invalidas';·\n      if (attemptsRemaining === 1) {\n        errorMessage = `Credenciais invalidas. ATENCAO: Voce tem apenas ${attemptsRemaining} tentativa restante antes de sua conta ser bloqueada por ${lockDurationMinutes} minutos.`;\n      } else if (attemptsRemaining <= 3) {\n        errorMessage = `Credenciais invalidas. Voce tem ${attemptsRemaining} tentativas restantes.`;\n      }·\n      await this.auditService.log({\n        action: 'LOGIN_FAILED',\n        userId: user.id,\n        tenantId: user.tenantId,\n        ipAddress,\n        userAgent,\n        details: { email, reason: 'invalid_password', attempts: newAttempts, attemptsRemaining, maxAttempts },\n      });·\n      throw this.buildUnauthorizedException('INVALID_CREDENTIALS', errorMessage);\n    }·\n    if (user.loginAttempts > 0) {\n      await this.prisma.user.update({\n        where: { id: user.id },\n        data: {\n          loginAttempts: 0,\n          lastFailedLoginAt: null,\n        },\n      });\n    }·\n    const twoFactorPolicy = await this.securityConfigService.getTwoFactorConfig();\n    const is2FAGloballyEnabled = twoFactorPolicy.enabled === true;\n    const is2FARequired = is2FAGloballyEnabled && twoFactorPolicy.required === true;\n    const is2FARequiredForAdmins =\n      is2FAGloballyEnabled && twoFactorPolicy.requiredForAdmins === true;\n    const isAdmin = user.role === 'ADMIN' || user.role === 'SUPER_ADMIN';\n    const mustEnrollTwoFactor =\n      (is2FARequired || (is2FARequiredForAdmins && isAdmin)) && !user.twoFactorEnabled;·\n    if (mustEnrollTwoFactor) {\n      const enrollment = this.issueTwoFactorEnrollmentToken(user);·\n      await this.auditService.log({\n        action: 'LOGIN_2FA_ENROLLMENT_REQUIRED',\n        userId: user.id,\n        tenantId: user.tenantId,\n        ipAddress,\n        userAgent,\n        details: {\n          email,\n          reason: is2FARequired ? '2fa_globally_required' : '2fa_required_for_admins',\n          role: user.role,\n        },\n      });·\n      return {\n        status: 'MUST_ENROLL_TWO_FACTOR',\n        authenticated: false,\n        requiresTwoFactor: false,\n        mustEnrollTwoFactor: true,\n        enrollmentToken: enrollment.token,\n        enrollmentExpiresAt: enrollment.expiresAt.toISOString(),\n      };\n    }·\n    let trustedDeviceUsedForBypass = false;\n    let shouldClearTrustedDeviceCookie = false;·\n    if (is2FAGloballyEnabled && user.twoFactorEnabled) {\n      const trustedDeviceValidation = await this.trustedDeviceService.validateTrustedDevice({\n        token: trustedDeviceToken,\n        userId: user.id,\n        ipAddress,\n        userAgent,\n      });·\n      trustedDeviceUsedForBypass = trustedDeviceValidation.shouldBypass2FA;\n      shouldClearTrustedDeviceCookie = trustedDeviceValidation.shouldClearCookie;·\n      if (trustedDeviceValidation.status === 'valid') {\n        await this.auditService.log({\n          action: 'TRUSTED_DEVICE_USED',\n          userId: user.id,\n          tenantId: user.tenantId,\n          ipAddress,\n          userAgent,\n          details: {\n            trustedDeviceId: trustedDeviceValidation.trustedDeviceId,\n            status: trustedDeviceValidation.status,\n          },\n        });\n      } else if (trustedDeviceValidation.status !== 'missing') {\n        await this.auditService.log({\n          action: 'TRUSTED_DEVICE_INVALID',\n          userId: user.id,\n          tenantId: user.tenantId,\n          ipAddress,\n          userAgent,\n          details: {\n            trustedDeviceId: trustedDeviceValidation.trustedDeviceId,\n            status: trustedDeviceValidation.status,\n          },\n        });\n      }·\n      if (!trustedDeviceUsedForBypass) {\n        await this.auditService.log({\n          action: 'LOGIN_2FA_CHALLENGE',\n          userId: user.id,\n          tenantId: user.tenantId,\n          ipAddress,\n          userAgent,\n          details: {\n            email,\n            reason: 'user_has_2fa_enabled',\n            role: user.role,\n            trustedDeviceStatus: trustedDeviceValidation.status,\n          },\n        });·\n        return {\n          status: 'REQUIRES_TWO_FACTOR',\n          authenticated: false,\n          requiresTwoFactor: true,\n          mustEnrollTwoFactor: false,\n          clearTrustedDeviceCookie: shouldClearTrustedDeviceCookie,\n        };\n      }\n    }·\n    const tokens = await this.generateTokens({\n      userId: user.id,\n      email: user.email,\n      role: user.role,\n      tenantId: user.tenantId,\n      sessionVersion: this.readSessionVersion(user),\n      ipAddress,\n      userAgent,\n    });·\n    await this.auditService.log({\n      action: 'LOGIN_SUCCESS',\n      userId: user.id,\n      tenantId: user.tenantId,\n      ipAddress,\n      userAgent,\n      details: {\n        email,\n        trustedDeviceBypass: trustedDeviceUsedForBypass,\n      },\n    });·\n    return this.buildAuthenticatedResponse(user, tokens);\n  }·\n  async generateTokens(\n    input: TokenGenerationInput,\n    refreshTokenWriter: RefreshTokenWriter = this.prisma,\n  ): Promise<GeneratedTokens> {\n    const session =\n      input.sessionId\n        ? { id: input.sessionId }\n        : await this.userSessionService.createSession(input.userId, input.tenantId, {\n            ipAddress: input.ipAddress,\n            userAgent: input.userAgent,\n          });·\n    const payload = {\n      sub: input.userId,\n      email: input.email,\n      role: input.role,\n      tenantId: input.tenantId,\n      sessionVersion: input.sessionVersion,\n      sid: session.id,\n      jti: crypto.randomUUID(),\n    };·\n    const tokenPolicy = await this.securityConfigService.getJwtConfig();\n    const accessTokenExpiresIn = this.normalizeJwtExpiresIn(\n      tokenPolicy.accessTokenExpiresIn,\n      this.config.get('JWT_ACCESS_EXPIRES_IN', '15m'),\n    );\n    const refreshTokenExpiresIn = this.normalizeDurationString(\n      tokenPolicy.refreshTokenExpiresIn,\n      this.config.get('JWT_REFRESH_EXPIRES_IN', '7d'),\n    );·\n    const accessToken = this.jwtService.sign(payload, {\n      expiresIn: accessTokenExpiresIn,\n    });·\n    const refreshToken = crypto.randomBytes(64).toString('hex');\n    const expiresAt = this.calculateExpirationDate(refreshTokenExpiresIn);\n    const accessTokenExpiresAt = this.extractJwtExpiry(accessToken);·\n    await refreshTokenWriter.refreshToken.create({\n      data: {\n        token: refreshToken,\n        userId: input.userId,\n        sessionId: session.id,\n        expiresAt,\n      },\n    });·\n    return {\n      accessToken,\n      refreshToken,\n      accessTokenExpiresAt,\n      refreshTokenExpiresAt: expiresAt.toISOString(),\n    };\n  }·\n  async refreshTokens(refreshToken: string, ipAddress?: string, userAgent?: string) {\n    if (await this.tokenBlacklistService.isTokenBlacklisted(refreshToken)) {\n      throw this.buildUnauthorizedException('INVALID_CREDENTIALS', 'Refresh token invalido');\n    }·\n    const refreshResult = await this.prisma.$transaction(async (tx) => {\n      const now = new Date();\n      const storedToken = await tx.refreshToken.findUnique({\n        where: { token: refreshToken },\n        include: { user: { include: { tenant: true, preferences: true } }, session: true },\n      });·\n      if (!storedToken) {\n        throw this.buildUnauthorizedException('INVALID_CREDENTIALS', 'Refresh token invalido');\n      }·\n      if (storedToken.expiresAt < now) {\n        await tx.refreshToken.deleteMany({\n          where: { id: storedToken.id },\n        });\n        throw this.buildUnauthorizedException('INVALID_CREDENTIALS', 'Refresh token expirado');\n      }·\n      if (!storedToken.sessionId) {\n        await tx.refreshToken.deleteMany({\n          where: { id: storedToken.id },\n        });\n        throw this.buildUnauthorizedException(\n          'INVALID_CREDENTIALS',\n          'Sessao legada expirada; faca login novamente',\n        );\n      }·\n      await this.userSessionService.assertRefreshSessionActive(\n        storedToken.sessionId,\n        storedToken.user.id,\n      );·\n      const consumed = await tx.refreshToken.deleteMany({\n        where: {\n          id: storedToken.id,\n          token: refreshToken,\n          expiresAt: {\n            gte: now,\n          },\n        },\n      });·\n      if (consumed.count !== 1) {\n        throw this.buildUnauthorizedException(\n          'INVALID_CREDENTIALS',\n          'Refresh token invalido ou ja utilizado',\n        );\n      }·\n      const tokens = await this.generateTokens(\n        {\n          userId: storedToken.user.id,\n          email: storedToken.user.email,\n          role: storedToken.user.role,\n          tenantId: storedToken.user.tenantId,\n          sessionVersion: this.readSessionVersion(storedToken.user),\n          sessionId: storedToken.sessionId,\n        },\n        tx,\n      );·\n      return {\n        storedToken,\n        tokens,\n      };\n    });·\n    await this.auditService.log({\n      action: 'TOKEN_REFRESHED',\n      userId: refreshResult.storedToken.user.id,\n      tenantId: refreshResult.storedToken.user.tenantId,\n      ipAddress,\n      userAgent,\n      details: { email: refreshResult.storedToken.user.email },\n    });·\n    return this.buildAuthenticatedResponse(refreshResult.storedToken.user, refreshResult.tokens);\n  }·\n  async logout(\n    refreshToken: string,\n    userId?: string,\n    accessToken?: string,\n    ipAddress?: string,\n    userAgent?: string,\n  ) {\n    const storedToken = refreshToken\n      ? await this.prisma.refreshToken.findUnique({\n          where: { token: refreshToken },\n        })\n      : null;·\n    let sessionId = this.resolveSessionIdFromAccessToken(accessToken);\n    const targetUserId = userId || storedToken?.userId;·\n    if (storedToken) {\n      // Se veio sem userId (fluxo tolerante) ou bate com o dono do token\n      if (!userId || storedToken.userId === userId) {\n        await this.tokenBlacklistService.blacklistToken(\n          refreshToken,\n          storedToken.expiresAt,\n          storedToken.userId,\n        );\n        sessionId = storedToken.sessionId || sessionId;\n        await this.prisma.refreshToken.delete({\n          where: { id: storedToken.id },\n        });\n      }\n    }·\n    if (sessionId) {\n      await this.userSessionService.revokeSession(sessionId, 'logout');\n    }·\n    if (accessToken && targetUserId) {\n      await this.blacklistAccessToken(accessToken, targetUserId);\n    }·\n    if (targetUserId) {\n      await this.auditService.log({\n        action: 'LOGOUT',\n        userId: targetUserId,\n        ipAddress,\n        userAgent,\n      });\n    }·\n    return { message: 'Logout realizado com sucesso' };\n  }··\n  async login2FA(\n    login2FADto: Login2FADto,\n    ipAddress?: string,\n    userAgent?: string,\n  ): Promise<AuthenticatedLoginResponse> {\n    const { email, password, twoFactorToken } = login2FADto;·\n    const user = await this.prisma.user.findUnique({\n      where: { email },\n      include: { tenant: true, preferences: true },\n    });·\n    if (!user) {\n      await this.auditService.log({\n        action: 'LOGIN_2FA_FAILED',\n        ipAddress,\n        userAgent,\n        details: { email, reason: 'user_not_found' },\n      });\n      throw this.buildUnauthorizedException('INVALID_CREDENTIALS', 'Credenciais invalidas');\n    }·\n    if (user.isLocked && user.lockedUntil && user.lockedUntil > new Date()) {\n      const minutesRemaining = Math.ceil(\n        (user.lockedUntil.getTime() - new Date().getTime()) / 60000,\n      );\n      throw this.buildUnauthorizedException(\n        'ACCOUNT_LOCKED',\n        `Conta bloqueada. Tente novamente em ${minutesRemaining} minuto(s).`,\n      );\n    }·\n    const isPasswordValid = await bcrypt.compare(password, user.password);\n    if (!isPasswordValid) {\n      await this.auditService.log({\n        action: 'LOGIN_2FA_FAILED',\n        userId: user.id,\n        tenantId: user.tenantId,\n        ipAddress,\n        userAgent,\n        details: { email, reason: 'invalid_password' },\n      });\n      throw this.buildUnauthorizedException('INVALID_CREDENTIALS', 'Credenciais invalidas');\n    }·\n    const twoFactorPolicy = await this.securityConfigService.getTwoFactorConfig();\n    if (twoFactorPolicy.enabled !== true) {\n      throw this.buildUnauthorizedException('TWO_FACTOR_DISABLED', '2FA desabilitado globalmente');\n    }·\n    if (!user.twoFactorEnabled || !user.twoFactorSecret) {\n      throw this.buildUnauthorizedException(\n        'TWO_FACTOR_NOT_CONFIGURED',\n        '2FA nao esta ativado para este usuario',\n      );\n    }·\n    const is2FAValid = this.twoFactorService.verify(user.twoFactorSecret, twoFactorToken);\n    if (!is2FAValid) {\n      await this.auditService.log({\n        action: 'LOGIN_2FA_FAILED',\n        userId: user.id,\n        tenantId: user.tenantId,\n        ipAddress,\n        userAgent,\n        details: { email, reason: 'invalid_2fa_token' },\n      });\n      throw this.buildUnauthorizedException('INVALID_TWO_FACTOR_TOKEN', 'Codigo 2FA invalido');\n    }·\n    if (user.loginAttempts > 0) {\n      await this.prisma.user.update({\n        where: { id: user.id },\n        data: {\n          loginAttempts: 0,\n          lastFailedLoginAt: null,\n        },\n      });\n    }·\n    const tokens = await this.generateTokens({\n      userId: user.id,\n      email: user.email,\n      role: user.role,\n      tenantId: user.tenantId,\n      sessionVersion: this.readSessionVersion(user),\n      ipAddress,\n      userAgent,\n    });·\n    let trustedDeviceToken: string | undefined;\n    let trustedDeviceExpiresAt: Date | undefined;·\n    if (login2FADto.trustDevice === true) {\n      const issuedTrustedDevice = await this.trustedDeviceService.issueTrustedDevice({\n        userId: user.id,\n        tenantId: user.tenantId,\n        ipAddress,\n        userAgent,\n      });\n      trustedDeviceToken = issuedTrustedDevice.token;\n      trustedDeviceExpiresAt = issuedTrustedDevice.expiresAt;\n    }·\n    await this.auditService.log({\n      action: 'LOGIN_2FA_SUCCESS',\n      userId: user.id,\n      tenantId: user.tenantId,\n      ipAddress,\n      userAgent,\n      details: {\n        email,\n        trustDevice: login2FADto.trustDevice === true,\n      },\n    });·\n    return {\n      ...this.buildAuthenticatedResponse(user, tokens),\n      trustedDeviceToken,\n      trustedDeviceExpiresAt,\n    };\n  }·\n  async generateTwoFactorEnrollmentSecret(enrollmentToken: string) {\n    const user = await this.resolveEnrollmentUser(enrollmentToken);\n    return this.twoFactorService.generateSecret(user.id);\n  }·\n  async completeTwoFactorEnrollment(\n    enrollmentToken: string,\n    dto: Complete2FAEnrollmentDto,\n    ipAddress?: string,\n    userAgent?: string,\n  ): Promise<AuthenticatedLoginResponse> {\n    const user = await this.resolveEnrollmentUser(enrollmentToken);·\n    await this.twoFactorService.enable(user.id, dto.token, {\n      actorUserId: user.id,\n      actorEmail: user.email,\n      actorRole: user.role,\n      ipAddress,\n      userAgent,\n      auditAction: 'TWO_FACTOR_ENROLLMENT_COMPLETED',\n    });·\n    const refreshedUser = await this.prisma.user.findUnique({\n      where: { id: user.id },\n      include: { tenant: true },\n    });·\n    if (!refreshedUser) {\n      throw this.buildUnauthorizedException('ENROLLMENT_SESSION_INVALID', 'Usuario nao encontrado');\n    }·\n    const tokens = await this.generateTokens({\n      userId: refreshedUser.id,\n      email: refreshedUser.email,\n      role: refreshedUser.role,\n      tenantId: refreshedUser.tenantId,\n      sessionVersion: this.readSessionVersion(refreshedUser),\n      ipAddress,\n      userAgent,\n    });·\n    let trustedDeviceToken: string | undefined;\n    let trustedDeviceExpiresAt: Date | undefined;·\n    if (dto.trustDevice === true) {\n      const issuedTrustedDevice = await this.trustedDeviceService.issueTrustedDevice({\n        userId: refreshedUser.id,\n        tenantId: refreshedUser.tenantId,\n        ipAddress,\n        userAgent,\n      });\n      trustedDeviceToken = issuedTrustedDevice.token;\n      trustedDeviceExpiresAt = issuedTrustedDevice.expiresAt;\n    }·\n    await this.auditService.log({\n      action: 'LOGIN_SUCCESS',\n      userId: refreshedUser.id,\n      tenantId: refreshedUser.tenantId,\n      ipAddress,\n      userAgent,\n      details: {\n        email: refreshedUser.email,\n        enrollmentCompleted: true,\n        trustDevice: dto.trustDevice === true,\n      },\n    });·\n    return {\n      ...this.buildAuthenticatedResponse(refreshedUser, tokens),\n      trustedDeviceToken,\n      trustedDeviceExpiresAt,\n    };\n  }·\n  async hashPassword(password: string): Promise<string> {\n    return bcrypt.hash(password, 10);\n  }·\n  async getProfile(userId: string) {\n    const user = await this.prisma.user.findUnique({\n      where: { id: userId },\n      include: { tenant: true, preferences: true },\n    });·\n    if (!user) {\n      throw this.buildUnauthorizedException('INVALID_CREDENTIALS', 'Usuario nao encontrado');\n    }·\n    return {\n      ...this.toUserResponse(user),\n      twoFactorEnabled: user.twoFactorEnabled,\n    };\n  }·\n  private async blacklistAccessToken(accessToken: string | undefined, userId: string): Promise<void> {\n    if (!accessToken) {\n      return;\n    }·\n    const decoded = this.jwtService.decode(accessToken);\n    if (!decoded || typeof decoded !== 'object' || typeof decoded.exp !== 'number') {\n      return;\n    }·\n    const expiry = new Date(decoded.exp * 1000);\n    if (expiry <= new Date()) {\n      return;\n    }·\n    await this.tokenBlacklistService.blacklistToken(accessToken, expiry, userId);\n  }·\n  private resolveSessionIdFromAccessToken(accessToken: string | undefined): string | null {\n    if (!accessToken) {\n      return null;\n    }·\n    const decoded = this.jwtService.decode(accessToken);\n    if (!decoded || typeof decoded !== 'object') {\n      return null;\n    }·\n    const sessionId = (decoded as { sid?: unknown }).sid;\n    return typeof sessionId === 'string' && sessionId.trim().length > 0 ? sessionId : null;\n  }·\n  private buildAuthenticatedResponse(\n    user: {\n      id: string;\n      email: string;\n      name: string;\n      role: string;\n      tenantId: string | null;\n      avatarUrl?: string | null;\n      tenant?: unknown;\n    },\n    tokens: GeneratedTokens,\n  ): AuthenticatedLoginResponse {\n    return {\n      status: 'AUTHENTICATED',\n      authenticated: true,\n      requiresTwoFactor: false,\n      mustEnrollTwoFactor: false,\n      ...tokens,\n      user: this.toUserResponse(user),\n    };\n  }·\n  private issueTwoFactorEnrollmentToken(user: UserLookupResult): { token: string; expiresAt: Date } {\n    const payload: TwoFactorEnrollmentPayload = {\n      sub: user.id,\n      email: user.email,\n      role: user.role,\n      tenantId: user.tenantId,\n      purpose: 'two-factor-enrollment',\n    };·\n    const token = this.jwtService.sign(payload, {\n      expiresIn: this.twoFactorEnrollmentExpiresIn,\n    });·\n    const expiresAt = this.extractJwtExpiryDate(token);·\n    return {\n      token,\n      expiresAt,\n    };\n  }·\n  private async resolveEnrollmentUser(enrollmentToken: string): Promise<UserLookupResult> {\n    const normalizedToken = String(enrollmentToken || '').trim();\n    if (!normalizedToken) {\n      throw this.buildUnauthorizedException(\n        'ENROLLMENT_SESSION_INVALID',\n        'Sessao temporaria de configuracao do 2FA ausente ou expirada',\n      );\n    }·\n    let payload: TwoFactorEnrollmentPayload;\n    try {\n      payload = this.jwtService.verify<TwoFactorEnrollmentPayload>(normalizedToken, {\n        secret: this.config.get<string>('JWT_SECRET'),\n      });\n    } catch {\n      throw this.buildUnauthorizedException(\n        'ENROLLMENT_SESSION_INVALID',\n        'Sessao temporaria de configuracao do 2FA ausente ou expirada',\n      );\n    }·\n    if (payload.purpose !== 'two-factor-enrollment' || !payload.sub) {\n      throw this.buildUnauthorizedException(\n        'ENROLLMENT_SESSION_INVALID',\n        'Sessao temporaria de configuracao do 2FA invalida',\n      );\n    }·\n    const user = await this.prisma.user.findUnique({\n      where: { id: payload.sub },\n      include: { tenant: true },\n    });·\n    if (!user || user.email !== payload.email || user.role !== payload.role || user.tenantId !== payload.tenantId) {\n      throw this.buildUnauthorizedException(\n        'ENROLLMENT_SESSION_INVALID',\n        'Sessao temporaria de configuracao do 2FA invalida',\n      );\n    }·\n    if (user.twoFactorEnabled) {\n      throw this.buildUnauthorizedException(\n        'ENROLLMENT_SESSION_INVALID',\n        '2FA ja foi configurado para esta conta. Faça login novamente.',\n      );\n    }·\n    return user;\n  }·\n  private extractJwtExpiry(token: string): string | null {\n    const decoded = this.jwtService.decode(token);\n    if (!decoded || typeof decoded !== 'object' || typeof decoded.exp !== 'number') {\n      return null;\n    }·\n    return new Date(decoded.exp * 1000).toISOString();\n  }·\n  private extractJwtExpiryDate(token: string): Date {\n    const expiresAt = this.extractJwtExpiry(token);\n    if (!expiresAt) {\n      return this.calculateExpirationDate(this.twoFactorEnrollmentExpiresIn);\n    }·\n    const parsed = new Date(expiresAt);\n    return Number.isNaN(parsed.getTime())\n      ? this.calculateExpirationDate(this.twoFactorEnrollmentExpiresIn)\n      : parsed;\n  }·\n  private calculateExpirationDate(expiresIn: string): Date {\n    const now = new Date();\n    const match = expiresIn.match(/^(\\\\d+)([smhd])$/);·\n    if (!match) {\n      return new Date(now.getTime() + 7 * 24 * 60 * 60 * 1000);\n    }·\n    const value = parseInt(match[1], 10);\n    const unit = match[2];·\n    switch (unit) {\n      case 's':\n        return new Date(now.getTime() + value * 1000);\n      case 'm':\n        return new Date(now.getTime() + value * 60 * 1000);\n      case 'h':\n        return new Date(now.getTime() + value * 60 * 60 * 1000);\n      case 'd':\n        return new Date(now.getTime() + value * 24 * 60 * 60 * 1000);\n      default:\n        return new Date(now.getTime() + 7 * 24 * 60 * 60 * 1000);\n    }\n  }·\n  private normalizeJwtExpiresIn(value: unknown, fallback: unknown): StringValue {\n    return this.normalizeDurationString(value, fallback) as StringValue;\n  }·\n  private normalizeDurationString(value: unknown, fallback: unknown): string {\n    const normalized = String(value ?? '').trim();\n    if (normalized.length > 0) {\n      return normalized;\n    }·\n    const normalizedFallback = String(fallback ?? '').trim();\n    return normalizedFallback.length > 0 ? normalizedFallback : '15m';\n  }·\n  private toUserResponse(user: {\n    id: string;\n    email: string;\n    name: string;\n    role: string;\n    tenantId: string | null;\n    avatarUrl?: string | null;\n    tenant?: unknown;\n    preferences?: { theme: string } | null;\n  }) {\n    const avatarUrl = user.avatarUrl\n      ? `/api/users/public/${encodeURIComponent(user.id)}/avatar-file`\n      : null;·\n    return {\n      id: user.id,\n      email: user.email,\n      name: user.name,\n      role: user.role,\n      tenantId: user.tenantId,\n      avatarUrl,\n      tenant: user.tenant,\n      preferences: user.preferences ? { theme: user.preferences.theme } : null,\n      twoFactorSecret: undefined,\n    };\n  }·\n  private readSessionVersion(user: { sessionVersion?: number | null } | Record<string, unknown>) {\n    const rawValue = (user as { sessionVersion?: number | null }).sessionVersion;\n    return typeof rawValue === 'number' && Number.isFinite(rawValue) ? rawValue : 0;\n  }·\n  private buildUnauthorizedException(code: AuthCode, message: string): UnauthorizedException {\n    const exception = new UnauthorizedException(message);\n    (exception as UnauthorizedException & { authCode?: AuthCode }).authCode = code;\n    return exception;\n  }\n}\n\"","pass":false}}],"failureMessages":["Error: expect(received).toContain(expected) // indexOf\n\nExpected substring: \"throw new UnauthorizedException('Refresh token invalido ou ja utilizado')\"\nReceived string:    \"import { Injectable, UnauthorizedException, Inject, Logger, forwardRef } from '@nestjs/common';\nimport { JwtService } from '@nestjs/jwt';\nimport { ConfigService } from '@nestjs/config';\nimport { Prisma } from '@prisma/client';\nimport { PrismaService } from '@core/prisma/prisma.service';\nimport { AuditService } from '../audit/audit.service';\nimport { TwoFactorService } from './two-factor.service';\nimport { TokenBlacklistService } from '../common/services/token-blacklist.service';\nimport { SecurityConfigService } from '@core/security-config/security-config.service';\nimport * as bcrypt from 'bcrypt';\nimport * as crypto from 'crypto';\nimport type { StringValue } from 'ms';\nimport { LoginDto } from './dto/login.dto';\nimport { Login2FADto } from './dto/login-2fa.dto';\nimport { UserSessionService } from './user-session.service';\nimport { TrustedDeviceService } from './trusted-device.service';\nimport { Complete2FAEnrollmentDto } from './dto/complete-2fa-enrollment.dto';·\ntype TokenGenerationInput = {\n  userId: string;\n  email: string;\n  role: string;\n  tenantId: string | null;\n  sessionVersion: number;\n  sessionId?: string;\n  ipAddress?: string;\n  userAgent?: string;\n};·\ntype GeneratedTokens = {\n  accessToken: string;\n  refreshToken: string;\n  accessTokenExpiresAt: string | null;\n  refreshTokenExpiresAt: string;\n};·\ntype RefreshTokenWriter = PrismaService | Prisma.TransactionClient;·\ntype AuthenticatedLoginResponse = GeneratedTokens & {\n  status: 'AUTHENTICATED';\n  authenticated: true;\n  requiresTwoFactor: false;\n  mustEnrollTwoFactor: false;\n  user: ReturnType<AuthService['toUserResponse']>;\n  trustedDeviceToken?: string;\n  trustedDeviceExpiresAt?: Date;\n};·\ntype TwoFactorChallengeResponse = {\n  status: 'REQUIRES_TWO_FACTOR';\n  authenticated: false;\n  requiresTwoFactor: true;\n  mustEnrollTwoFactor: false;\n  clearTrustedDeviceCookie: boolean;\n};·\ntype TwoFactorEnrollmentRequiredResponse = {\n  status: 'MUST_ENROLL_TWO_FACTOR';\n  authenticated: false;\n  requiresTwoFactor: false;\n  mustEnrollTwoFactor: true;\n  enrollmentToken: string;\n  enrollmentExpiresAt: string;\n};·\nexport type LoginFlowResponse =\n  | AuthenticatedLoginResponse\n  | TwoFactorChallengeResponse\n  | TwoFactorEnrollmentRequiredResponse;·\ntype TwoFactorEnrollmentPayload = {\n  sub: string;\n  email: string;\n  role: string;\n  tenantId: string | null;\n  purpose: 'two-factor-enrollment';\n};·\ntype AuthCode =\n  | 'INVALID_CREDENTIALS'\n  | 'ACCOUNT_LOCKED'\n  | 'INVALID_TWO_FACTOR_TOKEN'\n  | 'TWO_FACTOR_NOT_CONFIGURED'\n  | 'TWO_FACTOR_DISABLED'\n  | 'ENROLLMENT_SESSION_INVALID';·\ntype UserRecord = {\n  id: string;\n  email: string;\n  password: string;\n  name: string;\n  role: string;\n  tenantId: string | null;\n  tenant?: unknown;\n  avatarUrl?: string | null;\n  twoFactorEnabled?: boolean | null;\n  twoFactorSecret?: string | null;\n  loginAttempts: number;\n  isLocked: boolean;\n  lockedUntil?: Date | null;\n  sessionVersion?: number | null;\n};·\ntype UserLookupResult = UserRecord & {\n  tenant?: unknown;\n};·\n@Injectable()\nexport class AuthService {\n  private readonly logger = new Logger(AuthService.name);\n  private readonly twoFactorEnrollmentExpiresIn = '10m';·\n  constructor(\n    private prisma: PrismaService,\n    private jwtService: JwtService,\n    private config: ConfigService,\n    @Inject(forwardRef(() => AuditService))\n    private auditService: AuditService,\n    @Inject(forwardRef(() => TwoFactorService))\n    private twoFactorService: TwoFactorService,\n    private tokenBlacklistService: TokenBlacklistService,\n    private securityConfigService: SecurityConfigService,\n    private userSessionService: UserSessionService,\n    private trustedDeviceService: TrustedDeviceService,\n  ) {}·\n  async login(\n    loginDto: LoginDto,\n    ipAddress?: string,\n    userAgent?: string,\n    trustedDeviceToken?: string,\n  ): Promise<LoginFlowResponse> {\n    const { email, password } = loginDto;·\n    const user = await this.prisma.user.findUnique({\n      where: { email },\n      include: { tenant: true, preferences: true },\n    });·\n    if (!user) {\n      await this.auditService.log({\n        action: 'LOGIN_FAILED',\n        ipAddress,\n        userAgent,\n        details: { email, reason: 'user_not_found' },\n      });\n      throw this.buildUnauthorizedException('INVALID_CREDENTIALS', 'Credenciais invalidas');\n    }·\n    if (user.isLocked) {\n      if (user.lockedUntil && user.lockedUntil > new Date()) {\n        const minutesRemaining = Math.ceil(\n          (user.lockedUntil.getTime() - new Date().getTime()) / 60000,\n        );·\n        await this.auditService.log({\n          action: 'LOGIN_BLOCKED',\n          userId: user.id,\n          tenantId: user.tenantId,\n          ipAddress,\n          userAgent,\n          details: { email, reason: 'account_locked', minutesRemaining },\n        });·\n        throw this.buildUnauthorizedException(\n          'ACCOUNT_LOCKED',\n          `Conta bloqueada por multiplas tentativas de login. Tente novamente em ${minutesRemaining} minuto(s) ou contate um administrador.`,\n        );\n      }·\n      await this.prisma.user.update({\n        where: { id: user.id },\n        data: {\n          isLocked: false,\n          loginAttempts: 0,\n          lockedAt: null,\n          lockedUntil: null,\n        },\n      });\n    }·\n    const isPasswordValid = await bcrypt.compare(password, user.password);·\n    if (!isPasswordValid) {\n      const loginPolicy = await this.securityConfigService.getLoginRateLimit();\n      const maxAttempts = loginPolicy.maxAttempts ?? 5;\n      const lockDurationMinutes = loginPolicy.lockDurationMinutes ?? 30;\n      const newAttempts = user.loginAttempts + 1;·\n      const updateData: Prisma.UserUpdateInput = {\n        loginAttempts: newAttempts,\n        lastFailedLoginAt: new Date(),\n      };·\n      if (newAttempts >= maxAttempts) {\n        const lockedUntil = new Date();\n        lockedUntil.setMinutes(lockedUntil.getMinutes() + lockDurationMinutes);·\n        Object.assign(updateData, {\n          isLocked: true,\n          lockedAt: new Date(),\n          lockedUntil,\n        });·\n        await this.prisma.user.update({\n          where: { id: user.id },\n          data: updateData,\n        });·\n        await this.auditService.log({\n          action: 'ACCOUNT_LOCKED',\n          userId: user.id,\n          tenantId: user.tenantId,\n          ipAddress,\n          userAgent,\n          details: { email, attempts: newAttempts, lockedUntil, maxAttempts, lockDurationMinutes },\n        });·\n        this.logger.warn(\n          `login_lockout userId=${user.id} tenantId=${user.tenantId || 'global'} attempts=${newAttempts} lockDurationMinutes=${lockDurationMinutes}`,\n        );·\n        throw this.buildUnauthorizedException(\n          'ACCOUNT_LOCKED',\n          `Conta bloqueada por multiplas tentativas de login. Tente novamente em ${lockDurationMinutes} minutos ou contate um administrador.`,\n        );\n      }·\n      await this.prisma.user.update({\n        where: { id: user.id },\n        data: updateData,\n      });·\n      const attemptsRemaining = maxAttempts - newAttempts;\n      let errorMessage = 'Credenciais invalidas';·\n      if (attemptsRemaining === 1) {\n        errorMessage = `Credenciais invalidas. ATENCAO: Voce tem apenas ${attemptsRemaining} tentativa restante antes de sua conta ser bloqueada por ${lockDurationMinutes} minutos.`;\n      } else if (attemptsRemaining <= 3) {\n        errorMessage = `Credenciais invalidas. Voce tem ${attemptsRemaining} tentativas restantes.`;\n      }·\n      await this.auditService.log({\n        action: 'LOGIN_FAILED',\n        userId: user.id,\n        tenantId: user.tenantId,\n        ipAddress,\n        userAgent,\n        details: { email, reason: 'invalid_password', attempts: newAttempts, attemptsRemaining, maxAttempts },\n      });·\n      throw this.buildUnauthorizedException('INVALID_CREDENTIALS', errorMessage);\n    }·\n    if (user.loginAttempts > 0) {\n      await this.prisma.user.update({\n        where: { id: user.id },\n        data: {\n          loginAttempts: 0,\n          lastFailedLoginAt: null,\n        },\n      });\n    }·\n    const twoFactorPolicy = await this.securityConfigService.getTwoFactorConfig();\n    const is2FAGloballyEnabled = twoFactorPolicy.enabled === true;\n    const is2FARequired = is2FAGloballyEnabled && twoFactorPolicy.required === true;\n    const is2FARequiredForAdmins =\n      is2FAGloballyEnabled && twoFactorPolicy.requiredForAdmins === true;\n    const isAdmin = user.role === 'ADMIN' || user.role === 'SUPER_ADMIN';\n    const mustEnrollTwoFactor =\n      (is2FARequired || (is2FARequiredForAdmins && isAdmin)) && !user.twoFactorEnabled;·\n    if (mustEnrollTwoFactor) {\n      const enrollment = this.issueTwoFactorEnrollmentToken(user);·\n      await this.auditService.log({\n        action: 'LOGIN_2FA_ENROLLMENT_REQUIRED',\n        userId: user.id,\n        tenantId: user.tenantId,\n        ipAddress,\n        userAgent,\n        details: {\n          email,\n          reason: is2FARequired ? '2fa_globally_required' : '2fa_required_for_admins',\n          role: user.role,\n        },\n      });·\n      return {\n        status: 'MUST_ENROLL_TWO_FACTOR',\n        authenticated: false,\n        requiresTwoFactor: false,\n        mustEnrollTwoFactor: true,\n        enrollmentToken: enrollment.token,\n        enrollmentExpiresAt: enrollment.expiresAt.toISOString(),\n      };\n    }·\n    let trustedDeviceUsedForBypass = false;\n    let shouldClearTrustedDeviceCookie = false;·\n    if (is2FAGloballyEnabled && user.twoFactorEnabled) {\n      const trustedDeviceValidation = await this.trustedDeviceService.validateTrustedDevice({\n        token: trustedDeviceToken,\n        userId: user.id,\n        ipAddress,\n        userAgent,\n      });·\n      trustedDeviceUsedForBypass = trustedDeviceValidation.shouldBypass2FA;\n      shouldClearTrustedDeviceCookie = trustedDeviceValidation.shouldClearCookie;·\n      if (trustedDeviceValidation.status === 'valid') {\n        await this.auditService.log({\n          action: 'TRUSTED_DEVICE_USED',\n          userId: user.id,\n          tenantId: user.tenantId,\n          ipAddress,\n          userAgent,\n          details: {\n            trustedDeviceId: trustedDeviceValidation.trustedDeviceId,\n            status: trustedDeviceValidation.status,\n          },\n        });\n      } else if (trustedDeviceValidation.status !== 'missing') {\n        await this.auditService.log({\n          action: 'TRUSTED_DEVICE_INVALID',\n          userId: user.id,\n          tenantId: user.tenantId,\n          ipAddress,\n          userAgent,\n          details: {\n            trustedDeviceId: trustedDeviceValidation.trustedDeviceId,\n            status: trustedDeviceValidation.status,\n          },\n        });\n      }·\n      if (!trustedDeviceUsedForBypass) {\n        await this.auditService.log({\n          action: 'LOGIN_2FA_CHALLENGE',\n          userId: user.id,\n          tenantId: user.tenantId,\n          ipAddress,\n          userAgent,\n          details: {\n            email,\n            reason: 'user_has_2fa_enabled',\n            role: user.role,\n            trustedDeviceStatus: trustedDeviceValidation.status,\n          },\n        });·\n        return {\n          status: 'REQUIRES_TWO_FACTOR',\n          authenticated: false,\n          requiresTwoFactor: true,\n          mustEnrollTwoFactor: false,\n          clearTrustedDeviceCookie: shouldClearTrustedDeviceCookie,\n        };\n      }\n    }·\n    const tokens = await this.generateTokens({\n      userId: user.id,\n      email: user.email,\n      role: user.role,\n      tenantId: user.tenantId,\n      sessionVersion: this.readSessionVersion(user),\n      ipAddress,\n      userAgent,\n    });·\n    await this.auditService.log({\n      action: 'LOGIN_SUCCESS',\n      userId: user.id,\n      tenantId: user.tenantId,\n      ipAddress,\n      userAgent,\n      details: {\n        email,\n        trustedDeviceBypass: trustedDeviceUsedForBypass,\n      },\n    });·\n    return this.buildAuthenticatedResponse(user, tokens);\n  }·\n  async generateTokens(\n    input: TokenGenerationInput,\n    refreshTokenWriter: RefreshTokenWriter = this.prisma,\n  ): Promise<GeneratedTokens> {\n    const session =\n      input.sessionId\n        ? { id: input.sessionId }\n        : await this.userSessionService.createSession(input.userId, input.tenantId, {\n            ipAddress: input.ipAddress,\n            userAgent: input.userAgent,\n          });·\n    const payload = {\n      sub: input.userId,\n      email: input.email,\n      role: input.role,\n      tenantId: input.tenantId,\n      sessionVersion: input.sessionVersion,\n      sid: session.id,\n      jti: crypto.randomUUID(),\n    };·\n    const tokenPolicy = await this.securityConfigService.getJwtConfig();\n    const accessTokenExpiresIn = this.normalizeJwtExpiresIn(\n      tokenPolicy.accessTokenExpiresIn,\n      this.config.get('JWT_ACCESS_EXPIRES_IN', '15m'),\n    );\n    const refreshTokenExpiresIn = this.normalizeDurationString(\n      tokenPolicy.refreshTokenExpiresIn,\n      this.config.get('JWT_REFRESH_EXPIRES_IN', '7d'),\n    );·\n    const accessToken = this.jwtService.sign(payload, {\n      expiresIn: accessTokenExpiresIn,\n    });·\n    const refreshToken = crypto.randomBytes(64).toString('hex');\n    const expiresAt = this.calculateExpirationDate(refreshTokenExpiresIn);\n    const accessTokenExpiresAt = this.extractJwtExpiry(accessToken);·\n    await refreshTokenWriter.refreshToken.create({\n      data: {\n        token: refreshToken,\n        userId: input.userId,\n        sessionId: session.id,\n        expiresAt,\n      },\n    });·\n    return {\n      accessToken,\n      refreshToken,\n      accessTokenExpiresAt,\n      refreshTokenExpiresAt: expiresAt.toISOString(),\n    };\n  }·\n  async refreshTokens(refreshToken: string, ipAddress?: string, userAgent?: string) {\n    if (await this.tokenBlacklistService.isTokenBlacklisted(refreshToken)) {\n      throw this.buildUnauthorizedException('INVALID_CREDENTIALS', 'Refresh token invalido');\n    }·\n    const refreshResult = await this.prisma.$transaction(async (tx) => {\n      const now = new Date();\n      const storedToken = await tx.refreshToken.findUnique({\n        where: { token: refreshToken },\n        include: { user: { include: { tenant: true, preferences: true } }, session: true },\n      });·\n      if (!storedToken) {\n        throw this.buildUnauthorizedException('INVALID_CREDENTIALS', 'Refresh token invalido');\n      }·\n      if (storedToken.expiresAt < now) {\n        await tx.refreshToken.deleteMany({\n          where: { id: storedToken.id },\n        });\n        throw this.buildUnauthorizedException('INVALID_CREDENTIALS', 'Refresh token expirado');\n      }·\n      if (!storedToken.sessionId) {\n        await tx.refreshToken.deleteMany({\n          where: { id: storedToken.id },\n        });\n        throw this.buildUnauthorizedException(\n          'INVALID_CREDENTIALS',\n          'Sessao legada expirada; faca login novamente',\n        );\n      }·\n      await this.userSessionService.assertRefreshSessionActive(\n        storedToken.sessionId,\n        storedToken.user.id,\n      );·\n      const consumed = await tx.refreshToken.deleteMany({\n        where: {\n          id: storedToken.id,\n          token: refreshToken,\n          expiresAt: {\n            gte: now,\n          },\n        },\n      });·\n      if (consumed.count !== 1) {\n        throw this.buildUnauthorizedException(\n          'INVALID_CREDENTIALS',\n          'Refresh token invalido ou ja utilizado',\n        );\n      }·\n      const tokens = await this.generateTokens(\n        {\n          userId: storedToken.user.id,\n          email: storedToken.user.email,\n          role: storedToken.user.role,\n          tenantId: storedToken.user.tenantId,\n          sessionVersion: this.readSessionVersion(storedToken.user),\n          sessionId: storedToken.sessionId,\n        },\n        tx,\n      );·\n      return {\n        storedToken,\n        tokens,\n      };\n    });·\n    await this.auditService.log({\n      action: 'TOKEN_REFRESHED',\n      userId: refreshResult.storedToken.user.id,\n      tenantId: refreshResult.storedToken.user.tenantId,\n      ipAddress,\n      userAgent,\n      details: { email: refreshResult.storedToken.user.email },\n    });·\n    return this.buildAuthenticatedResponse(refreshResult.storedToken.user, refreshResult.tokens);\n  }·\n  async logout(\n    refreshToken: string,\n    userId?: string,\n    accessToken?: string,\n    ipAddress?: string,\n    userAgent?: string,\n  ) {\n    const storedToken = refreshToken\n      ? await this.prisma.refreshToken.findUnique({\n          where: { token: refreshToken },\n        })\n      : null;·\n    let sessionId = this.resolveSessionIdFromAccessToken(accessToken);\n    const targetUserId = userId || storedToken?.userId;·\n    if (storedToken) {\n      // Se veio sem userId (fluxo tolerante) ou bate com o dono do token\n      if (!userId || storedToken.userId === userId) {\n        await this.tokenBlacklistService.blacklistToken(\n          refreshToken,\n          storedToken.expiresAt,\n          storedToken.userId,\n        );\n        sessionId = storedToken.sessionId || sessionId;\n        await this.prisma.refreshToken.delete({\n          where: { id: storedToken.id },\n        });\n      }\n    }·\n    if (sessionId) {\n      await this.userSessionService.revokeSession(sessionId, 'logout');\n    }·\n    if (accessToken && targetUserId) {\n      await this.blacklistAccessToken(accessToken, targetUserId);\n    }·\n    if (targetUserId) {\n      await this.auditService.log({\n        action: 'LOGOUT',\n        userId: targetUserId,\n        ipAddress,\n        userAgent,\n      });\n    }·\n    return { message: 'Logout realizado com sucesso' };\n  }··\n  async login2FA(\n    login2FADto: Login2FADto,\n    ipAddress?: string,\n    userAgent?: string,\n  ): Promise<AuthenticatedLoginResponse> {\n    const { email, password, twoFactorToken } = login2FADto;·\n    const user = await this.prisma.user.findUnique({\n      where: { email },\n      include: { tenant: true, preferences: true },\n    });·\n    if (!user) {\n      await this.auditService.log({\n        action: 'LOGIN_2FA_FAILED',\n        ipAddress,\n        userAgent,\n        details: { email, reason: 'user_not_found' },\n      });\n      throw this.buildUnauthorizedException('INVALID_CREDENTIALS', 'Credenciais invalidas');\n    }·\n    if (user.isLocked && user.lockedUntil && user.lockedUntil > new Date()) {\n      const minutesRemaining = Math.ceil(\n        (user.lockedUntil.getTime() - new Date().getTime()) / 60000,\n      );\n      throw this.buildUnauthorizedException(\n        'ACCOUNT_LOCKED',\n        `Conta bloqueada. Tente novamente em ${minutesRemaining} minuto(s).`,\n      );\n    }·\n    const isPasswordValid = await bcrypt.compare(password, user.password);\n    if (!isPasswordValid) {\n      await this.auditService.log({\n        action: 'LOGIN_2FA_FAILED',\n        userId: user.id,\n        tenantId: user.tenantId,\n        ipAddress,\n        userAgent,\n        details: { email, reason: 'invalid_password' },\n      });\n      throw this.buildUnauthorizedException('INVALID_CREDENTIALS', 'Credenciais invalidas');\n    }·\n    const twoFactorPolicy = await this.securityConfigService.getTwoFactorConfig();\n    if (twoFactorPolicy.enabled !== true) {\n      throw this.buildUnauthorizedException('TWO_FACTOR_DISABLED', '2FA desabilitado globalmente');\n    }·\n    if (!user.twoFactorEnabled || !user.twoFactorSecret) {\n      throw this.buildUnauthorizedException(\n        'TWO_FACTOR_NOT_CONFIGURED',\n        '2FA nao esta ativado para este usuario',\n      );\n    }·\n    const is2FAValid = this.twoFactorService.verify(user.twoFactorSecret, twoFactorToken);\n    if (!is2FAValid) {\n      await this.auditService.log({\n        action: 'LOGIN_2FA_FAILED',\n        userId: user.id,\n        tenantId: user.tenantId,\n        ipAddress,\n        userAgent,\n        details: { email, reason: 'invalid_2fa_token' },\n      });\n      throw this.buildUnauthorizedException('INVALID_TWO_FACTOR_TOKEN', 'Codigo 2FA invalido');\n    }·\n    if (user.loginAttempts > 0) {\n      await this.prisma.user.update({\n        where: { id: user.id },\n        data: {\n          loginAttempts: 0,\n          lastFailedLoginAt: null,\n        },\n      });\n    }·\n    const tokens = await this.generateTokens({\n      userId: user.id,\n      email: user.email,\n      role: user.role,\n      tenantId: user.tenantId,\n      sessionVersion: this.readSessionVersion(user),\n      ipAddress,\n      userAgent,\n    });·\n    let trustedDeviceToken: string | undefined;\n    let trustedDeviceExpiresAt: Date | undefined;·\n    if (login2FADto.trustDevice === true) {\n      const issuedTrustedDevice = await this.trustedDeviceService.issueTrustedDevice({\n        userId: user.id,\n        tenantId: user.tenantId,\n        ipAddress,\n        userAgent,\n      });\n      trustedDeviceToken = issuedTrustedDevice.token;\n      trustedDeviceExpiresAt = issuedTrustedDevice.expiresAt;\n    }·\n    await this.auditService.log({\n      action: 'LOGIN_2FA_SUCCESS',\n      userId: user.id,\n      tenantId: user.tenantId,\n      ipAddress,\n      userAgent,\n      details: {\n        email,\n        trustDevice: login2FADto.trustDevice === true,\n      },\n    });·\n    return {\n      ...this.buildAuthenticatedResponse(user, tokens),\n      trustedDeviceToken,\n      trustedDeviceExpiresAt,\n    };\n  }·\n  async generateTwoFactorEnrollmentSecret(enrollmentToken: string) {\n    const user = await this.resolveEnrollmentUser(enrollmentToken);\n    return this.twoFactorService.generateSecret(user.id);\n  }·\n  async completeTwoFactorEnrollment(\n    enrollmentToken: string,\n    dto: Complete2FAEnrollmentDto,\n    ipAddress?: string,\n    userAgent?: string,\n  ): Promise<AuthenticatedLoginResponse> {\n    const user = await this.resolveEnrollmentUser(enrollmentToken);·\n    await this.twoFactorService.enable(user.id, dto.token, {\n      actorUserId: user.id,\n      actorEmail: user.email,\n      actorRole: user.role,\n      ipAddress,\n      userAgent,\n      auditAction: 'TWO_FACTOR_ENROLLMENT_COMPLETED',\n    });·\n    const refreshedUser = await this.prisma.user.findUnique({\n      where: { id: user.id },\n      include: { tenant: true },\n    });·\n    if (!refreshedUser) {\n      throw this.buildUnauthorizedException('ENROLLMENT_SESSION_INVALID', 'Usuario nao encontrado');\n    }·\n    const tokens = await this.generateTokens({\n      userId: refreshedUser.id,\n      email: refreshedUser.email,\n      role: refreshedUser.role,\n      tenantId: refreshedUser.tenantId,\n      sessionVersion: this.readSessionVersion(refreshedUser),\n      ipAddress,\n      userAgent,\n    });·\n    let trustedDeviceToken: string | undefined;\n    let trustedDeviceExpiresAt: Date | undefined;·\n    if (dto.trustDevice === true) {\n      const issuedTrustedDevice = await this.trustedDeviceService.issueTrustedDevice({\n        userId: refreshedUser.id,\n        tenantId: refreshedUser.tenantId,\n        ipAddress,\n        userAgent,\n      });\n      trustedDeviceToken = issuedTrustedDevice.token;\n      trustedDeviceExpiresAt = issuedTrustedDevice.expiresAt;\n    }·\n    await this.auditService.log({\n      action: 'LOGIN_SUCCESS',\n      userId: refreshedUser.id,\n      tenantId: refreshedUser.tenantId,\n      ipAddress,\n      userAgent,\n      details: {\n        email: refreshedUser.email,\n        enrollmentCompleted: true,\n        trustDevice: dto.trustDevice === true,\n      },\n    });·\n    ret
[...]
":"D:\\Usuarios\\Servidor\\GORInformatica\\Documents\\GitHub\\Projeto-menu-multitenant-seguro\\apps\\backend\\src\\system-settings\\system-settings-bootstrap.service.spec.ts","startTime":1774295498587,"status":"passed","summary":""},{"assertionResults":[{"ancestorTitles":["SessionCleanupProcessorService"],"duration":2,"failureDetails":[],"failureMessages":[],"fullName":"SessionCleanupProcessorService removes expired sessions in batches until there are no more rows","invocations":1,"location":null,"numPassingAsserts":3,"retryReasons":[],"status":"passed","title":"removes expired sessions in batches until there are no more rows"},{"ancestorTitles":["SessionCleanupProcessorService"],"duration":5,"failureDetails":[],"failureMessages":[],"fullName":"SessionCleanupProcessorService aborts the cleanup when ownership is lost between batches","invocations":1,"location":null,"numPassingAsserts":2,"retryReasons":[],"status":"passed","title":"aborts the cleanup when ownership is lost between batches"}],"endTime":1774295499026,"message":"","name":"D:\\Usuarios\\Servidor\\GORInformatica\\Documents\\GitHub\\Projeto-menu-multitenant-seguro\\apps\\backend\\src\\common\\services\\session-cleanup-processor.service.spec.ts","startTime":1774295498813,"status":"passed","summary":""},{"assertionResults":[{"ancestorTitles":["CronJobHeartbeatService"],"duration":1,"failureDetails":[],"failureMessages":[],"fullName":"CronJobHeartbeatService marks a blocked cycle as skipped so the watchdog can see lastStartedAt","invocations":1,"location":null,"numPassingAsserts":1,"retryReasons":[],"status":"passed","title":"marks a blocked cycle as skipped so the watchdog can see lastStartedAt"},{"ancestorTitles":["CronJobHeartbeatService"],"duration":1,"failureDetails":[],"failureMessages":[],"fullName":"CronJobHeartbeatService does not overwrite a running heartbeat owned by another cycle when skip recording loses the race","invocations":1,"location":null,"numPassingAsserts":1,"retryReasons":[],"status":"passed","title":"does not overwrite a running heartbeat owned by another cycle when skip recording loses the race"}],"endTime":1774295499228,"message":"","name":"D:\\Usuarios\\Servidor\\GORInformatica\\Documents\\GitHub\\Projeto-menu-multitenant-seguro\\apps\\backend\\src\\core\\cron\\cron-job-heartbeat.service.spec.ts","startTime":1774295499030,"status":"passed","summary":""},{"assertionResults":[{"ancestorTitles":["WebsocketRuntimeToggleService dynamic websocket toggle"],"duration":2,"failureDetails":[],"failureMessages":[],"fullName":"WebsocketRuntimeToggleService dynamic websocket toggle uses the default value when no override exists","invocations":1,"location":null,"numPassingAsserts":2,"retryReasons":[],"status":"passed","title":"uses the default value when no override exists"},{"ancestorTitles":["WebsocketRuntimeToggleService dynamic websocket toggle"],"duration":1,"failureDetails":[],"failureMessages":[],"fullName":"WebsocketRuntimeToggleService dynamic websocket toggle uses ENV when present and no database override exists","invocations":1,"location":null,"numPassingAsserts":1,"retryReasons":[],"status":"passed","title":"uses ENV when present and no database override exists"},{"ancestorTitles":["WebsocketRuntimeToggleService dynamic websocket toggle"],"duration":1,"failureDetails":[],"failureMessages":[],"fullName":"WebsocketRuntimeToggleService dynamic websocket toggle prefers the database override and restores fallback after cache expiry","invocations":1,"location":null,"numPassingAsserts":3,"retryReasons":[],"status":"passed","title":"prefers the database override and restores fallback after cache expiry"},{"ancestorTitles":["WebsocketRuntimeToggleService dynamic websocket toggle"],"duration":2,"failureDetails":[],"failureMessages":[],"fullName":"WebsocketRuntimeToggleService dynamic websocket toggle fails open to ENV and then default when the dynamic settings store is unavailable","invocations":1,"location":null,"numPassingAsserts":2,"retryReasons":[],"status":"passed","title":"fails open to ENV and then default when the dynamic settings store is unavailable"}],"endTime":1774295499443,"message":"","name":"D:\\Usuarios\\Servidor\\GORInformatica\\Documents\\GitHub\\Projeto-menu-multitenant-seguro\\apps\\backend\\src\\common\\services\\websocket-runtime-toggle.service.spec.ts","startTime":1774295499232,"status":"passed","summary":""},{"assertionResults":[{"ancestorTitles":["MaterializedCronExecutionService"],"duration":1,"failureDetails":[],"failureMessages":[],"fullName":"MaterializedCronExecutionService reuses the existing execution when the same slot was already materialized","invocations":1,"location":null,"numPassingAsserts":1,"retryReasons":[],"status":"passed","title":"reuses the existing execution when the same slot was already materialized"},{"ancestorTitles":["MaterializedCronExecutionService"],"duration":1,"failureDetails":[],"failureMessages":[],"fullName":"MaterializedCronExecutionService maps a takeover claim with incremented attempt and fencing token","invocations":1,"location":null,"numPassingAsserts":1,"retryReasons":[],"status":"passed","title":"maps a takeover claim with incremented attempt and fencing token"},{"ancestorTitles":["MaterializedCronExecutionService"],"duration":1,"failureDetails":[],"failureMessages":[],"fullName":"MaterializedCronExecutionService rejects stale finalization when the execution was taken over with a newer fencing token","invocations":1,"location":null,"numPassingAsserts":1,"retryReasons":[],"status":"passed","title":"rejects stale finalization when the execution was taken over with a newer fencing token"}],"endTime":1774295499742,"message":"","name":"D:\\Usuarios\\Servidor\\GORInformatica\\Documents\\GitHub\\Projeto-menu-multitenant-seguro\\apps\\backend\\src\\core\\cron\\materialized-cron-execution.service.spec.ts","startTime":1774295499457,"status":"passed","summary":""},{"assertionResults":[{"ancestorTitles":["SecurityRuntimeConfigService regression guards"],"duration":1,"failureDetails":[],"failureMessages":[],"fullName":"SecurityRuntimeConfigService regression guards keeps security_config as runtime source of truth for global rate limiting","invocations":1,"location":null,"numPassingAsserts":2,"retryReasons":[],"status":"passed","title":"keeps security_config as runtime source of truth for global rate limiting"},{"ancestorTitles":["SecurityRuntimeConfigService regression guards"],"duration":0,"failureDetails":[],"failureMessages":[],"fullName":"SecurityRuntimeConfigService regression guards creates a safe security_config row when none exists","invocations":1,"location":null,"numPassingAsserts":1,"retryReasons":[],"status":"passed","title":"creates a safe security_config row when none exists"},{"ancestorTitles":["SecurityRuntimeConfigService regression guards"],"duration":0,"failureDetails":[],"failureMessages":[],"fullName":"SecurityRuntimeConfigService regression guards reads critical quotas from security_config without falling back to decorators","invocations":1,"location":null,"numPassingAsserts":1,"retryReasons":[],"status":"passed","title":"reads critical quotas from security_config without falling back to decorators"}],"endTime":1774295499952,"message":"","name":"D:\\Usuarios\\Servidor\\GORInformatica\\Documents\\GitHub\\Projeto-menu-multitenant-seguro\\apps\\backend\\src\\core\\security-config\\security-runtime-config.service.spec.ts","startTime":1774295499748,"status":"passed","summary":""},{"assertionResults":[{"ancestorTitles":["ResponseTimeMetricsService"],"duration":2,"failureDetails":[],"failureMessages":[],"fullName":"ResponseTimeMetricsService keeps averages isolated by category","invocations":1,"location":null,"numPassingAsserts":6,"retryReasons":[],"status":"passed","title":"keeps averages isolated by category"},{"ancestorTitles":["ResponseTimeMetricsService"],"duration":8,"failureDetails":[],"failureMessages":[],"fullName":"ResponseTimeMetricsService caps category memory to a bounded sample size","invocations":1,"location":null,"numPassingAsserts":1,"retryReasons":[],"status":"passed","title":"caps category memory to a bounded sample size"},{"ancestorTitles":["ResponseTimeMetricsService"],"duration":1,"failureDetails":[],"failureMessages":[],"fullName":"ResponseTimeMetricsService returns categorized averages snapshot","invocations":1,"location":null,"numPassingAsserts":3,"retryReasons":[],"status":"passed","title":"returns categorized averages snapshot"},{"ancestorTitles":["ResponseTimeMetricsService"],"duration":2,"failureDetails":[],"failureMessages":[],"fullName":"ResponseTimeMetricsService returns a bounded time series for the requested window","invocations":1,"location":null,"numPassingAsserts":3,"retryReasons":[],"status":"passed","title":"returns a bounded time series for the requested window"},{"ancestorTitles":["ResponseTimeMetricsService"],"duration":1,"failureDetails":[],"failureMessages":[],"fullName":"ResponseTimeMetricsService ignores invalid durations and keeps timestamps monotonic when the clock goes backwards","invocations":1,"location":null,"numPassingAsserts":2,"retryReasons":[],"status":"passed","title":"ignores invalid durations and keeps timestamps monotonic when the clock goes backwards"}],"endTime":1774295500163,"message":"","name":"D:\\Usuarios\\Servidor\\GORInformatica\\Documents\\GitHub\\Projeto-menu-multitenant-seguro\\apps\\backend\\src\\dashboard\\system-response-time-metrics.service.spec.ts","startTime":1774295499956,"status":"passed","summary":""},{"assertionResults":[{"ancestorTitles":["system-telemetry.util"],"duration":4,"failureDetails":[],"failureMessages":[],"fullName":"system-telemetry.util normalizes raw api paths without query strings or dynamic ids","invocations":1,"location":null,"numPassingAsserts":3,"retryReasons":[],"status":"passed","title":"normalizes raw api paths without query strings or dynamic ids"},{"ancestorTitles":["system-telemetry.util"],"duration":0,"failureDetails":[],"failureMessages":[],"fullName":"system-telemetry.util prefers the framework route template when available","invocations":1,"location":null,"numPassingAsserts":1,"retryReasons":[],"status":"passed","title":"prefers the framework route template when available"},{"ancestorTitles":["system-telemetry.util"],"duration":0,"failureDetails":[],"failureMessages":[],"fullName":"system-telemetry.util skips noisy internal polling routes from request telemetry","invocations":1,"location":null,"numPassingAsserts":4,"retryReasons":[],"status":"passed","title":"skips noisy internal polling routes from request telemetry"},{"ancestorTitles":["system-telemetry.util"],"duration":1,"failureDetails":[],"failureMessages":[],"fullName":"system-telemetry.util keeps security telemetry on sensitive api routes while still excluding pure noise","invocations":1,"location":null,"numPassingAsserts":3,"retryReasons":[],"status":"passed","title":"keeps security telemetry on sensitive api routes while still excluding pure noise"}],"endTime":1774295500244,"message":"","name":"D:\\Usuarios\\Servidor\\GORInformatica\\Documents\\GitHub\\Projeto-menu-multitenant-seguro\\apps\\backend\\src\\common\\services\\system-telemetry.util.spec.ts","startTime":1774295500168,"status":"passed","summary":""},{"assertionResults":[{"ancestorTitles":["class-validator container bridge regression"],"duration":2,"failureDetails":[],"failureMessages":[],"fullName":"class-validator container bridge regression does not throw when inline CustomConstraint is not resolvable in Nest container","invocations":1,"location":null,"numPassingAsserts":2,"retryReasons":[],"status":"passed","title":"does not throw when inline CustomConstraint is not resolvable in Nest container"}],"endTime":1774295500444,"message":"","name":"D:\\Usuarios\\Servidor\\GORInformatica\\Documents\\GitHub\\Projeto-menu-multitenant-seguro\\apps\\backend\\src\\common\\validators\\class-validator-container.regression.spec.ts","startTime":1774295500249,"status":"passed","summary":""},{"assertionResults":[],"coverage":{},"endTime":1774295506013,"message":"  ● Test suite failed to run\n\n    \u001b[96msrc/common/services/system-operational-alerts.service.spec.ts\u001b[0m:\u001b[93m63\u001b[0m:\u001b[93m5\u001b[0m - \u001b[91merror\u001b[0m\u001b[90m TS2554: \u001b[0mExpected 9 arguments, but got 8.\n\n    \u001b[7m 63\u001b[0m     new SystemOperationalAlertsService(\n    \u001b[7m   \u001b[0m \u001b[91m    ~~~~~~~~~~~~~~~~~~~~~~~~~~~~~~~~~~~\u001b[0m\n    \u001b[7m 64\u001b[0m       prismaMock as unknown as PrismaService,\n    \u001b[7m   \u001b[0m \u001b[91m~~~~~~~~~~~~~~~~~~~~~~~~~~~~~~~~~~~~~~~~~~~~~\u001b[0m\n    \u001b[7m...\u001b[0m \n    \u001b[7m 71\u001b[0m       configResolverMock as unknown as ConfigResolverService,\n    \u001b[7m   \u001b[0m \u001b[91m~~~~~~~~~~~~~~~~~~~~~~~~~~~~~~~~~~~~~~~~~~~~~~~~~~~~~~~~~~~~~\u001b[0m\n    \u001b[7m 72\u001b[0m     );\n    \u001b[7m   \u001b[0m \u001b[91m~~~~~\u001b[0m\n\n      \u001b[96msrc/common/services/system-operational-alerts.service.ts\u001b[0m:\u001b[93m78\u001b[0m:\u001b[93m5\u001b[0m\n        \u001b[7m78\u001b[0m     private readonly redisLock: RedisLockService,\n        \u001b[7m  \u001b[0m \u001b[96m    ~~~~~~~~~~~~~~~~~~~~~~~~~~~~~~~~~~~~~~~~~~~~\u001b[0m\n        An argument for 'redisLock' was not provided.\n","name":"D:\\Usuarios\\Servidor\\GORInformatica\\Documents\\GitHub\\Projeto-menu-multitenant-seguro\\apps\\backend\\src\\common\\services\\system-operational-alerts.service.spec.ts","startTime":1774295506013,"status":"failed","summary":""},{"assertionResults":[],"coverage":{},"endTime":1774295506013,"message":"  ● Test suite failed to run\n\n    \u001b[96msrc/common/services/system-operational-alerts.dynamic-settings.spec.ts\u001b[0m:\u001b[93m197\u001b[0m:\u001b[93m21\u001b[0m - \u001b[91merror\u001b[0m\u001b[90m TS2554: \u001b[0mExpected 9 arguments, but got 8.\n\n    \u001b[7m197\u001b[0m     const service = new SystemOperationalAlertsService(\n    \u001b[7m   \u001b[0m \u001b[91m                    ~~~~~~~~~~~~~~~~~~~~~~~~~~~~~~~~~~~\u001b[0m\n    \u001b[7m198\u001b[0m       prisma as unknown as PrismaService,\n    \u001b[7m   \u001b[0m \u001b[91m~~~~~~~~~~~~~~~~~~~~~~~~~~~~~~~~~~~~~~~~~\u001b[0m\n    \u001b[7m...\u001b[0m \n    \u001b[7m205\u001b[0m       resolver,\n    \u001b[7m   \u001b[0m \u001b[91m~~~~~~~~~~~~~~~\u001b[0m\n    \u001b[7m206\u001b[0m     );\n    \u001b[7m   \u001b[0m \u001b[91m~~~~~\u001b[0m\n\n      \u001b[96msrc/common/services/system-operational-alerts.service.ts\u001b[0m:\u001b[93m78\u001b[0m:\u001b[93m5\u001b[0m\n        \u001b[7m78\u001b[0m     private readonly redisLock: RedisLockService,\n        \u001b[7m  \u001b[0m \u001b[96m    ~~~~~~~~~~~~~~~~~~~~~~~~~~~~~~~~~~~~~~~~~~~~\u001b[0m\n        An argument for 'redisLock' was not provided.\n","name":"D:\\Usuarios\\Servidor\\GORInformatica\\Documents\\GitHub\\Projeto-menu-multitenant-seguro\\apps\\backend\\src\\common\\services\\system-operational-alerts.dynamic-settings.spec.ts","startTime":1774295506013,"status":"failed","summary":""},{"assertionResults":[],"coverage":{},"endTime":1774295506013,"message":"  ● Test suite failed to run\n\n    \u001b[96msrc/auth/strategies/jwt.strategy.spec.ts\u001b[0m:\u001b[93m27\u001b[0m:\u001b[93m7\u001b[0m - \u001b[91merror\u001b[0m\u001b[90m TS2554: \u001b[0mExpected 2 arguments, but got 4.\n\n    \u001b[7m27\u001b[0m       tokenBlacklistServiceMock as any,\n    \u001b[7m  \u001b[0m \u001b[91m      ~~~~~~~~~~~~~~~~~~~~~~~~~~~~~~~~~\u001b[0m\n    \u001b[7m28\u001b[0m       userSessionServiceMock as any,\n    \u001b[7m  \u001b[0m \u001b[91m~~~~~~~~~~~~~~~~~~~~~~~~~~~~~~~~~~~\u001b[0m\n","name":"D:\\Usuarios\\Servidor\\GORInformatica\\Documents\\GitHub\\Projeto-menu-multitenant-seguro\\apps\\backend\\src\\auth\\strategies\\jwt.strategy.spec.ts","startTime":1774295506013,"status":"failed","summary":""},{"assertionResults":[],"coverage":{},"endTime":1774295506013,"message":"  ● Test suite failed to run\n\n    \u001b[96msrc/security/upload-security.spec.ts\u001b[0m:\u001b[93m12\u001b[0m:\u001b[93m8\u001b[0m - \u001b[91merror\u001b[0m\u001b[90m TS2307: \u001b[0mCannot find module '../modules/ordem_servico/shared/utils/upload-security.util' or its corresponding type declarations.\n\n    \u001b[7m12\u001b[0m } from '../modules/ordem_servico/shared/utils/upload-security.util';\n    \u001b[7m  \u001b[0m \u001b[91m       ~~~~~~~~~~~~~~~~~~~~~~~~~~~~~~~~~~~~~~~~~~~~~~~~~~~~~~~~~~~~\u001b[0m\n","name":"D:\\Usuarios\\Servidor\\GORInformatica\\Documents\\GitHub\\Projeto-menu-multitenant-seguro\\apps\\backend\\src\\security\\upload-security.spec.ts","startTime":1774295506013,"status":"failed","summary":""},{"assertionResults":[],"coverage":{},"endTime":1774295506013,"message":"  ● Test suite failed to run\n\n    \u001b[96msrc/security/permission-boundaries.spec.ts\u001b[0m:\u001b[93m7\u001b[0m:\u001b[93m38\u001b[0m - \u001b[91merror\u001b[0m\u001b[90m TS2307: \u001b[0mCannot find module '../modules/ordem_servico/shared/controllers/permission.controller' or its corresponding type declarations.\n\n    \u001b[7m7\u001b[0m import { PermissionController } from '../modules/ordem_servico/shared/controllers/permission.controller';\n    \u001b[7m \u001b[0m \u001b[91m                                     ~~~~~~~~~~~~~~~~~~~~~~~~~~~~~~~~~~~~~~~~~~~~~~~~~~~~~~~~~~~~~~~~~~~\u001b[0m\n    \u001b[96msrc/security/permission-boundaries.spec.ts\u001b[0m:\u001b[93m8\u001b[0m:\u001b[93m35\u001b[0m - \u001b[91merror\u001b[0m\u001b[90m TS2307: \u001b[0mCannot find module '../modules/ordem_servico/shared/services/permission.service' or its corresponding type declarations.\n\n    \u001b[7m8\u001b[0m import { PermissionService } from '../modules/ordem_servico/shared/services/permission.service';\n    \u001b[7m \u001b[0m \u001b[91m                                  ~~~~~~~~~~~~~~~~~~~~~~~~~~~~~~~~~~~~~~~~~~~~~~~~~~~~~~~~~~~~~\u001b[0m\n","name":"D:\\Usuarios\\Servidor\\GORInformatica\\Documents\\GitHub\\Projeto-menu-multitenant-seguro\\apps\\backend\\src\\security\\permission-boundaries.spec.ts","startTime":1774295506013,"status":"failed","summary":""},{"assertionResults":[],"coverage":{},"endTime":1774295506013,"message":"  ● Test suite failed to run\n\n    Your test suite must contain at least one test.\n\n      at onResult (../../../node_modules/.pnpm/@jest+core@29.7.0_babel-plu_d0297d90ba89714909aedc835ef75443/node_modules/@jest/core/build/TestScheduler.js:133:18)\n      at ../../../node_modules/.pnpm/@jest+core@29.7.0_babel-plu_d0297d90ba89714909aedc835ef75443/node_modules/@jest/core/build/TestScheduler.js:254:19\n      at ../../../node_modules/.pnpm/emittery@0.13.1/node_modules/emittery/index.js:363:13\n          at Array.map (<anonymous>)\n      at Emittery.emit (../../../node_modules/.pnpm/emittery@0.13.1/node_modules/emittery/index.js:361:23)\n","name":"D:\\Usuarios\\Servidor\\GORInformatica\\Documents\\GitHub\\Projeto-menu-multitenant-seguro\\apps\\backend\\src\\common\\http-security-headers.dynamic-settings.spec.ts","startTime":1774295506013,"status":"failed","summary":""},{"assertionResults":[],"coverage":{},"endTime":1774295506013,"message":"  ● Test suite failed to run\n\n    Your test suite must contain at least one test.\n\n      at onResult (../../../node_modules/.pnpm/@jest+core@29.7.0_babel-plu_d0297d90ba89714909aedc835ef75443/node_modules/@jest/core/build/TestScheduler.js:133:18)\n      at ../../../node_modules/.pnpm/@jest+core@29.7.0_babel-plu_d0297d90ba89714909aedc835ef75443/node_modules/@jest/core/build/TestScheduler.js:254:19\n      at ../../../node_modules/.pnpm/emittery@0.13.1/node_modules/emittery/index.js:363:13\n          at Array.map (<anonymous>)\n      at Emittery.emit (../../../node_modules/.pnpm/emittery@0.13.1/node_modules/emittery/index.js:361:23)\n","name":"D:\\Usuarios\\Servidor\\GORInformatica\\Documents\\GitHub\\Projeto-menu-multitenant-seguro\\apps\\backend\\src\\backup\\backup.service.spec.ts","startTime":1774295506013,"status":"failed","summary":""}],"wasInterrupted":false}
