{"numFailedTestSuites":1,"numFailedTests":1,"numPassedTestSuites":78,"numPassedTests":421,"numPendingTestSuites":4,"numPendingTests":4,"numRuntimeErrorTestSuites":0,"numTodoTests":0,"numTotalTestSuites":83,"numTotalTests":426,"openHandles":[],"snapshot":{"added":0,"didUpdate":false,"failure":false,"filesAdded":0,"filesRemoved":0,"filesRemovedList":[],"filesUnmatched":0,"filesUpdated":0,"matched":0,"total":0,"unchecked":0,"uncheckedKeysByFile":[],"unmatched":0,"updated":0},"startTime":1774296113504,"success":false,"testResults":[{"assertionResults":[{"ancestorTitles":["NotificationService dynamic notifications toggle"],"duration":20,"failureDetails":[{"matcherResult":{"actual":1,"expected":2,"message":"expect(received).toBe(expected) // Object.is equality\n\nExpected: 2\nReceived: 1","name":"toBe","pass":false}}],"failureMessages":["Error: expect(received).toBe(expected) // Object.is equality\n\nExpected: 2\nReceived: 1\n    at Object.<anonymous> (D:\\Usuarios\\Servidor\\GORInformatica\\Documents\\GitHub\\Projeto-menu-multitenant-seguro\\apps\\backend\\src\\notifications\\notification.dynamic-settings.spec.ts:412:34)"],"fullName":"NotificationService dynamic notifications toggle uses the default setting to create notifications, keeps existing notifications readable, and persists system alerts","invocations":1,"location":null,"numPassingAsserts":3,"retryReasons":[],"status":"failed","title":"uses the default setting to create notifications, keeps existing notifications readable, and persists system alerts"},{"ancestorTitles":["NotificationService dynamic notifications toggle"],"duration":7,"failureDetails":[],"failureMessages":[],"fullName":"NotificationService dynamic notifications toggle applies a database override, suppresses new notifications, and restores the default fallback without affecting existing reads","invocations":1,"location":null,"numPassingAsserts":11,"retryReasons":[],"status":"passed","title":"applies a database override, suppresses new notifications, and restores the default fallback without affecting existing reads"},{"ancestorTitles":["NotificationService dynamic notifications toggle"],"duration":2,"failureDetails":[],"failureMessages":[],"fullName":"NotificationService dynamic notifications toggle falls back to ENV for broadcast when no database override exists","invocations":1,"location":null,"numPassingAsserts":4,"retryReasons":[],"status":"passed","title":"falls back to ENV for broadcast when no database override exists"},{"ancestorTitles":["NotificationService dynamic notifications toggle"],"duration":2,"failureDetails":[],"failureMessages":[],"fullName":"NotificationService dynamic notifications toggle keeps notification persistence independent from the push delivery toggle","invocations":1,"location":null,"numPassingAsserts":3,"retryReasons":[],"status":"passed","title":"keeps notification persistence independent from the push delivery toggle"},{"ancestorTitles":["NotificationService dynamic notifications toggle"],"duration":3,"failureDetails":[],"failureMessages":[],"fullName":"NotificationService dynamic notifications toggle keeps fail-open behavior when the dynamic settings store is unavailable by falling back to default or ENV","invocations":1,"location":null,"numPassingAsserts":5,"retryReasons":[],"status":"passed","title":"keeps fail-open behavior when the dynamic settings store is unavailable by falling back to default or ENV"}],"endTime":1774296121750,"message":"  ● NotificationService dynamic notifications toggle › uses the default setting to create notifications, keeps existing notifications readable, and persists system alerts\n\n    expect(received).toBe(expected) // Object.is equality\n\n    Expected: 2\n    Received: 1\n\n    \u001b[0m \u001b[90m 410 |\u001b[39m\n     \u001b[90m 411 |\u001b[39m     \u001b[36mconst\u001b[39m dropdown \u001b[33m=\u001b[39m \u001b[36mawait\u001b[39m notificationService\u001b[33m.\u001b[39mfindForDropdown(requestUser)\u001b[33m;\u001b[39m\n    \u001b[31m\u001b[1m>\u001b[22m\u001b[39m\u001b[90m 412 |\u001b[39m     expect(dropdown\u001b[33m.\u001b[39munreadCount)\u001b[33m.\u001b[39mtoBe(\u001b[35m2\u001b[39m)\u001b[33m;\u001b[39m\n     \u001b[90m     |\u001b[39m                                  \u001b[31m\u001b[1m^\u001b[22m\u001b[39m\n     \u001b[90m 413 |\u001b[39m     expect(dropdown\u001b[33m.\u001b[39mhasMore)\u001b[33m.\u001b[39mtoBe(\u001b[36mfalse\u001b[39m)\u001b[33m;\u001b[39m\n     \u001b[90m 414 |\u001b[39m     expect(dropdown\u001b[33m.\u001b[39mnotifications)\u001b[33m.\u001b[39mtoEqual(\n     \u001b[90m 415 |\u001b[39m       expect\u001b[33m.\u001b[39marrayContaining([\u001b[0m\n\n      at Object.<anonymous> (notifications/notification.dynamic-settings.spec.ts:412:34)\n","name":"D:\\Usuarios\\Servidor\\GORInformatica\\Documents\\GitHub\\Projeto-menu-multitenant-seguro\\apps\\backend\\src\\notifications\\notification.dynamic-settings.spec.ts","startTime":1774296114007,"status":"failed","summary":""},{"assertionResults":[{"ancestorTitles":["CsrfGuard dynamic setting"],"duration":3,"failureDetails":[],"failureMessages":[],"fullName":"CsrfGuard dynamic setting uses the default setting to keep CSRF protection enabled","invocations":1,"location":null,"numPassingAsserts":2,"retryReasons":[],"status":"passed","title":"uses the default setting to keep CSRF protection enabled"},{"ancestorTitles":["CsrfGuard dynamic setting"],"duration":2,"failureDetails":[],"failureMessages":[],"fullName":"CsrfGuard dynamic setting falls back to ENV when no database override exists","invocations":1,"location":null,"numPassingAsserts":2,"retryReasons":[],"status":"passed","title":"falls back to ENV when no database override exists"},{"ancestorTitles":["CsrfGuard dynamic setting"],"duration":1,"failureDetails":[],"failureMessages":[],"fullName":"CsrfGuard dynamic setting enforces CSRF validation when enabled","invocations":1,"location":null,"numPassingAsserts":1,"retryReasons":[],"status":"passed","title":"enforces CSRF validation when enabled"},{"ancestorTitles":["CsrfGuard dynamic setting"],"duration":2,"failureDetails":[],"failureMessages":[],"fullName":"CsrfGuard dynamic setting applies a database override and restores the env fallback","invocations":1,"location":null,"numPassingAsserts":4,"retryReasons":[],"status":"passed","title":"applies a database override and restores the env fallback"},{"ancestorTitles":["CsrfGuard dynamic setting"],"duration":2,"failureDetails":[],"failureMessages":[],"fullName":"CsrfGuard dynamic setting keeps fail-open behavior when the dynamic settings store is unavailable by falling back to default or ENV","invocations":1,"location":null,"numPassingAsserts":3,"retryReasons":[],"status":"passed","title":"keeps fail-open behavior when the dynamic settings store is unavailable by falling back to default or ENV"},{"ancestorTitles":["CsrfGuard dynamic setting"],"duration":1,"failureDetails":[],"failureMessages":[],"fullName":"CsrfGuard dynamic setting preserves explicit skipCsrf route exceptions when the guard is enabled","invocations":1,"location":null,"numPassingAsserts":2,"retryReasons":[],"status":"passed","title":"preserves explicit skipCsrf route exceptions when the guard is enabled"},{"ancestorTitles":["CsrfGuard dynamic setting"],"duration":1,"failureDetails":[],"failureMessages":[],"fullName":"CsrfGuard dynamic setting reads only the CSRF dynamic key and stays separate from headers and CSP toggles","invocations":1,"location":null,"numPassingAsserts":4,"retryReasons":[],"status":"passed","title":"reads only the CSRF dynamic key and stays separate from headers and CSP toggles"}],"endTime":1774296125150,"message":"","name":"D:\\Usuarios\\Servidor\\GORInformatica\\Documents\\GitHub\\Projeto-menu-multitenant-seguro\\apps\\backend\\src\\common\\guards\\csrf.guard.dynamic-settings.spec.ts","startTime":1774296121761,"status":"passed","summary":""},{"assertionResults":[{"ancestorTitles":["Security architecture regression guards"],"duration":2,"failureDetails":[],"failureMessages":[],"fullName":"Security architecture regression guards keeps security_config as the runtime source of truth for security policy","invocations":1,"location":null,"numPassingAsserts":3,"retryReasons":[],"status":"passed","title":"keeps security_config as the runtime source of truth for security policy"},{"ancestorTitles":["Security architecture regression guards"],"duration":1,"failureDetails":[],"failureMessages":[],"fullName":"Security architecture regression guards keeps refresh token rotation transactional and bound to active session validation","invocations":1,"location":null,"numPassingAsserts":5,"retryReasons":[],"status":"passed","title":"keeps refresh token rotation transactional and bound to active session validation"},{"ancestorTitles":["Security architecture regression guards"],"duration":1,"failureDetails":[],"failureMessages":[],"fullName":"Security architecture regression guards keeps throttler principal extraction dependent on JWT signature verification","invocations":1,"location":null,"numPassingAsserts":4,"retryReasons":[],"status":"passed","title":"keeps throttler principal extraction dependent on JWT signature verification"},{"ancestorTitles":["Security architecture regression guards"],"duration":0,"failureDetails":[],"failureMessages":[],"fullName":"Security architecture regression guards keeps backend inactivity enforcement stateful in UserSessionService","invocations":1,"location":null,"numPassingAsserts":4,"retryReasons":[],"status":"passed","title":"keeps backend inactivity enforcement stateful in UserSessionService"},{"ancestorTitles":["Security architecture regression guards"],"duration":0,"failureDetails":[],"failureMessages":[],"fullName":"Security architecture regression guards keeps strict redis mode fail-closed (no silent memory fallback)","invocations":1,"location":null,"numPassingAsserts":3,"retryReasons":[],"status":"passed","title":"keeps strict redis mode fail-closed (no silent memory fallback)"}],"endTime":1774296125658,"message":"","name":"D:\\Usuarios\\Servidor\\GORInformatica\\Documents\\GitHub\\Projeto-menu-multitenant-seguro\\apps\\backend\\src\\security-regression\\security-architecture.regression.spec.ts","startTime":1774296125155,"status":"passed","summary":""},{"assertionResults":[{"ancestorTitles":["Advanced CSP dynamic setting"],"duration":2,"failureDetails":[],"failureMessages":[],"fullName":"Advanced CSP dynamic setting usa valor vindo do banco quando houver override","invocations":1,"location":null,"numPassingAsserts":2,"retryReasons":[],"status":"passed","title":"usa valor vindo do banco quando houver override"},{"ancestorTitles":["Advanced CSP dynamic setting"],"duration":1,"failureDetails":[],"failureMessages":[],"fullName":"Advanced CSP dynamic setting mantem comportamento via ENV quando nao houver override ou apos restore fallback","invocations":1,"location":null,"numPassingAsserts":2,"retryReasons":[],"status":"passed","title":"mantem comportamento via ENV quando nao houver override ou apos restore fallback"},{"ancestorTitles":["Advanced CSP dynamic setting"],"duration":1,"failureDetails":[],"failureMessages":[],"fullName":"Advanced CSP dynamic setting usa default quando ENV estiver ausente","invocations":1,"location":null,"numPassingAsserts":2,"retryReasons":[],"status":"passed","title":"usa default quando ENV estiver ausente"},{"ancestorTitles":["Advanced CSP dynamic setting"],"duration":1,"failureDetails":[],"failureMessages":[],"fullName":"Advanced CSP dynamic setting continua fail-open com fallback para ENV quando o banco estiver indisponivel","invocations":1,"location":null,"numPassingAsserts":3,"retryReasons":[],"status":"passed","title":"continua fail-open com fallback para ENV quando o banco estiver indisponivel"},{"ancestorTitles":["Advanced CSP dynamic setting"],"duration":44,"failureDetails":[],"failureMessages":[],"fullName":"Advanced CSP dynamic setting aplica a CSP avancada quando a flag estiver habilitada","invocations":1,"location":null,"numPassingAsserts":6,"retryReasons":[],"status":"passed","title":"aplica a CSP avancada quando a flag estiver habilitada"},{"ancestorTitles":["Advanced CSP dynamic setting"],"duration":8,"failureDetails":[],"failureMessages":[],"fullName":"Advanced CSP dynamic setting desabilita apenas a CSP avancada e mantem a CSP basica separada de security.headers.enabled","invocations":1,"location":null,"numPassingAsserts":4,"retryReasons":[],"status":"passed","title":"desabilita apenas a CSP avancada e mantem a CSP basica separada de security.headers.enabled"},{"ancestorTitles":["Advanced CSP dynamic setting"],"duration":7,"failureDetails":[],"failureMessages":[],"fullName":"Advanced CSP dynamic setting permite CSP avancada mesmo com security.headers.enabled desligado, preservando a separacao semantica","invocations":1,"location":null,"numPassingAsserts":4,"retryReasons":[],"status":"passed","title":"permite CSP avancada mesmo com security.headers.enabled desligado, preservando a separacao semantica"},{"ancestorTitles":["Advanced CSP dynamic setting"],"duration":4,"failureDetails":[],"failureMessages":[],"fullName":"Advanced CSP dynamic setting restaura o fallback apos expirar o cache local do middleware","invocations":1,"location":null,"numPassingAsserts":5,"retryReasons":[],"status":"passed","title":"restaura o fallback apos expirar o cache local do middleware"},{"ancestorTitles":["Advanced CSP dynamic setting"],"duration":1,"failureDetails":[],"failureMessages":[],"fullName":"Advanced CSP dynamic setting permanece separado de security.headers.enabled e security.csrf.enabled na resolucao dinamica","invocations":1,"location":null,"numPassingAsserts":3,"retryReasons":[],"status":"passed","title":"permanece separado de security.headers.enabled e security.csrf.enabled na resolucao dinamica"},{"ancestorTitles":["Advanced CSP dynamic setting"],"duration":1,"failureDetails":[],"failureMessages":[],"fullName":"Advanced CSP dynamic setting preserva o formato legado da politica avancada ao construir o header","invocations":1,"location":null,"numPassingAsserts":4,"retryReasons":[],"status":"passed","title":"preserva o formato legado da politica avancada ao construir o header"}],"endTime":1774296127258,"message":"","name":"D:\\Usuarios\\Servidor\\GORInformatica\\Documents\\GitHub\\Projeto-menu-multitenant-seguro\\apps\\backend\\src\\common\\http-csp-advanced.dynamic-settings.spec.ts","startTime":1774296125667,"status":"passed","summary":""},{"assertionResults":[{"ancestorTitles":["SystemOperationalAlertsService"],"duration":6,"failureDetails":[],"failureMessages":[],"fullName":"SystemOperationalAlertsService does not emit 5xx alert without minimum request sample","invocations":1,"location":null,"numPassingAsserts":2,"retryReasons":[],"status":"passed","title":"does not emit 5xx alert without minimum request sample"},{"ancestorTitles":["SystemOperationalAlertsService"],"duration":1,"failureDetails":[],"failureMessages":[],"fullName":"SystemOperationalAlertsService registers evaluator job in the dynamic cron runtime on module init","invocations":1,"location":null,"numPassingAsserts":1,"retryReasons":[],"status":"passed","title":"registers evaluator job in the dynamic cron runtime on module init"},{"ancestorTitles":["SystemOperationalAlertsService"],"duration":3,"failureDetails":[],"failureMessages":[],"fullName":"SystemOperationalAlertsService applies cooldown to repeated critical alerts","invocations":1,"location":null,"numPassingAsserts":2,"retryReasons":[],"status":"passed","title":"applies cooldown to repeated critical alerts"},{"ancestorTitles":["SystemOperationalAlertsService"],"duration":4,"failureDetails":[],"failureMessages":[],"fullName":"SystemOperationalAlertsService emits warning alerts as inbox only without push","invocations":1,"location":null,"numPassingAsserts":3,"retryReasons":[],"status":"passed","title":"emits warning alerts as inbox only without push"},{"ancestorTitles":["SystemOperationalAlertsService"],"duration":3,"failureDetails":[],"failureMessages":[],"fullName":"SystemOperationalAlertsService emits critical alerts with push when infra is available","invocations":1,"location":null,"numPassingAsserts":4,"retryReasons":[],"status":"passed","title":"emits critical alerts with push when infra is available"},{"ancestorTitles":["SystemOperationalAlertsService"],"duration":2,"failureDetails":[],"failureMessages":[],"fullName":"SystemOperationalAlertsService falls back to inbox only when push is unavailable","invocations":1,"location":null,"numPassingAsserts":2,"retryReasons":[],"status":"passed","title":"falls back to inbox only when push is unavailable"},{"ancestorTitles":["SystemOperationalAlertsService"],"duration":1,"failureDetails":[],"failureMessages":[],"fullName":"SystemOperationalAlertsService ignores excluded internal dashboard routes when evaluating request alerts","invocations":1,"location":null,"numPassingAsserts":1,"retryReasons":[],"status":"passed","title":"ignores excluded internal dashboard routes when evaluating request alerts"},{"ancestorTitles":["SystemOperationalAlertsService"],"duration":2,"failureDetails":[],"failureMessages":[],"fullName":"SystemOperationalAlertsService does not emit alert for weak 5xx sample below the calibrated threshold","invocations":1,"location":null,"numPassingAsserts":2,"retryReasons":[],"status":"passed","title":"does not emit alert for weak 5xx sample below the calibrated threshold"},{"ancestorTitles":["SystemOperationalAlertsService"],"duration":2,"failureDetails":[],"failureMessages":[],"fullName":"SystemOperationalAlertsService does not emit slow-route alert for low route volume even with high latency","invocations":1,"location":null,"numPassingAsserts":2,"retryReasons":[],"status":"passed","title":"does not emit slow-route alert for low route volume even with high latency"},{"ancestorTitles":["SystemOperationalAlertsService"],"duration":2,"failureDetails":[],"failureMessages":[],"fullName":"SystemOperationalAlertsService does not emit job storm for only three isolated failures","invocations":1,"location":null,"numPassingAsserts":2,"retryReasons":[],"status":"passed","title":"does not emit job storm for only three isolated failures"},{"ancestorTitles":["SystemOperationalAlertsService"],"duration":1,"failureDetails":[],"failureMessages":[],"fullName":"SystemOperationalAlertsService requires consecutive degraded checks before emitting infra alert","invocations":1,"location":null,"numPassingAsserts":2,"retryReasons":[],"status":"passed","title":"requires consecutive degraded checks before emitting infra alert"},{"ancestorTitles":["SystemOperationalAlertsService"],"duration":3,"failureDetails":[],"failureMessages":[],"fullName":"SystemOperationalAlertsService re-emits infra alert only after cooldown when the degradation persists","invocations":1,"location":null,"numPassingAsserts":3,"retryReasons":[],"status":"passed","title":"re-emits infra alert only after cooldown when the degradation persists"},{"ancestorTitles":["SystemOperationalAlertsService"],"duration":2,"failureDetails":[],"failureMessages":[],"fullName":"SystemOperationalAlertsService treats redis as not configured by default when explicit monitoring is disabled","invocations":1,"location":null,"numPassingAsserts":1,"retryReasons":[],"status":"passed","title":"treats redis as not configured by default when explicit monitoring is disabled"},{"ancestorTitles":["SystemOperationalAlertsService"],"duration":3,"failureDetails":[],"failureMessages":[],"fullName":"SystemOperationalAlertsService uses cooldown and push policy for maintenance bypass notifications","invocations":1,"location":null,"numPassingAsserts":3,"retryReasons":[],"status":"passed","title":"uses cooldown and push policy for maintenance bypass notifications"},{"ancestorTitles":["SystemOperationalAlertsService"],"duration":2,"failureDetails":[],"failureMessages":[],"fullName":"SystemOperationalAlertsService suppresses operational alerts when operations alerts are disabled","invocations":1,"location":null,"numPassingAsserts":5,"retryReasons":[],"status":"passed","title":"suppresses operational alerts when operations alerts are disabled"}],"endTime":1774296128300,"message":"","name":"D:\\Usuarios\\Servidor\\GORInformatica\\Documents\\GitHub\\Projeto-menu-multitenant-seguro\\apps\\backend\\src\\common\\services\\system-operational-alerts.service.spec.ts","startTime":1774296127263,"status":"passed","summary":""},{"assertionResults":[{"ancestorTitles":["SessionCleanupExecutionService"],"duration":3,"failureDetails":[],"failureMessages":[],"fullName":"SessionCleanupExecutionService materializes the scheduled slot using jobKey + scheduledFor uniqueness","invocations":1,"location":null,"numPassingAsserts":1,"retryReasons":[],"status":"passed","title":"materializes the scheduled slot using jobKey + scheduledFor uniqueness"},{"ancestorTitles":["SessionCleanupExecutionService"],"duration":2,"failureDetails":[],"failureMessages":[],"fullName":"SessionCleanupExecutionService claims a pending execution, runs the processor, and finalizes it as success","invocations":1,"location":null,"numPassingAsserts":3,"retryReasons":[],"status":"passed","title":"claims a pending execution, runs the processor, and finalizes it as success"},{"ancestorTitles":["SessionCleanupExecutionService"],"duration":2,"failureDetails":[],"failureMessages":[],"fullName":"SessionCleanupExecutionService aborts the execution when ownership is already lost before the processor runs","invocations":1,"location":null,"numPassingAsserts":3,"retryReasons":[],"status":"passed","title":"aborts the execution when ownership is already lost before the processor runs"},{"ancestorTitles":["SessionCleanupExecutionService"],"duration":170,"failureDetails":[],"failureMessages":[],"fullName":"SessionCleanupExecutionService keeps a daily materialized job healthy when the expected slot exists with success","invocations":1,"location":null,"numPassingAsserts":1,"retryReasons":[],"status":"passed","title":"keeps a daily materialized job healthy when the expected slot exists with success"},{"ancestorTitles":["SessionCleanupExecutionService"],"duration":148,"failureDetails":[],"failureMessages":[],"fullName":"SessionCleanupExecutionService resolves the expected slot for an hourly schedule using the bounded subdaily policy","invocations":1,"location":null,"numPassingAsserts":1,"retryReasons":[],"status":"passed","title":"resolves the expected slot for an hourly schedule using the bounded subdaily policy"},{"ancestorTitles":["SessionCleanupExecutionService"],"duration":93,"failureDetails":[],"failureMessages":[],"fullName":"SessionCleanupExecutionService classifies an overdue daily slot as not created when the correct materialized slot is absent","invocations":1,"location":null,"numPassingAsserts":1,"retryReasons":[],"status":"passed","title":"classifies an overdue daily slot as not created when the correct materialized slot is absent"},{"ancestorTitles":["SessionCleanupExecutionService"],"duration":101,"failureDetails":[],"failureMessages":[],"fullName":"SessionCleanupExecutionService resolves the expected slot for a weekly schedule using the bounded weekly policy","invocations":1,"location":null,"numPassingAsserts":1,"retryReasons":[],"status":"passed","title":"resolves the expected slot for a weekly schedule using the bounded weekly policy"},{"ancestorTitles":["SessionCleanupExecutionService"],"duration":160,"failureDetails":[],"failureMessages":[],"fullName":"SessionCleanupExecutionService resolves the expected slot for a monthly schedule using the bounded monthly policy","invocations":1,"location":null,"numPassingAsserts":1,"retryReasons":[],"status":"passed","title":"resolves the expected slot for a monthly schedule using the bounded monthly policy"},{"ancestorTitles":["SessionCleanupExecutionService"],"duration":78,"failureDetails":[],"failureMessages":[],"fullName":"SessionCleanupExecutionService keeps a pending slot healthy while it is still within the materialization grace window","invocations":1,"location":null,"numPassingAsserts":1,"retryReasons":[],"status":"passed","title":"keeps a pending slot healthy while it is still within the materialization grace window"},{"ancestorTitles":["SessionCleanupExecutionService"],"duration":1,"failureDetails":[],"failureMessages":[],"fullName":"SessionCleanupExecutionService returns an explicit resolution error for an invalid cron expression","invocations":1,"location":null,"numPassingAsserts":1,"retryReasons":[],"status":"passed","title":"returns an explicit resolution error for an invalid cron expression"},{"ancestorTitles":["SessionCleanupExecutionService"],"duration":11,"failureDetails":[],"failureMessages":[],"fullName":"SessionCleanupExecutionService returns an explicit resolution error for yearly schedules outside the supported policy window","invocations":1,"location":null,"numPassingAsserts":1,"retryReasons":[],"status":"passed","title":"returns an explicit resolution error for yearly schedules outside the supported policy window"},{"ancestorTitles":["SessionCleanupExecutionService"],"duration":74,"failureDetails":[],"failureMessages":[],"fullName":"SessionCleanupExecutionService flags a pending slot when it remains pending past the grace window","invocations":1,"location":null,"numPassingAsserts":1,"retryReasons":[],"status":"passed","title":"flags a pending slot when it remains pending past the grace window"},{"ancestorTitles":["SessionCleanupExecutionService"],"duration":71,"failureDetails":[],"failureMessages":[],"fullName":"SessionCleanupExecutionService keeps a running slot healthy while heartbeat and lock are still current","invocations":1,"location":null,"numPassingAsserts":1,"retryReasons":[],"status":"passed","title":"keeps a running slot healthy while heartbeat and lock are still current"},{"ancestorTitles":["SessionCleanupExecutionService"],"duration":70,"failureDetails":[],"failureMessages":[],"fullName":"SessionCleanupExecutionService classifies a running slot as stuck when the execution heartbeat is stale and the lease is expired","invocations":1,"location":null,"numPassingAsserts":1,"retryReasons":[],"status":"passed","title":"classifies a running slot as stuck when the execution heartbeat is stale and the lease is expired"}],"endTime":1774296129544,"message":"","name":"D:\\Usuarios\\Servidor\\GORInformatica\\Documents\\GitHub\\Projeto-menu-multitenant-seguro\\apps\\backend\\src\\common\\services\\session-cleanup-execution.service.spec.ts","startTime":1774296128313,"status":"passed","summary":""},{"assertionResults":[{"ancestorTitles":["Critical endpoints regression guard"],"duration":1,"failureDetails":[],"failureMessages":[],"fullName":"Critical endpoints regression guard fails when a mutating critical-controller route is added without explicit classification","invocations":1,"location":null,"numPassingAsserts":1,"retryReasons":[],"status":"passed","title":"fails when a mutating critical-controller route is added without explicit classification"},{"ancestorTitles":["Critical endpoints regression guard"],"duration":9,"failureDetails":[],"failureMessages":[],"fullName":"Critical endpoints regression guard keeps all classified critical routes behind dynamic CriticalRateLimit metadata","invocations":1,"location":null,"numPassingAsserts":45,"retryReasons":[],"status":"passed","title":"keeps all classified critical routes behind dynamic CriticalRateLimit metadata"}],"endTime":1774296130425,"message":"","name":"D:\\Usuarios\\Servidor\\GORInformatica\\Documents\\GitHub\\Projeto-menu-multitenant-seguro\\apps\\backend\\src\\security-regression\\critical-endpoints.regression.spec.ts","startTime":1774296129552,"status":"passed","summary":""},{"assertionResults":[{"ancestorTitles":["default users seed hardening"],"duration":1,"failureDetails":[],"failureMessages":[],"fullName":"default users seed hardening runs system-config before creating default users","invocations":1,"location":null,"numPassingAsserts":1,"retryReasons":[],"status":"passed","title":"runs system-config before creating default users"},{"ancestorTitles":["default users seed hardening"],"duration":1,"failureDetails":[],"failureMessages":[],"fullName":"default users seed hardening never falls back to the weak hardcoded admin123 password","invocations":1,"location":null,"numPassingAsserts":6,"retryReasons":[],"status":"passed","title":"never falls back to the weak hardcoded admin123 password"},{"ancestorTitles":["default users seed hardening"],"duration":12,"failureDetails":[],"failureMessages":[],"fullName":"default users seed hardening rejects bootstrap passwords that violate the active security policy","invocations":1,"location":null,"numPassingAsserts":2,"retryReasons":[],"status":"passed","title":"rejects bootstrap passwords that violate the active security policy"},{"ancestorTitles":["default users seed hardening"],"duration":736,"failureDetails":[],"failureMessages":[],"fullName":"default users seed hardening remediates legacy weak default password hashes even without force","invocations":1,"location":null,"numPassingAsserts":3,"retryReasons":[],"status":"passed","title":"remediates legacy weak default password hashes even without force"}],"endTime":1774296131287,"message":"","name":"D:\\Usuarios\\Servidor\\GORInformatica\\Documents\\GitHub\\Projeto-menu-multitenant-seguro\\apps\\backend\\src\\prisma-seed\\default-users.seed.spec.ts","startTime":1774296130430,"status":"passed","summary":""},{"assertionResults":[{"ancestorTitles":["TwoFactorService"],"duration":533,"failureDetails":[],"failureMessages":[],"fullName":"TwoFactorService stores a newly generated secret as pending without overwriting the active secret immediately","invocations":1,"location":null,"numPassingAsserts":4,"retryReasons":[],"status":"passed","title":"stores a newly generated secret as pending without overwriting the active secret immediately"},{"ancestorTitles":["TwoFactorService"],"duration":3,"failureDetails":[],"failureMessages":[],"fullName":"TwoFactorService promotes the pending secret only after a valid token and revokes trusted devices on rotation","invocations":1,"location":null,"numPassingAsserts":3,"retryReasons":[],"status":"passed","title":"promotes the pending secret only after a valid token and revokes trusted devices on rotation"}],"endTime":1774296132187,"message":"","name":"D:\\Usuarios\\Servidor\\GORInformatica\\Documents\\GitHub\\Projeto-menu-multitenant-seguro\\apps\\backend\\src\\auth\\two-factor.service.spec.ts","startTime":1774296131291,"status":"passed","summary":""},{"assertionResults":[{"ancestorTitles":["SystemSettingsController HTTP"],"duration":134,"failureDetails":[],"failureMessages":[],"fullName":"SystemSettingsController HTTP permite acesso para SUPER_ADMIN","invocations":1,"location":null,"numPassingAsserts":6,"retryReasons":[],"status":"passed","title":"permite acesso para SUPER_ADMIN"},{"ancestorTitles":["SystemSettingsController HTTP"],"duration":21,"failureDetails":[],"failureMessages":[],"fullName":"SystemSettingsController HTTP retorna 403 para usuario sem permissao","invocations":1,"location":null,"numPassingAsserts":0,"retryReasons":[],"status":"passed","title":"retorna 403 para usuario sem permissao"},{"ancestorTitles":["SystemSettingsController HTTP"],"duration":17,"failureDetails":[],"failureMessages":[],"fullName":"SystemSettingsController HTTP explicita no contrato HTTP administrativo o escopo real de notifications.push.enabled","invocations":1,"location":null,"numPassingAsserts":1,"retryReasons":[],"status":"passed","title":"explicita no contrato HTTP administrativo o escopo real de notifications.push.enabled"},{"ancestorTitles":["SystemSettingsController HTTP"],"duration":34,"failureDetails":[],"failureMessages":[],"fullName":"SystemSettingsController HTTP permite update apenas para SUPER_ADMIN","invocations":1,"location":null,"numPassingAsserts":2,"retryReasons":[],"status":"passed","title":"permite update apenas para SUPER_ADMIN"},{"ancestorTitles":["SystemSettingsController HTTP"],"duration":16,"failureDetails":[],"failureMessages":[],"fullName":"SystemSettingsController HTTP bloqueia update para usuario sem permissao","invocations":1,"location":null,"numPassingAsserts":0,"retryReasons":[],"status":"passed","title":"bloqueia update para usuario sem permissao"},{"ancestorTitles":["SystemSettingsController HTTP"],"duration":22,"failureDetails":[],"failureMessages":[],"fullName":"SystemSettingsController HTTP permite restore fallback apenas para SUPER_ADMIN","invocations":1,"location":null,"numPassingAsserts":2,"retryReasons":[],"status":"passed","title":"permite restore fallback apenas para SUPER_ADMIN"},{"ancestorTitles":["SystemSettingsController HTTP"],"duration":15,"failureDetails":[],"failureMessages":[],"fullName":"SystemSettingsController HTTP nao expoe endpoint generico de escrita arbitraria","invocations":1,"location":null,"numPassingAsserts":0,"retryReasons":[],"status":"passed","title":"nao expoe endpoint generico de escrita arbitraria"}],"endTime":1774296133005,"message":"","name":"D:\\Usuarios\\Servidor\\GORInformatica\\Documents\\GitHub\\Projeto-menu-multitenant-seguro\\apps\\backend\\src\\system-settings\\system-settings.controller.http.spec.ts","startTime":1774296132193,"status":"passed","summary":""},{"assertionResults":[{"ancestorTitles":["TenantsController dynamic file signature validation"],"duration":13,"failureDetails":[],"failureMessages":[],"fullName":"TenantsController dynamic file signature validation uses the default setting when there is no override and rejects invalid signatures","invocations":1,"location":null,"numPassingAsserts":3,"retryReasons":[],"status":"passed","title":"uses the default setting when there is no override and rejects invalid signatures"},{"ancestorTitles":["TenantsController dynamic file signature validation"],"duration":10,"failureDetails":[],"failureMessages":[],"fullName":"TenantsController dynamic file signature validation falls back to ENV when no database override exists and allows the upload","invocations":1,"location":null,"numPassingAsserts":2,"retryReasons":[],"status":"passed","title":"falls back to ENV when no database override exists and allows the upload"},{"ancestorTitles":["TenantsController dynamic file signature validation"],"duration":16,"failureDetails":[],"failureMessages":[],"fullName":"TenantsController dynamic file signature validation applies a database override and restore fallback without changing the tiny-file guard","invocations":1,"location":null,"numPassingAsserts":5,"retryReasons":[],"status":"passed","title":"applies a database override and restore fallback without changing the tiny-file guard"},{"ancestorTitles":["TenantsController dynamic file signature validation"],"duration":10,"failureDetails":[],"failureMessages":[],"fullName":"TenantsController dynamic file signature validation keeps fail-open behavior when the database is unavailable by using ENV fallback","invocations":1,"location":null,"numPassingAsserts":2,"retryReasons":[],"status":"passed","title":"keeps fail-open behavior when the database is unavailable by using ENV fallback"}],"endTime":1774296133705,"message":"","name":"D:\\Usuarios\\Servidor\\GORInformatica\\Documents\\GitHub\\Projeto-menu-multitenant-seguro\\apps\\backend\\src\\tenants\\tenants.dynamic-settings.spec.ts","startTime":1774296133009,"status":"passed","summary":""},{"assertionResults":[{"ancestorTitles":["CronService"],"duration":3,"failureDetails":[],"failureMessages":[],"fullName":"CronService shows persisted jobs that are missing runtime registration","invocations":1,"location":null,"numPassingAsserts":2,"retryReasons":[],"status":"passed","title":"shows persisted jobs that are missing runtime registration"},{"ancestorTitles":["CronService"],"duration":21,"failureDetails":[],"failureMessages":[],"fullName":"CronService updates heartbeat when a registered job is triggered manually","invocations":1,"location":null,"numPassingAsserts":3,"retryReasons":[],"status":"passed","title":"updates heartbeat when a registered job is triggered manually"},{"ancestorTitles":["CronService"],"duration":7,"failureDetails":[],"failureMessages":[],"fullName":"CronService dispatches materialized jobs without entering the generic heartbeat or lease lifecycle","invocations":1,"location":null,"numPassingAsserts":6,"retryReasons":[],"status":"passed","title":"dispatches materialized jobs without entering the generic heartbeat or lease lifecycle"},{"ancestorTitles":["CronService"],"duration":20,"failureDetails":[],"failureMessages":[],"fullName":"CronService uses materialized executions as the operational source for runtime snapshots","invocations":1,"location":null,"numPassingAsserts":3,"retryReasons":[],"status":"passed","title":"uses materialized executions as the operational source for runtime snapshots"},{"ancestorTitles":["CronService"],"duration":6,"failureDetails":[],"failureMessages":[],"fullName":"CronService derives lastSucceededAt for materialized jobs from materialized execution history","invocations":1,"location":null,"numPassingAsserts":1,"retryReasons":[],"status":"passed","title":"derives lastSucceededAt for materialized jobs from materialized execution history"},{"ancestorTitles":["CronService"],"duration":6,"failureDetails":[],"failureMessages":[],"fullName":"CronService keeps heartbeat as the operational source for non-materialized runtime snapshots","invocations":1,"location":null,"numPassingAsserts":2,"retryReasons":[],"status":"passed","title":"keeps heartbeat as the operational source for non-materialized runtime snapshots"},{"ancestorTitles":["CronService"],"duration":23,"failureDetails":[],"failureMessages":[],"fullName":"CronService acquires and releases the database lease on a successful cycle","invocations":1,"location":null,"numPassingAsserts":10,"retryReasons":[],"status":"passed","title":"acquires and releases the database lease on a successful cycle"},{"ancestorTitles":["CronService"],"duration":12,"failureDetails":[],"failureMessages":[],"fullName":"CronService records the cycle as skipped when a valid database lease already exists","invocations":1,"location":null,"numPassingAsserts":6,"retryReasons":[],"status":"passed","title":"records the cycle as skipped when a valid database lease already exists"},{"ancestorTitles":["CronService"],"duration":12,"failureDetails":[],"failureMessages":[],"fullName":"CronService records the cycle as skipped when the cycle lock is denied before execution","invocations":1,"location":null,"numPassingAsserts":4,"retryReasons":[],"status":"passed","title":"records the cycle as skipped when the cycle lock is denied before execution"},{"ancestorTitles":["CronService"],"duration":11,"failureDetails":[],"failureMessages":[],"fullName":"CronService records the cycle as skipped when the heartbeat exclusive guard rejects the cycle","invocations":1,"location":null,"numPassingAsserts":2,"retryReasons":[],"status":"passed","title":"records the cycle as skipped when the heartbeat exclusive guard rejects the cycle"},{"ancestorTitles":["CronService"],"duration":65,"failureDetails":[],"failureMessages":[],"fullName":"CronService marks the cycle as failed if the completed lease cannot be released safely","invocations":1,"location":null,"numPassingAsserts":5,"retryReasons":[],"status":"passed","title":"marks the cycle as failed if the completed lease cannot be released safely"},{"ancestorTitles":["CronService"],"duration":16,"failureDetails":[],"failureMessages":[],"fullName":"CronService persists a superseded terminal fallback when markSuccess loses ownership","invocations":1,"location":null,"numPassingAsserts":3,"retryReasons":[],"status":"passed","title":"persists a superseded terminal fallback when markSuccess loses ownership"},{"ancestorTitles":["CronService"],"duration":18,"failureDetails":[],"failureMessages":[],"fullName":"CronService falls back to failed heartbeat persistence when markSuccess hits database_error","invocations":1,"location":null,"numPassingAsserts":3,"retryReasons":[],"status":"passed","title":"falls back to failed heartbeat persistence when markSuccess hits database_error"},{"ancestorTitles":["CronService"],"duration":17,"failureDetails":[],"failureMessages":[],"fullName":"CronService persists a superseded terminal fallback when markFailure loses ownership","invocations":1,"location":null,"numPassingAsserts":2,"retryReasons":[],"status":"passed","title":"persists a superseded terminal fallback when markFailure loses ownership"},{"ancestorTitles":["CronService"],"duration":15,"failureDetails":[],"failureMessages":[],"fullName":"CronService aborts stale execution when fencing token ownership is lost during callback processing","invocations":1,"location":null,"numPassingAsserts":5,"retryReasons":[],"status":"passed","title":"aborts stale execution when fencing token ownership is lost during callback processing"}],"endTime":1774296134303,"message":"","name":"D:\\Usuarios\\Servidor\\GORInformatica\\Documents\\GitHub\\Projeto-menu-multitenant-seguro\\apps\\backend\\src\\core\\cron\\cron.service.spec.ts","startTime":1774296133710,"status":"passed","summary":""},{"assertionResults":[{"ancestorTitles":["SystemSettingsModule boot integration"],"duration":101,"failureDetails":[],"failureMessages":[],"fullName":"SystemSettingsModule boot integration sobe com ENV apenas","invocations":1,"location":null,"numPassingAsserts":1,"retryReasons":[],"status":"passed","title":"sobe com ENV apenas"},{"ancestorTitles":["SystemSettingsModule boot integration"],"duration":11,"failureDetails":[],"failureMessages":[],"fullName":"SystemSettingsModule boot integration sobe com system_settings vazio","invocations":1,"location":null,"numPassingAsserts":1,"retryReasons":[],"status":"passed","title":"sobe com system_settings vazio"},{"ancestorTitles":["SystemSettingsModule boot integration"],"duration":10,"failureDetails":[],"failureMessages":[],"fullName":"SystemSettingsModule boot integration sobe com falha no bootstrap","invocations":1,"location":null,"numPassingAsserts":1,"retryReasons":[],"status":"passed","title":"sobe com falha no bootstrap"}],"endTime":1774296134876,"message":"","name":"D:\\Usuarios\\Servidor\\GORInformatica\\Documents\\GitHub\\Projeto-menu-multitenant-seguro\\apps\\backend\\src\\system-settings\\system-settings.module.spec.ts","startTime":1774296134309,"status":"passed","summary":""},{"assertionResults":[{"ancestorTitles":["NotificationsController configuration-aware contracts"],"duration":1,"failureDetails":[],"failureMessages":[],"fullName":"NotificationsController configuration-aware contracts returns explicit configuration metadata when manual notification creation is allowed","invocations":1,"location":null,"numPassingAsserts":3,"retryReasons":[],"status":"passed","title":"returns explicit configuration metadata when manual notification creation is allowed"},{"ancestorTitles":["NotificationsController configuration-aware contracts"],"duration":0,"failureDetails":[],"failureMessages":[],"fullName":"NotificationsController configuration-aware contracts returns explicit suppression metadata and skips gateway emission when notifications are disabled","invocations":1,"location":null,"numPassingAsserts":3,"retryReasons":[],"status":"passed","title":"returns explicit suppression metadata and skips gateway emission when notifications are disabled"},{"ancestorTitles":["NotificationsController configuration-aware contracts"],"duration":0,"failureDetails":[],"failureMessages":[],"fullName":"NotificationsController configuration-aware contracts returns explicit suppression metadata for broadcast when notifications are disabled","invocations":1,"location":null,"numPassingAsserts":2,"retryReasons":[],"status":"passed","title":"returns explicit suppression metadata for broadcast when notifications are disabled"},{"ancestorTitles":["NotificationsController configuration-aware contracts"],"duration":1,"failureDetails":[],"failureMessages":[],"fullName":"NotificationsController configuration-aware contracts keeps zero-count broadcast distinguishable from disabled state when notifications are enabled","invocations":1,"location":null,"numPassingAsserts":2,"retryReasons":[],"status":"passed","title":"keeps zero-count broadcast distinguishable from disabled state when notifications are enabled"}],"endTime":1774296135434,"message":"","name":"D:\\Usuarios\\Servidor\\GORInformatica\\Documents\\GitHub\\Projeto-menu-multitenant-seguro\\apps\\backend\\src\\notifications\\notifications.controller.spec.ts","startTime":1774296134880,"status":"passed","summary":""},{"assertionResults":[{"ancestorTitles":["SystemJobWatchdogService"],"duration":2,"failureDetails":[],"failureMessages":[],"fullName":"SystemJobWatchdogService registers the watchdog evaluator in the dynamic cron runtime","invocations":1,"location":null,"numPassingAsserts":1,"retryReasons":[],"status":"passed","title":"registers the watchdog evaluator in the dynamic cron runtime"},{"ancestorTitles":["SystemJobWatchdogService"],"duration":46,"failureDetails":[],"failureMessages":[],"fullName":"SystemJobWatchdogService emits a critical alert for a stale direct job and respects cooldown","invocations":1,"location":null,"numPassingAsserts":1,"retryReasons":[],"status":"passed","title":"emits a critical alert for a stale direct job and respects cooldown"},{"ancestorTitles":["SystemJobWatchdogService"],"duration":13,"failureDetails":[],"failureMessages":[],"fullName":"SystemJobWatchdogService emits a critical alert for a materialized session cleanup slot that was never created","invocations":1,"location":null,"numPassingAsserts":3,"retryReasons":[],"status":"passed","title":"emits a critical alert for a materialized session cleanup slot that was never created"},{"ancestorTitles":["SystemJobWatchdogService"],"duration":12,"failureDetails":[],"failureMessages":[],"fullName":"SystemJobWatchdogService emits a critical alert for a materialized session cleanup execution that is stuck","invocations":1,"location":null,"numPassingAsserts":1,"retryReasons":[],"status":"passed","title":"emits a critical alert for a materialized session cleanup execution that is stuck"},{"ancestorTitles":["SystemJobWatchdogService"],"duration":12,"failureDetails":[],"failureMessages":[],"fullName":"SystemJobWatchdogService uses the materialized execution as source of truth for session cleanup instead of the stale aggregate heartbeat","invocations":1,"location":null,"numPassingAsserts":3,"retryReasons":[],"status":"passed","title":"uses the materialized execution as source of truth for session cleanup instead of the stale aggregate heartbeat"},{"ancestorTitles":["SystemJobWatchdogService"],"duration":11,"failureDetails":[],"failureMessages":[],"fullName":"SystemJobWatchdogService emits a warning for repeated failures without push","invocations":1,"location":null,"numPassingAsserts":1,"retryReasons":[],"status":"passed","title":"emits a warning for repeated failures without push"},{"ancestorTitles":["SystemJobWatchdogService"],"duration":1,"failureDetails":[],"failureMessages":[],"fullName":"SystemJobWatchdogService skips evaluation while cron jobs are paused for maintenance","invocations":1,"location":null,"numPassingAsserts":2,"retryReasons":[],"status":"passed","title":"skips evaluation while cron jobs are paused for maintenance"},{"ancestorTitles":["SystemJobWatchdogService"],"duration":1,"failureDetails":[],"failureMessages":[],"fullName":"SystemJobWatchdogService skips watchdog execution entirely when the watchdog toggle is disabled","invocations":1,"location":null,"numPassingAsserts":3,"retryReasons":[],"status":"passed","title":"skips watchdog execution entirely when the watchdog toggle is disabled"},{"ancestorTitles":["SystemJobWatchdogService"],"duration":20,"failureDetails":[],"failureMessages":[],"fullName":"SystemJobWatchdogService keeps watchdog execution separate from downstream alert emission","invocations":1,"location":null,"numPassingAsserts":2,"retryReasons":[],"status":"passed","title":"keeps watchdog execution separate from downstream alert emission"}],"endTime":1774296136009,"message":"","name":"D:\\Usuarios\\Servidor\\GORInformatica\\Documents\\GitHub\\Projeto-menu-multitenant-seguro\\apps\\backend\\src\\common\\services\\system-job-watchdog.service.spec.ts","startTime":1774296135445,"status":"passed","summary":""},{"assertionResults":[{"ancestorTitles":["ModuleInstallerController database preparation aliases"],"duration":1,"failureDetails":[],"failureMessages":[],"fullName":"ModuleInstallerController database preparation aliases forwards actor context to the official prepare-database endpoint","invocations":1,"location":null,"numPassingAsserts":1,"retryReasons":[],"status":"passed","title":"forwards actor context to the official prepare-database endpoint"},{"ancestorTitles":["ModuleInstallerController database preparation aliases"],"duration":1,"failureDetails":[],"failureMessages":[],"fullName":"ModuleInstallerController database preparation aliases forwards actor context through every legacy database alias","invocations":1,"location":null,"numPassingAsserts":4,"retryReasons":[],"status":"passed","title":"forwards actor context through every legacy database alias"},{"ancestorTitles":["ModuleInstallerController database preparation aliases"],"duration":13,"failureDetails":[],"failureMessages":[],"fullName":"ModuleInstallerController database preparation aliases keeps mutable module operations blocked by default in production","invocations":1,"location":null,"numPassingAsserts":1,"retryReasons":[],"status":"passed","title":"keeps mutable module operations blocked by default in production"},{"ancestorTitles":["ModuleInstallerController database preparation aliases"],"duration":1,"failureDetails":[],"failureMessages":[],"fullName":"ModuleInstallerController database preparation aliases uses ENV fallback to allow mutable module operations outside development","invocations":1,"location":null,"numPassingAsserts":2,"retryReasons":[],"status":"passed","title":"uses ENV fallback to allow mutable module operations outside development"},{"ancestorTitles":["ModuleInstallerController database preparation aliases"],"duration":1,"failureDetails":[],"failureMessages":[],"fullName":"ModuleInstallerController database preparation aliases returns capability metadata based on the resolved dynamic setting source","invocations":1,"location":null,"numPassingAsserts":1,"retryReasons":[],"status":"passed","title":"returns capability metadata based on the resolved dynamic setting source"},{"ancestorTitles":["ModuleInstallerController database preparation aliases"],"duration":0,"failureDetails":[],"failureMessages":[],"fullName":"ModuleInstallerController database preparation aliases keeps development semantics even when no override is present","invocations":1,"location":null,"numPassingAsserts":1,"retryReasons":[],"status":"passed","title":"keeps development semantics even when no override is present"}],"endTime":1774296136613,"message":"","name":"D:\\Usuarios\\Servidor\\GORInformatica\\Documents\\GitHub\\Projeto-menu-multitenant-seguro\\apps\\backend\\src\\core\\module-installer.controller.spec.ts","startTime":1774296136015,"status":"passed","summary":""},{"assertionResults":[{"ancestorTitles":["SystemDashboardController"],"duration":1,"failureDetails":[],"failureMessages":[],"fullName":"SystemDashboardController protects controller with JWT + roles and restricts operational aggregate to SUPER_ADMIN","invocations":1,"location":null,"numPassingAsserts":4,"retryReasons":[],"status":"passed","title":"protects controller with JWT + roles and restricts operational aggregate to SUPER_ADMIN"},{"ancestorTitles":["SystemDashboardController"],"duration":1,"failureDetails":[],"failureMessages":[],"fullName":"SystemDashboardController delegates dashboard query with parsed period","invocations":1,"location":null,"numPassingAsserts":1,"retryReasons":[],"status":"passed","title":"delegates dashboard query with parsed period"},{"ancestorTitles":["SystemDashboardController"],"duration":1,"failureDetails":[],"failureMessages":[],"fullName":"SystemDashboardController loads and saves layout using actor context","invocations":1,"location":null,"numPassingAsserts":2,"retryReasons":[],"status":"passed","title":"loads and saves layout using actor context"},{"ancestorTitles":["SystemDashboardController"],"duration":1,"failureDetails":[],"failureMessages":[],"fullName":"SystemDashboardController loads module cards using actor context","invocations":1,"location":null,"numPassingAsserts":1,"retryReasons":[],"status":"passed","title":"loads module cards using actor context"}],"endTime":1774296137163,"message":"","name":"D:\\Usuarios\\Servidor\\GORInformatica\\Documents\\GitHub\\Projeto-menu-multitenant-seguro\\apps\\backend\\src\\dashboard\\system-dashboard.controller.spec.ts","startTime":1774296136618,"status":"passed","summary":""},{"assertionResults":[{"ancestorTitles":["ModuleInstallerService module lifecycle and npm dependencies"],"duration":13,"failureDetails":[],"failureMessages":[],"fullName":"ModuleInstallerService module lifecycle and npm dependencies uses prepareModuleDatabase as the official pipeline and records actor context","invocations":1,"location":null,"numPassingAsserts":5,"retryReasons":[],"status":"passed","title":"uses prepareModuleDatabase as the official pipeline and records actor context"},{"ancestorTitles":["ModuleInstallerService module lifecycle and npm dependencies"],"duration":3,"failureDetails":[],"failureMessages":[],"fullName":"ModuleInstallerService module lifecycle and npm dependencies keeps legacy database methods delegating to the official pipeline","invocations":1,"location":null,"numPassingAsserts":4,"retryReasons":[],"status":"passed","title":"keeps legacy database methods delegating to the official pipeline"},{"ancestorTitles":["ModuleInstallerService module lifecycle and npm dependencies"],"duration":77,"failureDetails":[],"failureMessages":[],"fullName":"ModuleInstallerService module lifecycle and npm dependencies blocks activation when manifest integrity is invalid","invocations":1,"location":null,"numPassingAsserts":1,"retryReasons":[],"status":"passed","title":"blocks activation when manifest integrity is invalid"},{"ancestorTitles":["ModuleInstallerService module lifecycle and npm dependencies"],"duration":5,"failureDetails":[],"failureMessages":[],"fullName":"ModuleInstallerService module lifecycle and npm dependencies treats disabled dependencies as not satisfied during database preparation","invocations":1,"location":null,"numPassingAsserts":2,"retryReasons":[],"status":"passed","title":"treats disabled dependencies as not satisfied during database preparation"},{"ancestorTitles":["ModuleInstallerService module lifecycle and npm dependencies"],"duration":9,"failureDetails":[],"failureMessages":[],"fullName":"ModuleInstallerService module lifecycle and npm dependencies blocks unsafe pending seeds with plain INSERT","invocations":1,"location":null,"numPassingAsserts":1,"retryReasons":[],"status":"passed","title":"blocks unsafe pending seeds with plain INSERT"},{"ancestorTitles":["ModuleInstallerService module lifecycle and npm dependencies"],"duration":7,"failureDetails":[],"failureMessages":[],"fullName":"ModuleInstallerService module lifecycle and npm dependencies installs uploaded module without npm dependencies and marks dependencies_installed","invocations":1,"location":null,"numPassingAsserts":3,"retryReasons":[],"status":"passed","title":"installs uploaded module without npm dependencies and marks dependencies_installed"},{"ancestorTitles":["ModuleInstallerService module lifecycle and npm dependencies"],"duration":5,"failureDetails":[],"failureMessages":[],"fullName":"ModuleInstallerService module lifecycle and npm dependencies accepts valid npmDependencies from module upload and forwards normalized dependencies","invocations":1,"location":null,"numPassingAsserts":1,"retryReasons":[],"status":"passed","title":"accepts valid npmDependencies from module upload and forwards normalized dependencies"},{"ancestorTitles":["ModuleInstallerService module lifecycle and npm dependencies"],"duration":13,"failureDetails":[],"failureMessages":[],"fullName":"ModuleInstallerService module lifecycle and npm dependencies blocks upload when module declares invalid npm dependency version","invocations":1,"location":null,"numPassingAsserts":2,"retryReasons":[],"status":"passed","title":"blocks upload when module declares invalid npm dependency version"},{"ancestorTitles":["ModuleInstallerService module lifecycle and npm dependencies"],"duration":4,"failureDetails":[],"failureMessages":[],"fullName":"ModuleInstallerService module lifecycle and npm dependencies marks module as dependency_conflict when npm conflict is reported by sync stage","invocations":1,"location":null,"numPassingAsserts":3,"retryReasons":[],"status":"passed","title":"marks module as dependency_conflict when npm conflict is reported by sync stage"}],"endTime":1774296137610,"message":"","name":"D:\\Usuarios\\Servidor\\GORInformatica\\Documents\\GitHub\\Projeto-menu-multitenant-seguro\\apps\\backend\\src\\core\\module-installer.service.spec.ts","startTime":1774296137167,"status":"passed","summary":""},{"assertionResults":[{"ancestorTitles":["ModuleInstallerController dynamic settings integration"],"duration":15,"failureDetails":[],"failureMessages":[],"fullName":"ModuleInstallerController dynamic settings integration applies a panel override to the real module upload consumer and restores the default fallback","invocations":1,"location":null,"numPassingAsserts":6,"retryReasons":[],"status":"passed","title":"applies a panel override to the real module upload consumer and restores the default fallback"},{"ancestorTitles":["ModuleInstallerController dynamic settings integration"],"duration":1,"failureDetails":[],"failureMessages":[],"fullName":"ModuleInstallerController dynamic settings integration falls back to ENV when no override is present and restore returns to ENV beneath a database override","invocations":1,"location":null,"numPassingAsserts":4,"retryReasons":[],"status":"passed","title":"falls back to ENV when no override is present and restore returns to ENV beneath a database override"},{"ancestorTitles":["ModuleInstallerController dynamic settings integration"],"duration":1,"failureDetails":[],"failureMessages":[],"fullName":"ModuleInstallerController dynamic settings integration keeps fail-open behavior when the database is unavailable","invocations":1,"location":null,"numPassingAsserts":3,"retryReasons":[],"status":"passed","title":"keeps fail-open behavior when the database is unavailable"}],"endTime":1774296138120,"message":"","name":"D:\\Usuarios\\Servidor\\GORInformatica\\Documents\\GitHub\\Projeto-menu-multitenant-seguro\\apps\\backend\\src\\core\\module-installer.dynamic-settings.spec.ts","startTime":1774296137615,"status":"passed","summary":""},{"assertionResults":[{"ancestorTitles":["SystemJobWatchdogService dynamic watchdog toggle"],"duration":34,"failureDetails":[],"failureMessages":[],"fullName":"SystemJobWatchdogService dynamic watchdog toggle uses the default setting to keep the watchdog running","invocations":1,"location":null,"numPassingAsserts":3,"retryReasons":[],"status":"passed","title":"uses the default setting to keep the watchdog running"},{"ancestorTitles":["SystemJobWatchdogService dynamic watchdog toggle"],"duration":3,"failureDetails":[],"failureMessages":[],"fullName":"SystemJobWatchdogService dynamic watchdog toggle falls back to ENV when no database override exists","invocations":1,"location":null,"numPassingAsserts":3,"retryReasons":[],"status":"passed","title":"falls back to ENV when no database override exists"},{"ancestorTitles":["SystemJobWatchdogService dynamic watchdog toggle"],"duration":32,"failureDetails":[],"failureMessages":[],"fullName":"SystemJobWatchdogService dynamic watchdog toggle applies a database override and restores the env fallback","invocations":1,"location":null,"numPassingAsserts":6,"retryReasons":[],"status":"passed","title":"applies a database override and restores the env fallback"},{"ancestorTitles":["SystemJobWatchdogService dynamic watchdog toggle"],"duration":69,"failureDetails":[],"failureMessages":[],"fullName":"SystemJobWatchdogService dynamic watchdog toggle keeps fail-open behavior when the dynamic settings store is unavailable","invocations":1,"location":null,"numPassingAsserts":5,"retryReasons":[],"status":"passed","title":"keeps fail-open behavior when the dynamic settings store is unavailable"}],"endTime":1774296138730,"message":"","name":"D:\\Usuarios\\Servidor\\GORInformatica\\Documents\\GitHub\\Projeto-menu-multitenant-seguro\\apps\\backend\\src\\common\\services\\system-job-watchdog.dynamic-settings.spec.ts","startTime":1774296138124,"status":"passed","summary":""},{"assertionResults":[{"ancestorTitles":["SystemSettingsController"],"duration":1,"failureDetails":[],"failureMessages":[],"fullName":"SystemSettingsController protege endpoint com JWT + role SUPER_ADMIN","invocations":1,"location":null,"numPassingAsserts":3,"retryReasons":[],"status":"passed","title":"protege endpoint com JWT + role SUPER_ADMIN"},{"ancestorTitles":["SystemSettingsController"],"duration":1,"failureDetails":[],"failureMessages":[],"fullName":"SystemSettingsController delegates listagem ao service dedicado","invocations":1,"location":null,"numPassingAsserts":2,"retryReasons":[],"status":"passed","title":"delegates listagem ao service dedicado"},{"ancestorTitles":["SystemSettingsController"],"duration":0,"failureDetails":[],"failureMessages":[],"fullName":"SystemSettingsController delegates update ao service de escrita whitelistada","invocations":1,"location":null,"numPassingAsserts":2,"retryReasons":[],"status":"passed","title":"delegates update ao service de escrita whitelistada"},{"ancestorTitles":["SystemSettingsController"],"duration":1,"failureDetails":[],"failureMessages":[],"fullName":"SystemSettingsController delegates restore fallback ao service de escrita whitelistada","invocations":1,"location":null,"numPassingAsserts":2,"retryReasons":[],"status":"passed","title":"delegates restore fallback ao service de escrita whitelistada"},{"ancestorTitles":["SystemSettingsController"],"duration":10,"failureDetails":[],"failureMessages":[],"fullName":"SystemSettingsController permite SUPER_ADMIN e bloqueia usuario sem permissao via RolesGuard","invocations":1,"location":null,"numPassingAsserts":2,"retryReasons":[],"status":"passed","title":"permite SUPER_ADMIN e bloqueia usuario sem permissao via RolesGuard"}],"endTime":1774296139269,"message":"","name":"D:\\Usuarios\\Servidor\\GORInformatica\\Documents\\GitHub\\Projeto-menu-multitenant-seguro\\apps\\backend\\src\\system-settings\\system-settings.controller.spec.ts","startTime":1774296138738,"status":"passed","summary":""},{"assertionResults":[{"ancestorTitles":["UsersService security boundaries"],"duration":29,"failureDetails":[],"failureMessages":[],"fullName":"UsersService security boundaries blocks tenant ADMIN from reading a user outside the tenant scope","invocations":1,"location":null,"numPassingAsserts":2,"retryReasons":[],"status":"passed","title":"blocks tenant ADMIN from reading a user outside the tenant scope"},{"ancestorTitles":["UsersService security boundaries"],"duration":3,"failureDetails":[],"failureMessages":[],"fullName":"UsersService security boundaries blocks tenant ADMIN from managing administrative users in the same tenant","invocations":1,"location":null,"numPassingAsserts":1,"retryReasons":[],"status":"passed","title":"blocks tenant ADMIN from managing administrative users in the same tenant"},{"ancestorTitles":["UsersService security boundaries"],"duration":98,"failureDetails":[],"failureMessages":[],"fullName":"UsersService security boundaries increments session version and clears refresh tokens when changing password","invocations":1,"location":null,"numPassingAsserts":4,"retryReasons":[],"status":"passed","title":"increments session version and clears refresh tokens when changing password"},{"ancestorTitles":["UsersService security boundaries"],"duration":2,"failureDetails":[],"failureMessages":[],"fullName":"UsersService security boundaries rejects user creation when the password violates the runtime policy","invocations":1,"location":null,"numPassingAsserts":2,"retryReasons":[],"status":"passed","title":"rejects user creation when the password violates the runtime policy"},{"ancestorTitles":["UsersService security boundaries"],"duration":1,"failureDetails":[],"failureMessages":[],"fullName":"UsersService security boundaries rejects user update when the new password violates the runtime policy","invocations":1,"location":null,"numPassingAsserts":2,"retryReasons":[],"status":"passed","title":"rejects user update when the new password violates the runtime policy"},{"ancestorTitles":["UsersService security boundaries"],"duration":2,"failureDetails":[],"failureMessages":[],"fullName":"UsersService security boundaries allows user update when password is omitted","invocations":1,"location":null,"numPassingAsserts":3,"retryReasons":[],"status":"passed","title":"allows user update when password is omitted"},{"ancestorTitles":["UsersService security boundaries"],"duration":2,"failureDetails":[],"failureMessages":[],"fullName":"UsersService security boundaries treats empty password on update as no password change","invocations":1,"location":null,"numPassingAsserts":3,"retryReasons":[],"status":"passed","title":"treats empty password on update as no password change"},{"ancestorTitles":["UsersService security boundaries"],"duration":16,"failureDetails":[],"failureMessages":[],"fullName":"UsersService security boundaries stores user avatar in a tenant-scoped directory and exposes a public avatar URL","invocations":1,"location":null,"numPassingAsserts":3,"retryReasons":[],"status":"passed","title":"stores user avatar in a tenant-scoped directory and exposes a public avatar URL"},{"ancestorTitles":["UsersService security boundaries"],"duration":13,"failureDetails":[],"failureMessages":[],"fullName":"UsersService security boundaries removes avatar file and clears avatarUrl from profile","invocations":1,"location":null,"numPassingAsserts":2,"retryReasons":[],"status":"passed","title":"removes avatar file and clears avatarUrl from profile"}],"endTime":1774296139740,"message":"","name":"D:\\Usuarios\\Servidor\\GORInformatica\\Documents\\GitHub\\Projeto-menu-multitenant-seguro\\apps\\backend\\src\\users\\users.service.spec.ts","startTime":1774296139279,"status":"passed","summary":""},{"assertionResults":[{"ancestorTitles":["SystemUpdateController platform boundary"],"duration":2,"failureDetails":[],"failureMessages":[],"fullName":"SystemUpdateController platform boundary restricts update and rollback operations to platform SUPER_ADMIN only","invocations":1,"location":null,"numPassingAsserts":3,"retryReasons":[],"status":"passed","title":"restricts update and rollback operations to platform SUPER_ADMIN only"},{"ancestorTitles":["SystemUpdateController platform boundary"],"duration":1,"failureDetails":[],"failureMessages":[],"fullName":"SystemUpdateController platform boundary passes audit context when running a platform update","invocations":1,"location":null,"numPassingAsserts":1,"retryReasons":[],"status":"passed","title":"passes audit context when running a platform update"}],"endTime":1774296140214,"message":"","name":"D:\\Usuarios\\Servidor\\GORInformatica\\Documents\\GitHub\\Projeto-menu-multitenant-seguro\\apps\\backend\\src\\update\\system-update.controller.spec.ts","startTime":1774296139744,"status":"passed","summary":""},{"assertionResults":[{"ancestorTitles":["Password validation regression contract"],"duration":7,"failureDetails":[],"failureMessages":[],"fullName":"Password validation regression contract accepts a strong password in update flow","invocations":1,"location":null,"numPassingAsserts":1,"retryReasons":[],"status":"passed","title":"accepts a strong password in update flow"},{"ancestorTitles":["Password validation regression contract"],"duration":2,"failureDetails":[],"failureMessages":[],"fullName":"Password validation regression contract rejects a weak password in update flow","invocations":1,"location":null,"numPassingAsserts":1,"retryReasons":[],"status":"passed","title":"rejects a weak password in update flow"},{"ancestorTitles":["Password validation regression contract"],"duration":1,"failureDetails":[],"failureMessages":[],"fullName":"Password validation regression contract uses dynamic runtime policy changes from the config source","invocations":1,"location":null,"numPassingAsserts":3,"retryReasons":[],"status":"passed","title":"uses dynamic runtime policy changes from the config source"},{"ancestorTitles":["Password validation regression contract"],"duration":1,"failureDetails":[],"failureMessages":[],"fullName":"Password validation regression contract allows update when password is omitted","invocations":1,"location":null,"numPassingAsserts":2,"retryReasons":[],"status":"passed","title":"allows update when password is omitted"},{"ancestorTitles":["Password validation regression contract"],"duration":1,"failureDetails":[],"failureMessages":[],"fullName":"Password validation regression contract treats empty string as absent only in update flow","invocations":1,"location":null,"numPassingAsserts":3,"retryReasons":[],"status":"passed","title":"treats empty string as absent only in update flow"},{"ancestorTitles":["Password validation regression contract"],"duration":4,"failureDetails":[],"failureMessages":[],"fullName":"Password validation regression contract keeps create flow strict for empty password","invocations":1,"location":null,"numPassingAsserts":1,"retryReasons":[],"status":"passed","title":"keeps create flow strict for empty password"},{"ancestorTitles":["Password validation regression contract"],"duration":1,"failureDetails":[],"failureMessages":[],"fullName":"Password validation regression contract keeps reset flow strict for empty password","invocations":1,"location":null,"numPassingAsserts":1,"retryReasons":[],"status":"passed","title":"keeps reset flow strict for empty password"}],"endTime":1774296140664,"message":"","name":"D:\\Usuarios\\Servidor\\GORInformatica\\Documents\\GitHub\\Projeto-menu-multitenant-seguro\\apps\\backend\\src\\users\\dto\\password-validation.regression.spec.ts","startTime":1774296140219,"status":"passed","summary":""},{"assertionResults":[{"ancestorTitles":["MaintenanceModeGuard"],"duration":3,"failureDetails":[],"failureMessages":[],"fullName":"MaintenanceModeGuard creates MAINTENANCE_BYPASS_USED audit log for SUPER_ADMIN bypass token usage","invocations":1,"location":null,"numPassingAsserts":3,"retryReasons":[],"status":"passed","title":"creates MAINTENANCE_BYPASS_USED audit log for SUPER_ADMIN bypass token usage"},{"ancestorTitles":["MaintenanceModeGuard"],"duration":1,"failureDetails":[],"failureMessages":[],"fullName":"MaintenanceModeGuard allows dashboard read during maintenance for ADMIN token","invocations":1,"location":null,"numPassingAsserts":2,"retryReasons":[],"status":"passed","title":"allows dashboard read during maintenance for ADMIN token"},{"ancestorTitles":["MaintenanceModeGuard"],"duration":1,"failureDetails":[],"failureMessages":[],"fullName":"MaintenanceModeGuard blocks dashboard read during maintenance for USER token","invocations":1,"location":null,"numPassingAsserts":2,"retryReasons":[],"status":"passed","title":"blocks dashboard read during maintenance for USER token"}],"endTime":1774296141113,"message":"","name":"D:\\Usuarios\\Servidor\\GORInformatica\\Documents\\GitHub\\Projeto-menu-multitenant-seguro\\apps\\backend\\src\\maintenance\\maintenance-mode.guard.spec.ts","startTime":1774296140673,"status":"passed","summary":""},{"assertionResults":[{"ancestorTitles":["SystemNotificationsController"],"duration":1,"failureDetails":[],"failureMessages":[],"fullName":"SystemNotificationsController protects endpoint with JWT + roles SUPER_ADMIN","invocations":1,"location":null,"numPassingAsserts":3,"retryReasons":[],"status":"passed","title":"protects endpoint with JWT + roles SUPER_ADMIN"},{"ancestorTitles":["SystemNotificationsController"],"duration":0,"failureDetails":[],"failureMessages":[],"fullName":"SystemNotificationsController parses query and delegates list to notification service","invocations":1,"location":null,"numPassingAsserts":2,"retryReasons":[],"status":"passed","title":"parses query and delegates list to notification service"},{"ancestorTitles":["SystemNotificationsController"],"duration":0,"failureDetails":[],"failureMessages":[],"fullName":"SystemNotificationsController delegates unread count query","invocations":1,"location":null,"numPassingAsserts":2,"retryReasons":[],"status":"passed","title":"delegates unread count query"},{"ancestorTitles":["SystemNotificationsController"],"duration":1,"failureDetails":[],"failureMessages":[],"fullName":"SystemNotificationsController delegates mark read with actor context","invocations":1,"location":null,"numPassingAsserts":2,"retryReasons":[],"status":"passed","title":"delegates mark read with actor context"},{"ancestorTitles":["SystemNotificationsController"],"duration":1,"failureDetails":[],"failureMessages":[],"fullName":"SystemNotificationsController delegates read-all operation","invocations":1,"location":null,"numPassingAsserts":2,"retryReasons":[],"status":"passed","title":"delegates read-all operation"}],"endTime":1774296141543,"message":"","name":"D:\\Usuarios\\Servidor\\GORInformatica\\Documents\\GitHub\\Projeto-menu-multitenant-seguro\\apps\\backend\\src\\notifications\\system-notifications.controller.spec.ts","startTime":1774296141124,"status":"passed","summary":""},{"assertionResults":[{"ancestorTitles":["NotificationGateway websocket hardening"],"duration":4,"failureDetails":[],"failureMessages":[],"fullName":"NotificationGateway websocket hardening keeps websocket emission active when the channel is enabled","invocations":1,"location":null,"numPassingAsserts":3,"retryReasons":[],"status":"passed","title":"keeps websocket emission active when the channel is enabled"},{"ancestorTitles":["NotificationGateway websocket hardening"],"duration":1,"failureDetails":[],"failureMessages":[],"fullName":"NotificationGateway websocket hardening suppresses websocket emission but preserves push delivery when the channel is disabled","invocations":1,"location":null,"numPassingAsserts":5,"retryReasons":[],"status":"passed","title":"suppresses websocket emission but preserves push delivery when the channel is disabled"},{"ancestorTitles":["NotificationGateway websocket hardening"],"duration":1,"failureDetails":[],"failureMessages":[],"fullName":"NotificationGateway websocket hardening rejects new websocket connections when the channel is disabled","invocations":1,"location":null,"numPassingAsserts":2,"retryReasons":[],"status":"passed","title":"rejects new websocket connections when the channel is disabled"},{"ancestorTitles":["NotificationGateway websocket hardening"],"duration":5,"failureDetails":[],"failureMessages":[],"fullName":"NotificationGateway websocket hardening registers authenticated sockets by session and joins tenant-scoped rooms","invocations":1,"location":null,"numPassingAsserts":5,"retryReasons":[],"status":"passed","title":"registers authenticated sockets by session and joins tenant-scoped rooms"},{"ancestorTitles":["NotificationGateway websocket hardening"],"duration":8,"failureDetails":[],"failureMessages":[],"fullName":"NotificationGateway websocket hardening blocks websocket-only interactions when token revalidation fails","invocations":1,"location":null,"numPassingAsserts":4,"retryReasons":[],"status":"passed","title":"blocks websocket-only interactions when token revalidation fails"}],"endTime":1774296141960,"message":"","name":"D:\\Usuarios\\Servidor\\GORInformatica\\Documents\\GitHub\\Projeto-menu-multitenant-seguro\\apps\\backend\\src\\notifications\\notification.gateway.spec.ts","startTime":1774296141547,"status":"passed","summary":""},{"assertionResults":[{"ancestorTitles":["SystemAlertDeliveryService"],"duration":3,"failureDetails":[],"failureMessages":[],"fullName":"SystemAlertDeliveryService delivers push for allowlisted critical system alert actions","invocations":1,"location":null,"numPassingAsserts":2,"retryReasons":[],"status":"passed","title":"delivers push for allowlisted critical system alert actions"},{"ancestorTitles":["SystemAlertDeliveryService"],"duration":2,"failureDetails":[],"failureMessages":[],"fullName":"SystemAlertDeliveryService delivers inbox-only for non-push system alert actions","invocations":1,"location":null,"numPassingAsserts":1,"retryReasons":[],"status":"passed","title":"delivers inbox-only for non-push system alert actions"},{"ancestorTitles":["SystemAlertDeliveryService"],"duration":2,"failureDetails":[],"failureMessages":[],"fullName":"SystemAlertDeliveryService skips delivery for operational alerts already handled by the central alerts service","invocations":1,"location":null,"numPassingAsserts":2,"retryReasons":[],"status":"passed","title":"skips delivery for operational alerts already handled by the central alerts service"},{"ancestorTitles":["SystemAlertDeliveryService"],"duration":2,"failureDetails":[],"failureMessages":[],"fullName":"SystemAlertDeliveryService applies cooldown to repeated legacy critical alerts and re-delivers after the window","invocations":1,"location":null,"numPassingAsserts":2,"retryReasons":[],"status":"passed","title":"applies cooldown to repeated legacy critical alerts and re-delivers after the window"}],"endTime":1774296142373,"message":"","name":"D:\\Usuarios\\Servidor\\GORInformatica\\Documents\\GitHub\\Projeto-menu-multitenant-seguro\\apps\\backend\\src\\notifications\\system-alert-delivery.service.spec.ts","startTime":1774296141964,"status":"passed","summary":""},{"assertionResults":[{"ancestorTitles":["SystemDiagnosticsController"],"duration":1,"failureDetails":[],"failureMessages":[],"fullName":"SystemDiagnosticsController protects diagnostics with JWT + role SUPER_ADMIN","invocations":1,"location":null,"numPassingAsserts":3,"retryReasons":[],"status":"passed","title":"protects diagnostics with JWT + role SUPER_ADMIN"},{"ancestorTitles":["SystemDiagnosticsController"],"duration":1,"failureDetails":[],"failureMessages":[],"fullName":"SystemDiagnosticsController delegates diagnostics query with normalized actor context","invocations":1,"location":null,"numPassingAsserts":1,"retryReasons":[],"status":"passed","title":"delegates diagnostics query with normalized actor context"}],"endTime":1774296142783,"message":"","name":"D:\\Usuarios\\Servidor\\GORInformatica\\Documents\\GitHub\\Projeto-menu-multitenant-seguro\\apps\\backend\\src\\diagnostics\\system-diagnostics.controller.spec.ts","startTime":1774296142382,"status":"passed","summary":""},{"assertionResults":[{"ancestorTitles":["SystemDiagnosticsService"],"duration":5,"failureDetails":[],"failureMessages":[],"fullName":"SystemDiagnosticsService derives a critical overall state when scheduler/runtime and alerts indicate real issues","invocations":1,"location":null,"numPassingAsserts":8,"retryReasons":[],"status":"passed","title":"derives a critical overall state when scheduler/runtime and alerts indicate real issues"},{"ancestorTitles":["SystemDiagnosticsService"],"duration":2,"failureDetails":[],"failureMessages":[],"fullName":"SystemDiagnosticsService reuses existing audit/update/backup sources for the logs section without inventing generic runtime logs","invocations":1,"location":null,"numPassingAsserts":5,"retryReasons":[],"status":"passed","title":"reuses existing audit/update/backup sources for the logs section without inventing generic runtime logs"}],"endTime":1774296143171,"message":"","name":"D:\\Usuarios\\Servidor\\GORInformatica\\Documents\\GitHub\\Projeto-menu-multitenant-seguro\\apps\\backen
[...]
"title":"removes expired sessions in batches until there are no more rows"},{"ancestorTitles":["SessionCleanupProcessorService"],"duration":8,"failureDetails":[],"failureMessages":[],"fullName":"SessionCleanupProcessorService aborts the cleanup when ownership is lost between batches","invocations":1,"location":null,"numPassingAsserts":2,"retryReasons":[],"status":"passed","title":"aborts the cleanup when ownership is lost between batches"}],"endTime":1774296154650,"message":"","name":"D:\\Usuarios\\Servidor\\GORInformatica\\Documents\\GitHub\\Projeto-menu-multitenant-seguro\\apps\\backend\\src\\common\\services\\session-cleanup-processor.service.spec.ts","startTime":1774296154437,"status":"passed","summary":""},{"assertionResults":[{"ancestorTitles":["WebsocketRuntimeToggleService dynamic websocket toggle"],"duration":2,"failureDetails":[],"failureMessages":[],"fullName":"WebsocketRuntimeToggleService dynamic websocket toggle uses the default value when no override exists","invocations":1,"location":null,"numPassingAsserts":2,"retryReasons":[],"status":"passed","title":"uses the default value when no override exists"},{"ancestorTitles":["WebsocketRuntimeToggleService dynamic websocket toggle"],"duration":1,"failureDetails":[],"failureMessages":[],"fullName":"WebsocketRuntimeToggleService dynamic websocket toggle uses ENV when present and no database override exists","invocations":1,"location":null,"numPassingAsserts":1,"retryReasons":[],"status":"passed","title":"uses ENV when present and no database override exists"},{"ancestorTitles":["WebsocketRuntimeToggleService dynamic websocket toggle"],"duration":1,"failureDetails":[],"failureMessages":[],"fullName":"WebsocketRuntimeToggleService dynamic websocket toggle prefers the database override and restores fallback after cache expiry","invocations":1,"location":null,"numPassingAsserts":3,"retryReasons":[],"status":"passed","title":"prefers the database override and restores fallback after cache expiry"},{"ancestorTitles":["WebsocketRuntimeToggleService dynamic websocket toggle"],"duration":2,"failureDetails":[],"failureMessages":[],"fullName":"WebsocketRuntimeToggleService dynamic websocket toggle fails open to ENV and then default when the dynamic settings store is unavailable","invocations":1,"location":null,"numPassingAsserts":2,"retryReasons":[],"status":"passed","title":"fails open to ENV and then default when the dynamic settings store is unavailable"}],"endTime":1774296154867,"message":"","name":"D:\\Usuarios\\Servidor\\GORInformatica\\Documents\\GitHub\\Projeto-menu-multitenant-seguro\\apps\\backend\\src\\common\\services\\websocket-runtime-toggle.service.spec.ts","startTime":1774296154655,"status":"passed","summary":""},{"assertionResults":[{"ancestorTitles":["ResponseTimeMetricsService"],"duration":1,"failureDetails":[],"failureMessages":[],"fullName":"ResponseTimeMetricsService keeps averages isolated by category","invocations":1,"location":null,"numPassingAsserts":6,"retryReasons":[],"status":"passed","title":"keeps averages isolated by category"},{"ancestorTitles":["ResponseTimeMetricsService"],"duration":7,"failureDetails":[],"failureMessages":[],"fullName":"ResponseTimeMetricsService caps category memory to a bounded sample size","invocations":1,"location":null,"numPassingAsserts":1,"retryReasons":[],"status":"passed","title":"caps category memory to a bounded sample size"},{"ancestorTitles":["ResponseTimeMetricsService"],"duration":1,"failureDetails":[],"failureMessages":[],"fullName":"ResponseTimeMetricsService returns categorized averages snapshot","invocations":1,"location":null,"numPassingAsserts":3,"retryReasons":[],"status":"passed","title":"returns categorized averages snapshot"},{"ancestorTitles":["ResponseTimeMetricsService"],"duration":1,"failureDetails":[],"failureMessages":[],"fullName":"ResponseTimeMetricsService returns a bounded time series for the requested window","invocations":1,"location":null,"numPassingAsserts":3,"retryReasons":[],"status":"passed","title":"returns a bounded time series for the requested window"},{"ancestorTitles":["ResponseTimeMetricsService"],"duration":1,"failureDetails":[],"failureMessages":[],"fullName":"ResponseTimeMetricsService ignores invalid durations and keeps timestamps monotonic when the clock goes backwards","invocations":1,"location":null,"numPassingAsserts":2,"retryReasons":[],"status":"passed","title":"ignores invalid durations and keeps timestamps monotonic when the clock goes backwards"}],"endTime":1774296155081,"message":"","name":"D:\\Usuarios\\Servidor\\GORInformatica\\Documents\\GitHub\\Projeto-menu-multitenant-seguro\\apps\\backend\\src\\dashboard\\system-response-time-metrics.service.spec.ts","startTime":1774296154871,"status":"passed","summary":""},{"assertionResults":[{"ancestorTitles":["ExecutionLeaseService"],"duration":1,"failureDetails":[],"failureMessages":[],"fullName":"ExecutionLeaseService acquires a lease and returns the active fencing token","invocations":1,"location":null,"numPassingAsserts":1,"retryReasons":[],"status":"passed","title":"acquires a lease and returns the active fencing token"},{"ancestorTitles":["ExecutionLeaseService"],"duration":0,"failureDetails":[],"failureMessages":[],"fullName":"ExecutionLeaseService returns the current lease owner when acquisition is denied","invocations":1,"location":null,"numPassingAsserts":1,"retryReasons":[],"status":"passed","title":"returns the current lease owner when acquisition is denied"},{"ancestorTitles":["ExecutionLeaseService"],"duration":0,"failureDetails":[],"failureMessages":[],"fullName":"ExecutionLeaseService renews a lease only while the same owner, cycle and fencing token still hold it","invocations":1,"location":null,"numPassingAsserts":1,"retryReasons":[],"status":"passed","title":"renews a lease only while the same owner, cycle and fencing token still hold it"},{"ancestorTitles":["ExecutionLeaseService"],"duration":1,"failureDetails":[],"failureMessages":[],"fullName":"ExecutionLeaseService rejects zombie renew with fencing mismatch after takeover","invocations":1,"location":null,"numPassingAsserts":1,"retryReasons":[],"status":"passed","title":"rejects zombie renew with fencing mismatch after takeover"},{"ancestorTitles":["ExecutionLeaseService"],"duration":1,"failureDetails":[],"failureMessages":[],"fullName":"ExecutionLeaseService rejects late release from a stale execution without touching the new owner","invocations":1,"location":null,"numPassingAsserts":1,"retryReasons":[],"status":"passed","title":"rejects late release from a stale execution without touching the new owner"},{"ancestorTitles":["ExecutionLeaseService"],"duration":1,"failureDetails":[],"failureMessages":[],"fullName":"ExecutionLeaseService detects stale execution during explicit ownership checks","invocations":1,"location":null,"numPassingAsserts":1,"retryReasons":[],"status":"passed","title":"detects stale execution during explicit ownership checks"}],"endTime":1774296155293,"message":"","name":"D:\\Usuarios\\Servidor\\GORInformatica\\Documents\\GitHub\\Projeto-menu-multitenant-seguro\\apps\\backend\\src\\core\\cron\\execution-lease.service.spec.ts","startTime":1774296155085,"status":"passed","summary":""},{"assertionResults":[{"ancestorTitles":["PrismaService reconnect"],"duration":2,"failureDetails":[],"failureMessages":[],"fullName":"PrismaService reconnect reconecta apos falhas iniciais","invocations":1,"location":null,"numPassingAsserts":4,"retryReasons":[],"status":"passed","title":"reconecta apos falhas iniciais"},{"ancestorTitles":["PrismaService reconnect"],"duration":1,"failureDetails":[],"failureMessages":[],"fullName":"PrismaService reconnect lanca PrismaReconnectFailed quando reconexao excede timeout","invocations":1,"location":null,"numPassingAsserts":3,"retryReasons":[],"status":"passed","title":"lanca PrismaReconnectFailed quando reconexao excede timeout"}],"endTime":1774296155506,"message":"","name":"D:\\Usuarios\\Servidor\\GORInformatica\\Documents\\GitHub\\Projeto-menu-multitenant-seguro\\apps\\backend\\src\\core\\prisma\\prisma.service.spec.ts","startTime":1774296155298,"status":"passed","summary":""},{"assertionResults":[{"ancestorTitles":["SecurityRuntimeConfigService regression guards"],"duration":2,"failureDetails":[],"failureMessages":[],"fullName":"SecurityRuntimeConfigService regression guards keeps security_config as runtime source of truth for global rate limiting","invocations":1,"location":null,"numPassingAsserts":2,"retryReasons":[],"status":"passed","title":"keeps security_config as runtime source of truth for global rate limiting"},{"ancestorTitles":["SecurityRuntimeConfigService regression guards"],"duration":6,"failureDetails":[],"failureMessages":[],"fullName":"SecurityRuntimeConfigService regression guards creates a safe security_config row when none exists","invocations":1,"location":null,"numPassingAsserts":1,"retryReasons":[],"status":"passed","title":"creates a safe security_config row when none exists"},{"ancestorTitles":["SecurityRuntimeConfigService regression guards"],"duration":0,"failureDetails":[],"failureMessages":[],"fullName":"SecurityRuntimeConfigService regression guards reads critical quotas from security_config without falling back to decorators","invocations":1,"location":null,"numPassingAsserts":1,"retryReasons":[],"status":"passed","title":"reads critical quotas from security_config without falling back to decorators"}],"endTime":1774296155732,"message":"","name":"D:\\Usuarios\\Servidor\\GORInformatica\\Documents\\GitHub\\Projeto-menu-multitenant-seguro\\apps\\backend\\src\\core\\security-config\\security-runtime-config.service.spec.ts","startTime":1774296155515,"status":"passed","summary":""},{"assertionResults":[{"ancestorTitles":["CronJobHeartbeatService"],"duration":2,"failureDetails":[],"failureMessages":[],"fullName":"CronJobHeartbeatService marks a blocked cycle as skipped so the watchdog can see lastStartedAt","invocations":1,"location":null,"numPassingAsserts":1,"retryReasons":[],"status":"passed","title":"marks a blocked cycle as skipped so the watchdog can see lastStartedAt"},{"ancestorTitles":["CronJobHeartbeatService"],"duration":0,"failureDetails":[],"failureMessages":[],"fullName":"CronJobHeartbeatService does not overwrite a running heartbeat owned by another cycle when skip recording loses the race","invocations":1,"location":null,"numPassingAsserts":1,"retryReasons":[],"status":"passed","title":"does not overwrite a running heartbeat owned by another cycle when skip recording loses the race"}],"endTime":1774296155942,"message":"","name":"D:\\Usuarios\\Servidor\\GORInformatica\\Documents\\GitHub\\Projeto-menu-multitenant-seguro\\apps\\backend\\src\\core\\cron\\cron-job-heartbeat.service.spec.ts","startTime":1774296155736,"status":"passed","summary":""},{"assertionResults":[{"ancestorTitles":["class-validator container bridge regression"],"duration":2,"failureDetails":[],"failureMessages":[],"fullName":"class-validator container bridge regression does not throw when inline CustomConstraint is not resolvable in Nest container","invocations":1,"location":null,"numPassingAsserts":2,"retryReasons":[],"status":"passed","title":"does not throw when inline CustomConstraint is not resolvable in Nest container"}],"endTime":1774296156131,"message":"","name":"D:\\Usuarios\\Servidor\\GORInformatica\\Documents\\GitHub\\Projeto-menu-multitenant-seguro\\apps\\backend\\src\\common\\validators\\class-validator-container.regression.spec.ts","startTime":1774296155946,"status":"passed","summary":""},{"assertionResults":[{"ancestorTitles":["system-telemetry.util"],"duration":2,"failureDetails":[],"failureMessages":[],"fullName":"system-telemetry.util normalizes raw api paths without query strings or dynamic ids","invocations":1,"location":null,"numPassingAsserts":3,"retryReasons":[],"status":"passed","title":"normalizes raw api paths without query strings or dynamic ids"},{"ancestorTitles":["system-telemetry.util"],"duration":1,"failureDetails":[],"failureMessages":[],"fullName":"system-telemetry.util prefers the framework route template when available","invocations":1,"location":null,"numPassingAsserts":1,"retryReasons":[],"status":"passed","title":"prefers the framework route template when available"},{"ancestorTitles":["system-telemetry.util"],"duration":0,"failureDetails":[],"failureMessages":[],"fullName":"system-telemetry.util skips noisy internal polling routes from request telemetry","invocations":1,"location":null,"numPassingAsserts":4,"retryReasons":[],"status":"passed","title":"skips noisy internal polling routes from request telemetry"},{"ancestorTitles":["system-telemetry.util"],"duration":1,"failureDetails":[],"failureMessages":[],"fullName":"system-telemetry.util keeps security telemetry on sensitive api routes while still excluding pure noise","invocations":1,"location":null,"numPassingAsserts":3,"retryReasons":[],"status":"passed","title":"keeps security telemetry on sensitive api routes while still excluding pure noise"}],"endTime":1774296156208,"message":"","name":"D:\\Usuarios\\Servidor\\GORInformatica\\Documents\\GitHub\\Projeto-menu-multitenant-seguro\\apps\\backend\\src\\common\\services\\system-telemetry.util.spec.ts","startTime":1774296156134,"status":"passed","summary":""},{"assertionResults":[{"ancestorTitles":["SystemOperationalAlertsService dynamic operations alerts toggle"],"duration":3,"failureDetails":[],"failureMessages":[],"fullName":"SystemOperationalAlertsService dynamic operations alerts toggle uses the default setting to generate operational alerts","invocations":1,"location":null,"numPassingAsserts":5,"retryReasons":[],"status":"passed","title":"uses the default setting to generate operational alerts"},{"ancestorTitles":["SystemOperationalAlertsService dynamic operations alerts toggle"],"duration":2,"failureDetails":[],"failureMessages":[],"fullName":"SystemOperationalAlertsService dynamic operations alerts toggle falls back to ENV when no database override exists","invocations":1,"location":null,"numPassingAsserts":5,"retryReasons":[],"status":"passed","title":"falls back to ENV when no database override exists"},{"ancestorTitles":["SystemOperationalAlertsService dynamic operations alerts toggle"],"duration":2,"failureDetails":[],"failureMessages":[],"fullName":"SystemOperationalAlertsService dynamic operations alerts toggle applies a database override and restores the env fallback","invocations":1,"location":null,"numPassingAsserts":6,"retryReasons":[],"status":"passed","title":"applies a database override and restores the env fallback"},{"ancestorTitles":["SystemOperationalAlertsService dynamic operations alerts toggle"],"duration":2,"failureDetails":[],"failureMessages":[],"fullName":"SystemOperationalAlertsService dynamic operations alerts toggle keeps fail-open behavior when the dynamic settings store is unavailable","invocations":1,"location":null,"numPassingAsserts":5,"retryReasons":[],"status":"passed","title":"keeps fail-open behavior when the dynamic settings store is unavailable"}],"endTime":1774296157122,"message":"","name":"D:\\Usuarios\\Servidor\\GORInformatica\\Documents\\GitHub\\Projeto-menu-multitenant-seguro\\apps\\backend\\src\\common\\services\\system-operational-alerts.dynamic-settings.spec.ts","startTime":1774296156215,"status":"passed","summary":""},{"assertionResults":[{"ancestorTitles":["JwtStrategy session validation"],"duration":61,"failureDetails":[],"failureMessages":[],"fullName":"JwtStrategy session validation rejects a revoked bearer token","invocations":1,"location":null,"numPassingAsserts":2,"retryReasons":[],"status":"passed","title":"rejects a revoked bearer token"},{"ancestorTitles":["JwtStrategy session validation"],"duration":17,"failureDetails":[],"failureMessages":[],"fullName":"JwtStrategy session validation rejects legacy access tokens without a backend session id","invocations":1,"location":null,"numPassingAsserts":1,"retryReasons":[],"status":"passed","title":"rejects legacy access tokens without a backend session id"},{"ancestorTitles":["JwtStrategy session validation"],"duration":17,"failureDetails":[],"failureMessages":[],"fullName":"JwtStrategy session validation rejects stale tokens after session version changes","invocations":1,"location":null,"numPassingAsserts":1,"retryReasons":[],"status":"passed","title":"rejects stale tokens after session version changes"},{"ancestorTitles":["JwtStrategy session validation"],"duration":149,"failureDetails":[],"failureMessages":[],"fullName":"JwtStrategy session validation updates session activity through the backend session ledger","invocations":1,"location":null,"numPassingAsserts":2,"retryReasons":[],"status":"passed","title":"updates session activity through the backend session ledger"}],"endTime":1774296158310,"message":"","name":"D:\\Usuarios\\Servidor\\GORInformatica\\Documents\\GitHub\\Projeto-menu-multitenant-seguro\\apps\\backend\\src\\auth\\strategies\\jwt.strategy.spec.ts","startTime":1774296157132,"status":"passed","summary":""},{"assertionResults":[{"ancestorTitles":["Legacy ordem_servico upload security boundaries"],"duration":null,"failureDetails":[],"failureMessages":[],"fullName":"Legacy ordem_servico upload security boundaries is pending while the ordem_servico module is absent from the current backend tree","invocations":1,"location":null,"numPassingAsserts":0,"retryReasons":[],"status":"pending","title":"is pending while the ordem_servico module is absent from the current backend tree"}],"coverage":{},"endTime":1774296160020,"message":"","name":"D:\\Usuarios\\Servidor\\GORInformatica\\Documents\\GitHub\\Projeto-menu-multitenant-seguro\\apps\\backend\\src\\security\\upload-security.spec.ts","startTime":1774296160020,"status":"skipped","summary":""},{"assertionResults":[{"ancestorTitles":["Legacy ordem_servico permission boundaries"],"duration":null,"failureDetails":[],"failureMessages":[],"fullName":"Legacy ordem_servico permission boundaries is pending while the ordem_servico permission module is absent from the current backend tree","invocations":1,"location":null,"numPassingAsserts":0,"retryReasons":[],"status":"pending","title":"is pending while the ordem_servico permission module is absent from the current backend tree"}],"coverage":{},"endTime":1774296160020,"message":"","name":"D:\\Usuarios\\Servidor\\GORInformatica\\Documents\\GitHub\\Projeto-menu-multitenant-seguro\\apps\\backend\\src\\security\\permission-boundaries.spec.ts","startTime":1774296160020,"status":"skipped","summary":""},{"assertionResults":[{"ancestorTitles":["Legacy http security headers dynamic settings placeholder"],"duration":null,"failureDetails":[],"failureMessages":[],"fullName":"Legacy http security headers dynamic settings placeholder is intentionally empty until the header settings suite is reintroduced","invocations":1,"location":null,"numPassingAsserts":0,"retryReasons":[],"status":"pending","title":"is intentionally empty until the header settings suite is reintroduced"}],"coverage":{},"endTime":1774296160020,"message":"","name":"D:\\Usuarios\\Servidor\\GORInformatica\\Documents\\GitHub\\Projeto-menu-multitenant-seguro\\apps\\backend\\src\\common\\http-security-headers.dynamic-settings.spec.ts","startTime":1774296160020,"status":"skipped","summary":""},{"assertionResults":[{"ancestorTitles":["Legacy backup service placeholder"],"duration":null,"failureDetails":[],"failureMessages":[],"fullName":"Legacy backup service placeholder is intentionally empty until the backup service test harness is restored","invocations":1,"location":null,"numPassingAsserts":0,"retryReasons":[],"status":"pending","title":"is intentionally empty until the backup service test harness is restored"}],"coverage":{},"endTime":1774296160020,"message":"","name":"D:\\Usuarios\\Servidor\\GORInformatica\\Documents\\GitHub\\Projeto-menu-multitenant-seguro\\apps\\backend\\src\\backup\\backup.service.spec.ts","startTime":1774296160020,"status":"skipped","summary":""}],"wasInterrupted":false}
